2026-03-27 13:57:42,106 [INFO] XGBoost device: cuda
2026-03-27 13:57:42,696 [INFO] Dataset type: nfunswnb15
2026-03-27 13:57:42,696 [INFO] X shape: (2390275, 41), num_classes: 10
2026-03-27 13:57:42,696 [INFO] Class names: ['analysis', 'backdoor', 'dos', 'exploits', 'fuzzers', 'generic', 'normal', 'reconnaissance', 'shellcode', 'worms']
2026-03-27 13:57:42,696 [INFO] Family IDs: {0: 'Normal', 1: 'Group1', 2: 'Group2', 3: 'Group3', 4: 'Group4'}
2026-03-27 13:57:42,696 [INFO] NF-UNSW-NB15 detected: using stratified random split.
2026-03-27 13:57:42,708 [WARNING] Skipping group-aware split via pickle['file_groups'] because only 1 unique group is available.
2026-03-27 13:57:42,708 [WARNING] No valid scenario/group/timestamp split with adequate class/family coverage found. Falling back to stratified random split. For CICIDS papers, blocked or scenario-aware splits are preferred.
2026-03-27 13:57:44,030 [INFO] Stratified-random split coverage check passed.
2026-03-27 13:57:44,075 [INFO] 
=== Training baseline single XGBoost ===
2026-03-27 13:57:51,819 [INFO] 
=== Training FAR-MoE ===
2026-03-27 13:57:51,819 [WARNING] Feature view 'timing' is empty; falling back to all features for that view.
2026-03-27 13:57:51,903 [INFO] Training coarse family router...
2026-03-27 13:57:55,168 [INFO] Taxonomy groups:
2026-03-27 13:57:55,168 [INFO]   Normal  : ['normal']
2026-03-27 13:57:55,168 [INFO]   Group1  : ['dos', 'worms']
2026-03-27 13:57:55,168 [INFO]   Group2  : ['analysis', 'reconnaissance']
2026-03-27 13:57:55,168 [INFO]   Group3  : ['exploits', 'fuzzers', 'generic']
2026-03-27 13:57:55,168 [INFO]   Group4  : ['backdoor', 'shellcode']
2026-03-27 13:57:55,168 [INFO] Tail classes: ['worms', 'shellcode', 'backdoor']
2026-03-27 13:57:55,168 [INFO] Training expert [00] Anchor_Global | feature_dim=41 | target_classes=None | extra_negatives=[]
2026-03-27 13:58:02,716 [INFO] Training expert [01] Balanced_Global | feature_dim=41 | target_classes=None | extra_negatives=[]
2026-03-27 13:58:10,306 [INFO] Training expert [02] Tail_Expert | feature_dim=41 | target_classes=[9, 8, 1] | extra_negatives=[0, 3, 4, 5, 7]
2026-03-27 13:58:15,962 [INFO] Training expert [03] Spec_Group1_volume | feature_dim=1 | target_classes=[2, 9] | extra_negatives=[0, 3, 4, 5, 7]
2026-03-27 13:58:16,741 [INFO] Training expert [04] Spec_Group2_timing | feature_dim=41 | target_classes=[0, 7] | extra_negatives=[2, 3, 4, 5, 9]
2026-03-27 13:58:23,175 [INFO] Training expert [05] Spec_Group3_packet | feature_dim=2 | target_classes=[3, 4, 5] | extra_negatives=[0, 2, 7, 9]
2026-03-27 13:58:26,525 [INFO] Training expert [06] Spec_Group4_tcp | feature_dim=3 | target_classes=[1, 8] | extra_negatives=[0, 3, 4, 5, 7]
2026-03-27 13:58:28,415 [INFO] Training expert [07] Rand_1_packet | feature_dim=2 | target_classes=[5, 7] | extra_negatives=[2, 9]
2026-03-27 13:58:30,611 [INFO] Training expert [08] Rand_2_timing | feature_dim=41 | target_classes=[0, 2, 3, 4, 5, 7, 8, 9] | extra_negatives=[]
2026-03-27 13:58:37,487 [INFO] Training expert [09] Rand_3_packet | feature_dim=2 | target_classes=[5, 7, 8] | extra_negatives=[2, 9]
2026-03-27 13:58:40,024 [INFO] Final trained experts:
2026-03-27 13:58:40,024 [INFO]   [00] Anchor_Global            | local_classes=['analysis', 'backdoor', 'dos', 'exploits', 'fuzzers', 'generic', 'normal', 'reconnaissance', 'shellcode', 'worms'] | train_size=1529776 | val_acc=0.9900
2026-03-27 13:58:40,024 [INFO]   [01] Balanced_Global          | local_classes=['analysis', 'backdoor', 'dos', 'exploits', 'fuzzers', 'generic', 'normal', 'reconnaissance', 'shellcode', 'worms'] | train_size=1529776 | val_acc=0.9877
2026-03-27 13:58:40,024 [INFO]   [02] Tail_Expert              | local_classes=['analysis', 'backdoor', 'exploits', 'fuzzers', 'generic', 'normal', 'reconnaissance', 'shellcode', 'worms'] | train_size=1526068 | val_acc=0.9897
2026-03-27 13:58:40,024 [INFO]   [03] Spec_Group1_volume       | local_classes=['analysis', 'dos', 'exploits', 'fuzzers', 'generic', 'normal', 'reconnaissance', 'worms'] | train_size=1527474 | val_acc=0.0022
2026-03-27 13:58:40,024 [INFO]   [04] Spec_Group2_timing       | local_classes=['analysis', 'dos', 'exploits', 'fuzzers', 'generic', 'normal', 'reconnaissance', 'worms'] | train_size=1527474 | val_acc=0.9884
2026-03-27 13:58:40,024 [INFO]   [05] Spec_Group3_packet       | local_classes=['analysis', 'dos', 'exploits', 'fuzzers', 'generic', 'normal', 'reconnaissance', 'worms'] | train_size=1527474 | val_acc=0.9730
2026-03-27 13:58:40,024 [INFO]   [06] Spec_Group4_tcp          | local_classes=['analysis', 'backdoor', 'exploits', 'fuzzers', 'generic', 'normal', 'reconnaissance', 'shellcode'] | train_size=1525963 | val_acc=0.7093
2026-03-27 13:58:40,024 [INFO]   [07] Rand_1_packet            | local_classes=['dos', 'generic', 'normal', 'reconnaissance', 'worms'] | train_size=1491531 | val_acc=0.9823
2026-03-27 13:58:40,024 [INFO]   [08] Rand_2_timing            | local_classes=['analysis', 'dos', 'exploits', 'fuzzers', 'generic', 'normal', 'reconnaissance', 'shellcode', 'worms'] | train_size=1528388 | val_acc=0.9881
2026-03-27 13:58:40,024 [INFO]   [09] Rand_3_packet            | local_classes=['dos', 'generic', 'normal', 'reconnaissance', 'shellcode', 'worms'] | train_size=1492445 | val_acc=0.9816
2026-03-27 13:58:40,024 [INFO] Routing semantics: always include 2 anchor/generalist experts, plus up to 3 additional specialists per sample after OOD filtering.
2026-03-27 13:58:40,024 [INFO] Fitting expert-specific competence models...
2026-03-27 13:58:42,531 [INFO]   [Anchor_Global] val_acc=0.9900 | coef(prior,margin,entropy,ood)=(-7.351, 0.135, -0.759, 0.199)
2026-03-27 13:58:42,812 [INFO]   [Balanced_Global] val_acc=0.9876 | coef(prior,margin,entropy,ood)=(-8.587, -0.609, -1.236, 0.100)
2026-03-27 13:58:43,181 [INFO]   [Tail_Expert] val_acc=0.9875 | coef(prior,margin,entropy,ood)=(-7.069, -4.420, -5.753, -2.105)
2026-03-27 13:58:43,253 [INFO]   [Spec_Group1_volume] val_acc=0.0021 | coef(prior,margin,entropy,ood)=(24.908, -1.054, 1.054, -1.054)
2026-03-27 13:58:43,664 [INFO]   [Spec_Group2_timing] val_acc=0.9871 | coef(prior,margin,entropy,ood)=(0.898, -3.387, -5.690, -1.959)
2026-03-27 13:58:43,955 [INFO]   [Spec_Group3_packet] val_acc=0.9728 | coef(prior,margin,entropy,ood)=(-1.503, -0.842, -2.618, -1.014)
2026-03-27 13:58:44,417 [INFO]   [Spec_Group4_tcp] val_acc=0.7087 | coef(prior,margin,entropy,ood)=(5.167, -26.711, -33.706, -1.324)
2026-03-27 13:58:44,656 [INFO]   [Rand_1_packet] val_acc=0.9582 | coef(prior,margin,entropy,ood)=(-5.883, -1.665, -3.892, 0.147)
2026-03-27 13:58:45,021 [INFO]   [Rand_2_timing] val_acc=0.9876 | coef(prior,margin,entropy,ood)=(-8.075, -0.675, -1.265, -0.154)
2026-03-27 13:58:45,319 [INFO]   [Rand_3_packet] val_acc=0.9581 | coef(prior,margin,entropy,ood)=(-5.059, -1.943, -4.262, 0.154)
2026-03-27 13:58:45,326 [INFO] 
========================================================================
2026-03-27 13:58:45,326 [INFO] FINAL EVALUATION ON TEST SET
2026-03-27 13:58:45,326 [INFO] ========================================================================
2026-03-27 13:58:46,193 [INFO] 
--- Baseline Single XGBoost ---
2026-03-27 13:58:46,193 [INFO] Accuracy: 0.9899 | eval time: 0.87s
2026-03-27 13:58:46,272 [INFO] 
                precision    recall  f1-score   support

      analysis     0.1295    0.3109    0.1829       460
      backdoor     0.3280    0.0945    0.1467       434
           dos     0.3107    0.2882    0.2990      1159
      exploits     0.8072    0.8686    0.8368      6310
       fuzzers     0.8552    0.8485    0.8518      4462
       generic     0.9515    0.8354    0.8897      3312
        normal     0.9984    0.9985    0.9985    459044
reconnaissance     0.9203    0.7860    0.8479      2556
     shellcode     0.8616    0.9614    0.9088       285
         worms     0.8889    0.7273    0.8000        33

      accuracy                         0.9899    478055
     macro avg     0.7051    0.6719    0.6762    478055
  weighted avg     0.9906    0.9899    0.9901    478055

2026-03-27 13:58:49,558 [INFO] 
--- FAR-MoE ---
2026-03-27 13:58:49,558 [INFO] Accuracy: 0.9804 | eval time: 3.29s
2026-03-27 13:58:49,589 [INFO] 
                precision    recall  f1-score   support

      analysis     0.0758    0.0109    0.0190       460
      backdoor     0.8000    0.0092    0.0182       434
           dos     0.1243    0.9206    0.2190      1159
      exploits     0.9144    0.3862    0.5431      6310
       fuzzers     0.7486    0.8064    0.7764      4462
       generic     0.9847    0.7201    0.8319      3312
        normal     1.0000    0.9958    0.9979    459044
reconnaissance     0.9376    0.7117    0.8092      2556
     shellcode     0.6532    0.8526    0.7397       285
         worms     0.1591    0.2121    0.1818        33

      accuracy                         0.9804    478055
     macro avg     0.6398    0.5626    0.5136    478055
  weighted avg     0.9926    0.9804    0.9837    478055

2026-03-27 13:58:49,598 [INFO] Saved expert selection summary to results/logs_tailguard_v9_20260327_135742/expert_selection_summary.csv
2026-03-27 13:58:49,619 [INFO] Saved per-class comparison to results/logs_tailguard_v9_20260327_135742/baseline_vs_moe_per_class.csv
2026-03-27 13:58:49,619 [INFO] 
Total elapsed time: 67.51s
