2026-07-01 16:50:04,695  INFO  Args: {'data_root': '/home/user/.cache/torchvision', 'seed': 42, 'val_ratio': 0.1, 'ood_quantile': 0.05, 'temperature': 1.0, 'epochs': 120, 'patience': 0, 'batch_size': 128, 'test_batch_size': 64, 'lr': 0.1, 'momentum': 0.9, 'weight_decay': 0.0005, 'workers': 0, 'save_train_scores': False, 'max_train': 0, 'max_val': 0, 'max_test': 0, 'max_ood': 0, 'out_root': 'results'}
2026-07-01 16:50:04,760  INFO  Device: cuda
2026-07-01 16:50:06,431  INFO  Loaded CIFAR-10/SVHN: train=45,000 val=5,000 test_id=10,000 test_ood=26,032
2026-07-01 16:50:15,530  INFO  epoch=001 train_loss=1.9773 train_acc=0.3002 val_loss=1.5821 val_acc=0.4254 lr=0.099983 time=8.9s
2026-07-01 16:50:23,147  INFO  epoch=002 train_loss=1.4744 train_acc=0.4612 val_loss=1.3800 val_acc=0.4946 lr=0.099931 time=7.6s
2026-07-01 16:50:30,763  INFO  epoch=003 train_loss=1.2323 train_acc=0.5540 val_loss=1.1182 val_acc=0.5968 lr=0.099846 time=7.6s
2026-07-01 16:50:38,375  INFO  epoch=004 train_loss=1.0133 train_acc=0.6362 val_loss=1.0180 val_acc=0.6476 lr=0.099726 time=7.6s
2026-07-01 16:50:45,996  INFO  epoch=005 train_loss=0.8550 train_acc=0.6971 val_loss=0.8155 val_acc=0.7174 lr=0.099572 time=7.6s
2026-07-01 16:50:53,694  INFO  epoch=006 train_loss=0.7289 train_acc=0.7446 val_loss=0.8360 val_acc=0.7112 lr=0.099384 time=7.7s
2026-07-01 16:51:01,473  INFO  epoch=007 train_loss=0.6398 train_acc=0.7797 val_loss=0.6503 val_acc=0.7762 lr=0.099163 time=7.8s
2026-07-01 16:51:09,302  INFO  epoch=008 train_loss=0.5857 train_acc=0.7964 val_loss=0.6190 val_acc=0.7862 lr=0.098907 time=7.8s
2026-07-01 16:51:17,149  INFO  epoch=009 train_loss=0.5522 train_acc=0.8078 val_loss=0.6271 val_acc=0.7828 lr=0.098618 time=7.8s
2026-07-01 16:51:24,773  INFO  epoch=010 train_loss=0.5154 train_acc=0.8234 val_loss=0.6397 val_acc=0.7752 lr=0.098296 time=7.6s
2026-07-01 16:51:32,400  INFO  epoch=011 train_loss=0.4974 train_acc=0.8286 val_loss=0.5684 val_acc=0.8066 lr=0.097941 time=7.6s
2026-07-01 16:51:40,048  INFO  epoch=012 train_loss=0.4698 train_acc=0.8383 val_loss=0.5816 val_acc=0.8048 lr=0.097553 time=7.6s
2026-07-01 16:51:47,697  INFO  epoch=013 train_loss=0.4574 train_acc=0.8438 val_loss=0.5466 val_acc=0.8114 lr=0.097132 time=7.6s
2026-07-01 16:51:55,420  INFO  epoch=014 train_loss=0.4404 train_acc=0.8498 val_loss=0.4937 val_acc=0.8340 lr=0.096679 time=7.7s
2026-07-01 16:52:03,061  INFO  epoch=015 train_loss=0.4280 train_acc=0.8528 val_loss=0.4849 val_acc=0.8330 lr=0.096194 time=7.6s
2026-07-01 16:52:10,686  INFO  epoch=016 train_loss=0.4145 train_acc=0.8567 val_loss=0.6532 val_acc=0.7822 lr=0.095677 time=7.6s
2026-07-01 16:52:18,313  INFO  epoch=017 train_loss=0.4072 train_acc=0.8595 val_loss=0.4719 val_acc=0.8408 lr=0.095129 time=7.6s
2026-07-01 16:52:25,947  INFO  epoch=018 train_loss=0.3948 train_acc=0.8643 val_loss=0.4787 val_acc=0.8396 lr=0.094550 time=7.6s
2026-07-01 16:52:33,726  INFO  epoch=019 train_loss=0.3879 train_acc=0.8676 val_loss=0.4557 val_acc=0.8484 lr=0.093941 time=7.8s
2026-07-01 16:52:41,456  INFO  epoch=020 train_loss=0.3805 train_acc=0.8697 val_loss=0.5318 val_acc=0.8238 lr=0.093301 time=7.7s
2026-07-01 16:52:49,238  INFO  epoch=021 train_loss=0.3683 train_acc=0.8743 val_loss=0.4260 val_acc=0.8538 lr=0.092632 time=7.8s
2026-07-01 16:52:56,955  INFO  epoch=022 train_loss=0.3601 train_acc=0.8769 val_loss=0.4827 val_acc=0.8394 lr=0.091934 time=7.7s
2026-07-01 16:53:04,579  INFO  epoch=023 train_loss=0.3571 train_acc=0.8779 val_loss=0.4555 val_acc=0.8438 lr=0.091206 time=7.6s
2026-07-01 16:53:12,228  INFO  epoch=024 train_loss=0.3516 train_acc=0.8786 val_loss=0.4863 val_acc=0.8346 lr=0.090451 time=7.6s
2026-07-01 16:53:19,840  INFO  epoch=025 train_loss=0.3436 train_acc=0.8808 val_loss=0.4153 val_acc=0.8644 lr=0.089668 time=7.6s
2026-07-01 16:53:27,475  INFO  epoch=026 train_loss=0.3448 train_acc=0.8806 val_loss=0.5017 val_acc=0.8360 lr=0.088857 time=7.6s
2026-07-01 16:53:35,268  INFO  epoch=027 train_loss=0.3357 train_acc=0.8843 val_loss=0.5829 val_acc=0.8098 lr=0.088020 time=7.8s
2026-07-01 16:53:43,136  INFO  epoch=028 train_loss=0.3277 train_acc=0.8884 val_loss=0.4511 val_acc=0.8522 lr=0.087157 time=7.9s
2026-07-01 16:53:50,980  INFO  epoch=029 train_loss=0.3251 train_acc=0.8890 val_loss=0.4611 val_acc=0.8458 lr=0.086269 time=7.8s
2026-07-01 16:53:58,665  INFO  epoch=030 train_loss=0.3175 train_acc=0.8909 val_loss=0.4381 val_acc=0.8568 lr=0.085355 time=7.7s
2026-07-01 16:54:06,303  INFO  epoch=031 train_loss=0.3141 train_acc=0.8912 val_loss=0.4173 val_acc=0.8600 lr=0.084418 time=7.6s
2026-07-01 16:54:14,106  INFO  epoch=032 train_loss=0.3052 train_acc=0.8949 val_loss=0.3900 val_acc=0.8700 lr=0.083457 time=7.8s
2026-07-01 16:54:21,727  INFO  epoch=033 train_loss=0.3056 train_acc=0.8960 val_loss=0.4071 val_acc=0.8602 lr=0.082472 time=7.6s
2026-07-01 16:54:29,349  INFO  epoch=034 train_loss=0.2966 train_acc=0.8997 val_loss=0.4545 val_acc=0.8502 lr=0.081466 time=7.6s
2026-07-01 16:54:36,979  INFO  epoch=035 train_loss=0.2965 train_acc=0.8978 val_loss=0.4192 val_acc=0.8588 lr=0.080438 time=7.6s
2026-07-01 16:54:44,608  INFO  epoch=036 train_loss=0.2931 train_acc=0.8996 val_loss=0.4722 val_acc=0.8470 lr=0.079389 time=7.6s
2026-07-01 16:54:52,226  INFO  epoch=037 train_loss=0.2918 train_acc=0.8993 val_loss=0.4023 val_acc=0.8674 lr=0.078320 time=7.6s
2026-07-01 16:54:59,838  INFO  epoch=038 train_loss=0.2877 train_acc=0.8996 val_loss=0.4902 val_acc=0.8360 lr=0.077232 time=7.6s
2026-07-01 16:55:07,454  INFO  epoch=039 train_loss=0.2814 train_acc=0.9033 val_loss=0.3975 val_acc=0.8662 lr=0.076125 time=7.6s
2026-07-01 16:55:15,069  INFO  epoch=040 train_loss=0.2755 train_acc=0.9057 val_loss=0.4223 val_acc=0.8560 lr=0.075000 time=7.6s
2026-07-01 16:55:22,895  INFO  epoch=041 train_loss=0.2719 train_acc=0.9065 val_loss=0.3833 val_acc=0.8716 lr=0.073858 time=7.8s
2026-07-01 16:55:30,717  INFO  epoch=042 train_loss=0.2657 train_acc=0.9094 val_loss=0.4748 val_acc=0.8518 lr=0.072700 time=7.8s
2026-07-01 16:55:38,386  INFO  epoch=043 train_loss=0.2663 train_acc=0.9091 val_loss=0.3819 val_acc=0.8726 lr=0.071526 time=7.7s
2026-07-01 16:55:46,106  INFO  epoch=044 train_loss=0.2597 train_acc=0.9115 val_loss=0.4024 val_acc=0.8646 lr=0.070337 time=7.7s
2026-07-01 16:55:53,722  INFO  epoch=045 train_loss=0.2557 train_acc=0.9122 val_loss=0.3741 val_acc=0.8756 lr=0.069134 time=7.6s
2026-07-01 16:56:01,366  INFO  epoch=046 train_loss=0.2555 train_acc=0.9123 val_loss=0.4534 val_acc=0.8510 lr=0.067918 time=7.6s
2026-07-01 16:56:09,234  INFO  epoch=047 train_loss=0.2493 train_acc=0.9145 val_loss=0.4092 val_acc=0.8688 lr=0.066690 time=7.9s
2026-07-01 16:56:16,880  INFO  epoch=048 train_loss=0.2451 train_acc=0.9173 val_loss=0.4502 val_acc=0.8580 lr=0.065451 time=7.6s
2026-07-01 16:56:24,497  INFO  epoch=049 train_loss=0.2380 train_acc=0.9190 val_loss=0.4127 val_acc=0.8706 lr=0.064201 time=7.6s
2026-07-01 16:56:32,123  INFO  epoch=050 train_loss=0.2391 train_acc=0.9162 val_loss=0.3657 val_acc=0.8844 lr=0.062941 time=7.6s
2026-07-01 16:56:39,743  INFO  epoch=051 train_loss=0.2324 train_acc=0.9209 val_loss=0.3509 val_acc=0.8808 lr=0.061672 time=7.6s
2026-07-01 16:56:47,355  INFO  epoch=052 train_loss=0.2278 train_acc=0.9213 val_loss=0.3904 val_acc=0.8748 lr=0.060396 time=7.6s
2026-07-01 16:56:54,969  INFO  epoch=053 train_loss=0.2263 train_acc=0.9222 val_loss=0.3599 val_acc=0.8834 lr=0.059112 time=7.6s
2026-07-01 16:57:02,571  INFO  epoch=054 train_loss=0.2241 train_acc=0.9231 val_loss=0.3728 val_acc=0.8814 lr=0.057822 time=7.6s
2026-07-01 16:57:10,180  INFO  epoch=055 train_loss=0.2153 train_acc=0.9254 val_loss=0.3403 val_acc=0.8900 lr=0.056526 time=7.6s
2026-07-01 16:57:17,799  INFO  epoch=056 train_loss=0.2098 train_acc=0.9278 val_loss=0.3637 val_acc=0.8824 lr=0.055226 time=7.6s
2026-07-01 16:57:25,410  INFO  epoch=057 train_loss=0.2097 train_acc=0.9280 val_loss=0.3608 val_acc=0.8850 lr=0.053923 time=7.6s
2026-07-01 16:57:33,021  INFO  epoch=058 train_loss=0.2033 train_acc=0.9297 val_loss=0.3251 val_acc=0.8942 lr=0.052617 time=7.6s
2026-07-01 16:57:40,643  INFO  epoch=059 train_loss=0.1947 train_acc=0.9334 val_loss=0.3729 val_acc=0.8796 lr=0.051309 time=7.6s
2026-07-01 16:57:48,257  INFO  epoch=060 train_loss=0.1925 train_acc=0.9331 val_loss=0.3505 val_acc=0.8866 lr=0.050000 time=7.6s
2026-07-01 16:57:55,871  INFO  epoch=061 train_loss=0.1881 train_acc=0.9344 val_loss=0.3663 val_acc=0.8836 lr=0.048691 time=7.6s
2026-07-01 16:58:03,488  INFO  epoch=062 train_loss=0.1812 train_acc=0.9374 val_loss=0.3331 val_acc=0.8950 lr=0.047383 time=7.6s
2026-07-01 16:58:11,111  INFO  epoch=063 train_loss=0.1761 train_acc=0.9398 val_loss=0.2916 val_acc=0.9070 lr=0.046077 time=7.6s
2026-07-01 16:58:18,733  INFO  epoch=064 train_loss=0.1739 train_acc=0.9407 val_loss=0.3173 val_acc=0.8964 lr=0.044774 time=7.6s
2026-07-01 16:58:26,343  INFO  epoch=065 train_loss=0.1681 train_acc=0.9430 val_loss=0.2848 val_acc=0.9056 lr=0.043474 time=7.6s
2026-07-01 16:58:33,958  INFO  epoch=066 train_loss=0.1637 train_acc=0.9442 val_loss=0.3242 val_acc=0.8984 lr=0.042178 time=7.6s
2026-07-01 16:58:41,573  INFO  epoch=067 train_loss=0.1636 train_acc=0.9443 val_loss=0.4182 val_acc=0.8700 lr=0.040888 time=7.6s
2026-07-01 16:58:49,191  INFO  epoch=068 train_loss=0.1563 train_acc=0.9466 val_loss=0.3540 val_acc=0.8856 lr=0.039604 time=7.6s
2026-07-01 16:58:56,803  INFO  epoch=069 train_loss=0.1504 train_acc=0.9478 val_loss=0.3624 val_acc=0.8914 lr=0.038328 time=7.6s
2026-07-01 16:59:04,414  INFO  epoch=070 train_loss=0.1418 train_acc=0.9508 val_loss=0.2923 val_acc=0.9088 lr=0.037059 time=7.6s
2026-07-01 16:59:12,051  INFO  epoch=071 train_loss=0.1446 train_acc=0.9511 val_loss=0.3478 val_acc=0.8902 lr=0.035799 time=7.6s
2026-07-01 16:59:19,679  INFO  epoch=072 train_loss=0.1374 train_acc=0.9532 val_loss=0.3311 val_acc=0.8968 lr=0.034549 time=7.6s
2026-07-01 16:59:27,306  INFO  epoch=073 train_loss=0.1298 train_acc=0.9561 val_loss=0.2751 val_acc=0.9156 lr=0.033310 time=7.6s
2026-07-01 16:59:34,932  INFO  epoch=074 train_loss=0.1222 train_acc=0.9577 val_loss=0.3035 val_acc=0.9072 lr=0.032082 time=7.6s
2026-07-01 16:59:42,547  INFO  epoch=075 train_loss=0.1234 train_acc=0.9581 val_loss=0.3466 val_acc=0.8968 lr=0.030866 time=7.6s
2026-07-01 16:59:50,149  INFO  epoch=076 train_loss=0.1121 train_acc=0.9617 val_loss=0.3533 val_acc=0.8924 lr=0.029663 time=7.6s
2026-07-01 16:59:57,772  INFO  epoch=077 train_loss=0.1093 train_acc=0.9629 val_loss=0.3020 val_acc=0.9068 lr=0.028474 time=7.6s
2026-07-01 17:00:05,384  INFO  epoch=078 train_loss=0.1057 train_acc=0.9630 val_loss=0.2954 val_acc=0.9094 lr=0.027300 time=7.6s
2026-07-01 17:00:13,022  INFO  epoch=079 train_loss=0.0981 train_acc=0.9668 val_loss=0.3257 val_acc=0.9060 lr=0.026142 time=7.6s
2026-07-01 17:00:20,638  INFO  epoch=080 train_loss=0.0913 train_acc=0.9688 val_loss=0.2369 val_acc=0.9248 lr=0.025000 time=7.6s
2026-07-01 17:00:28,271  INFO  epoch=081 train_loss=0.0865 train_acc=0.9714 val_loss=0.2663 val_acc=0.9174 lr=0.023875 time=7.6s
2026-07-01 17:00:35,934  INFO  epoch=082 train_loss=0.0828 train_acc=0.9720 val_loss=0.2616 val_acc=0.9214 lr=0.022768 time=7.7s
2026-07-01 17:00:43,605  INFO  epoch=083 train_loss=0.0758 train_acc=0.9743 val_loss=0.2726 val_acc=0.9226 lr=0.021680 time=7.7s
2026-07-01 17:00:51,229  INFO  epoch=084 train_loss=0.0728 train_acc=0.9749 val_loss=0.2824 val_acc=0.9192 lr=0.020611 time=7.6s
2026-07-01 17:00:58,866  INFO  epoch=085 train_loss=0.0675 train_acc=0.9776 val_loss=0.3019 val_acc=0.9140 lr=0.019562 time=7.6s
2026-07-01 17:01:06,496  INFO  epoch=086 train_loss=0.0634 train_acc=0.9784 val_loss=0.2782 val_acc=0.9170 lr=0.018534 time=7.6s
2026-07-01 17:01:14,113  INFO  epoch=087 train_loss=0.0543 train_acc=0.9825 val_loss=0.2697 val_acc=0.9248 lr=0.017528 time=7.6s
2026-07-01 17:01:21,736  INFO  epoch=088 train_loss=0.0543 train_acc=0.9824 val_loss=0.3745 val_acc=0.9000 lr=0.016543 time=7.6s
2026-07-01 17:01:29,372  INFO  epoch=089 train_loss=0.0464 train_acc=0.9851 val_loss=0.2466 val_acc=0.9296 lr=0.015582 time=7.6s
2026-07-01 17:01:37,005  INFO  epoch=090 train_loss=0.0438 train_acc=0.9856 val_loss=0.2549 val_acc=0.9282 lr=0.014645 time=7.6s
2026-07-01 17:01:44,617  INFO  epoch=091 train_loss=0.0376 train_acc=0.9881 val_loss=0.2889 val_acc=0.9230 lr=0.013731 time=7.6s
2026-07-01 17:01:52,226  INFO  epoch=092 train_loss=0.0316 train_acc=0.9899 val_loss=0.2280 val_acc=0.9368 lr=0.012843 time=7.6s
2026-07-01 17:01:59,862  INFO  epoch=093 train_loss=0.0295 train_acc=0.9905 val_loss=0.2297 val_acc=0.9368 lr=0.011980 time=7.6s
2026-07-01 17:02:07,487  INFO  epoch=094 train_loss=0.0243 train_acc=0.9926 val_loss=0.2444 val_acc=0.9360 lr=0.011143 time=7.6s
2026-07-01 17:02:15,098  INFO  epoch=095 train_loss=0.0209 train_acc=0.9940 val_loss=0.2348 val_acc=0.9400 lr=0.010332 time=7.6s
2026-07-01 17:02:22,727  INFO  epoch=096 train_loss=0.0172 train_acc=0.9949 val_loss=0.2486 val_acc=0.9376 lr=0.009549 time=7.6s
2026-07-01 17:02:30,354  INFO  epoch=097 train_loss=0.0139 train_acc=0.9962 val_loss=0.2369 val_acc=0.9418 lr=0.008794 time=7.6s
2026-07-01 17:02:37,980  INFO  epoch=098 train_loss=0.0134 train_acc=0.9964 val_loss=0.2358 val_acc=0.9406 lr=0.008066 time=7.6s
2026-07-01 17:02:45,592  INFO  epoch=099 train_loss=0.0101 train_acc=0.9976 val_loss=0.2113 val_acc=0.9482 lr=0.007368 time=7.6s
2026-07-01 17:02:53,220  INFO  epoch=100 train_loss=0.0082 train_acc=0.9981 val_loss=0.2167 val_acc=0.9470 lr=0.006699 time=7.6s
2026-07-01 17:03:00,854  INFO  epoch=101 train_loss=0.0070 train_acc=0.9984 val_loss=0.2080 val_acc=0.9480 lr=0.006059 time=7.6s
2026-07-01 17:03:08,481  INFO  epoch=102 train_loss=0.0044 train_acc=0.9992 val_loss=0.2061 val_acc=0.9492 lr=0.005450 time=7.6s
2026-07-01 17:03:16,107  INFO  epoch=103 train_loss=0.0046 train_acc=0.9992 val_loss=0.2124 val_acc=0.9460 lr=0.004871 time=7.6s
2026-07-01 17:03:23,729  INFO  epoch=104 train_loss=0.0044 train_acc=0.9992 val_loss=0.2117 val_acc=0.9470 lr=0.004323 time=7.6s
2026-07-01 17:03:31,361  INFO  epoch=105 train_loss=0.0036 train_acc=0.9996 val_loss=0.2069 val_acc=0.9504 lr=0.003806 time=7.6s
2026-07-01 17:03:39,009  INFO  epoch=106 train_loss=0.0033 train_acc=0.9996 val_loss=0.1983 val_acc=0.9512 lr=0.003321 time=7.6s
2026-07-01 17:03:46,652  INFO  epoch=107 train_loss=0.0026 train_acc=0.9998 val_loss=0.1982 val_acc=0.9516 lr=0.002868 time=7.6s
2026-07-01 17:03:54,290  INFO  epoch=108 train_loss=0.0028 train_acc=0.9996 val_loss=0.2008 val_acc=0.9500 lr=0.002447 time=7.6s
2026-07-01 17:04:01,897  INFO  epoch=109 train_loss=0.0027 train_acc=0.9996 val_loss=0.1987 val_acc=0.9524 lr=0.002059 time=7.6s
2026-07-01 17:04:09,528  INFO  epoch=110 train_loss=0.0024 train_acc=0.9998 val_loss=0.1941 val_acc=0.9526 lr=0.001704 time=7.6s
2026-07-01 17:04:17,158  INFO  epoch=111 train_loss=0.0025 train_acc=0.9997 val_loss=0.1940 val_acc=0.9516 lr=0.001382 time=7.6s
2026-07-01 17:04:24,768  INFO  epoch=112 train_loss=0.0022 train_acc=0.9999 val_loss=0.1912 val_acc=0.9526 lr=0.001093 time=7.6s
2026-07-01 17:04:32,388  INFO  epoch=113 train_loss=0.0021 train_acc=0.9999 val_loss=0.1913 val_acc=0.9522 lr=0.000837 time=7.6s
2026-07-01 17:04:40,003  INFO  epoch=114 train_loss=0.0021 train_acc=0.9999 val_loss=0.1898 val_acc=0.9506 lr=0.000616 time=7.6s
2026-07-01 17:04:47,610  INFO  epoch=115 train_loss=0.0022 train_acc=0.9998 val_loss=0.1913 val_acc=0.9516 lr=0.000428 time=7.6s
2026-07-01 17:04:55,237  INFO  epoch=116 train_loss=0.0020 train_acc=1.0000 val_loss=0.1916 val_acc=0.9516 lr=0.000274 time=7.6s
2026-07-01 17:05:02,855  INFO  epoch=117 train_loss=0.0021 train_acc=0.9999 val_loss=0.1911 val_acc=0.9512 lr=0.000154 time=7.6s
2026-07-01 17:05:10,462  INFO  epoch=118 train_loss=0.0020 train_acc=0.9999 val_loss=0.1907 val_acc=0.9520 lr=0.000069 time=7.6s
2026-07-01 17:05:18,072  INFO  epoch=119 train_loss=0.0019 train_acc=1.0000 val_loss=0.1905 val_acc=0.9512 lr=0.000017 time=7.6s
2026-07-01 17:05:25,676  INFO  epoch=120 train_loss=0.0020 train_acc=1.0000 val_loss=0.1907 val_acc=0.9510 lr=0.000000 time=7.6s
2026-07-01 17:05:25,690  INFO  Best validation accuracy=0.9526 at epoch=110
2026-07-01 17:05:25,694  INFO  Training completed in 919.3s
2026-07-01 17:05:25,709  INFO  Collecting streaming energy scores for ID/OOD splits
2026-07-01 17:05:28,928  INFO  Energy threshold calibrated: q=0.0500, threshold=5.3271, scale=1.4921
2026-07-01 17:05:28,928  INFO  Energy gate: test_id in-distribution=0.9679, svhn in-distribution=0.4530
2026-07-01 17:05:28,928  INFO  CIFAR-10 test accuracy=0.9469, macro-F1=0.9469, weighted-F1=0.9469
2026-07-01 17:05:28,928  INFO  OOD AUROC=0.9317, AUPR=0.9672, FPR95=0.2705, OOD_detect@tau=0.5470
2026-07-01 17:05:29,492  INFO  Results: results/20260701_165004_695776_pid17879_cifar10_svhn_resnet18_energy
