2026-04-02 10:16:53,481 [INFO] XGBoost device: cuda
2026-04-02 10:16:53,579 [INFO] Dataset type: unswnb15
2026-04-02 10:16:53,579 [INFO] X shape: (257673, 41), num_classes: 10
2026-04-02 10:16:53,579 [INFO] Class names: ['analysis', 'backdoor', 'dos', 'exploits', 'fuzzers', 'generic', 'normal', 'reconnaissance', 'shellcode', 'worms']
2026-04-02 10:16:53,579 [INFO] Family IDs: {0: 'Normal', 1: 'Group1', 2: 'Group2', 3: 'Group3', 4: 'Group4'}
2026-04-02 10:16:53,579 [WARNING] No valid scenario/group/timestamp split with adequate class/family coverage found. Falling back to stratified random split. For CICIDS papers, blocked or scenario-aware splits are preferred.
2026-04-02 10:16:53,689 [INFO] Stratified-random split coverage check passed.
2026-04-02 10:16:53,723 [INFO] 
=== Training baseline single XGBoost ===
2026-04-02 10:16:56,820 [INFO] 
=== Training FAR-MoE ===
2026-04-02 10:16:56,821 [WARNING] Feature view 'volume' is empty; falling back to all features for that view.
2026-04-02 10:16:56,821 [WARNING] Feature view 'timing' is empty; falling back to all features for that view.
2026-04-02 10:16:56,821 [WARNING] Feature view 'packet' is empty; falling back to all features for that view.
2026-04-02 10:16:56,821 [WARNING] Feature view 'tcp' is empty; falling back to all features for that view.
2026-04-02 10:16:56,830 [INFO] Training coarse family router...
2026-04-02 10:16:57,885 [INFO] Taxonomy groups:
2026-04-02 10:16:57,885 [INFO]   Normal  : ['normal']
2026-04-02 10:16:57,885 [INFO]   Group1  : ['dos', 'worms']
2026-04-02 10:16:57,885 [INFO]   Group2  : ['analysis', 'reconnaissance']
2026-04-02 10:16:57,885 [INFO]   Group3  : ['exploits', 'fuzzers', 'generic']
2026-04-02 10:16:57,885 [INFO]   Group4  : ['backdoor', 'shellcode']
2026-04-02 10:16:57,885 [INFO] Tail classes: ['worms', 'shellcode', 'backdoor']
2026-04-02 10:16:57,885 [INFO] Training expert [00] Anchor_Global | feature_dim=41 | target_classes=None | extra_negatives=[]
2026-04-02 10:17:00,756 [INFO] Training expert [01] Balanced_Global | feature_dim=41 | target_classes=None | extra_negatives=[]
2026-04-02 10:17:03,250 [INFO] Training expert [02] Tail_Expert | feature_dim=41 | target_classes=[9, 8, 1] | extra_negatives=[0, 3, 4, 5, 7]
2026-04-02 10:17:04,448 [INFO] Training expert [03] Spec_Group1_volume | feature_dim=41 | target_classes=[2, 9] | extra_negatives=[0, 3, 4, 5, 7]
2026-04-02 10:17:06,315 [INFO] Training expert [04] Spec_Group2_timing | feature_dim=41 | target_classes=[0, 7] | extra_negatives=[2, 3, 4, 5, 9]
2026-04-02 10:17:08,189 [INFO] Training expert [05] Spec_Group3_packet | feature_dim=41 | target_classes=[3, 4, 5] | extra_negatives=[0, 2, 7, 9]
2026-04-02 10:17:10,451 [INFO] Training expert [06] Spec_Group4_tcp | feature_dim=41 | target_classes=[1, 8] | extra_negatives=[0, 3, 4, 5, 7]
2026-04-02 10:17:12,137 [INFO] Training expert [07] Rand_1_packet | feature_dim=41 | target_classes=[5, 7] | extra_negatives=[2, 9]
2026-04-02 10:17:13,209 [INFO] Training expert [08] Rand_2_timing | feature_dim=41 | target_classes=[0, 2, 3, 4, 5, 7, 8, 9] | extra_negatives=[]
2026-04-02 10:17:15,002 [INFO] Training expert [09] Rand_3_packet | feature_dim=41 | target_classes=[5, 7, 8] | extra_negatives=[2, 9]
2026-04-02 10:17:16,217 [INFO] Final trained experts:
2026-04-02 10:17:16,217 [INFO]   [00] Anchor_Global            | local_classes=['analysis', 'backdoor', 'dos', 'exploits', 'fuzzers', 'generic', 'normal', 'reconnaissance', 'shellcode', 'worms'] | train_size=164910 | val_acc=0.8337
2026-04-02 10:17:16,217 [INFO]   [01] Balanced_Global          | local_classes=['analysis', 'backdoor', 'dos', 'exploits', 'fuzzers', 'generic', 'normal', 'reconnaissance', 'shellcode', 'worms'] | train_size=164910 | val_acc=0.7527
2026-04-02 10:17:16,217 [INFO]   [02] Tail_Expert              | local_classes=['analysis', 'backdoor', 'exploits', 'fuzzers', 'generic', 'normal', 'reconnaissance', 'shellcode', 'worms'] | train_size=154444 | val_acc=0.7609
2026-04-02 10:17:16,217 [INFO]   [03] Spec_Group1_volume       | local_classes=['analysis', 'dos', 'exploits', 'fuzzers', 'generic', 'normal', 'reconnaissance', 'worms'] | train_size=162453 | val_acc=0.7650
2026-04-02 10:17:16,217 [INFO]   [04] Spec_Group2_timing       | local_classes=['analysis', 'dos', 'exploits', 'fuzzers', 'generic', 'normal', 'reconnaissance', 'worms'] | train_size=162453 | val_acc=0.7341
2026-04-02 10:17:16,217 [INFO]   [05] Spec_Group3_packet       | local_classes=['analysis', 'dos', 'exploits', 'fuzzers', 'generic', 'normal', 'reconnaissance', 'worms'] | train_size=162453 | val_acc=0.7716
2026-04-02 10:17:16,217 [INFO]   [06] Spec_Group4_tcp          | local_classes=['analysis', 'backdoor', 'exploits', 'fuzzers', 'generic', 'normal', 'reconnaissance', 'shellcode'] | train_size=154333 | val_acc=0.7693
2026-04-02 10:17:16,217 [INFO]   [07] Rand_1_packet            | local_classes=['dos', 'generic', 'normal', 'reconnaissance', 'worms'] | train_size=116725 | val_acc=0.9725
2026-04-02 10:17:16,217 [INFO]   [08] Rand_2_timing            | local_classes=['analysis', 'dos', 'exploits', 'fuzzers', 'generic', 'normal', 'reconnaissance', 'shellcode', 'worms'] | train_size=163420 | val_acc=0.7588
2026-04-02 10:17:16,217 [INFO]   [09] Rand_3_packet            | local_classes=['dos', 'generic', 'normal', 'reconnaissance', 'shellcode', 'worms'] | train_size=117692 | val_acc=0.9658
2026-04-02 10:17:16,217 [INFO] Routing semantics: always include 2 anchor/generalist experts, plus up to 3 additional specialists per sample after OOD filtering.
2026-04-02 10:17:16,217 [INFO] Fitting expert-specific competence models...
2026-04-02 10:17:16,662 [INFO]   [Anchor_Global] val_acc=0.8298 | coef(prior,margin,entropy,ood)=(0.315, 1.127, -1.077, -0.095)
2026-04-02 10:17:16,673 [INFO]   [Balanced_Global] val_acc=0.7554 | coef(prior,margin,entropy,ood)=(0.713, 0.595, -1.794, -0.086)
2026-04-02 10:17:16,684 [INFO]   [Tail_Expert] val_acc=0.7073 | coef(prior,margin,entropy,ood)=(-1.389, -0.027, -2.361, 0.001)
2026-04-02 10:17:16,697 [INFO]   [Spec_Group1_volume] val_acc=0.7523 | coef(prior,margin,entropy,ood)=(3.722, 0.615, -2.150, -0.747)
2026-04-02 10:17:16,708 [INFO]   [Spec_Group2_timing] val_acc=0.7212 | coef(prior,margin,entropy,ood)=(-1.141, 0.271, -2.248, -0.072)
2026-04-02 10:17:16,720 [INFO]   [Spec_Group3_packet] val_acc=0.7570 | coef(prior,margin,entropy,ood)=(0.737, -0.584, -2.407, -0.024)
2026-04-02 10:17:16,732 [INFO]   [Spec_Group4_tcp] val_acc=0.7142 | coef(prior,margin,entropy,ood)=(-1.495, 0.005, -2.640, -0.287)
2026-04-02 10:17:16,746 [INFO]   [Rand_1_packet] val_acc=0.6880 | coef(prior,margin,entropy,ood)=(-0.425, -2.539, -4.381, -1.035)
2026-04-02 10:17:16,757 [INFO]   [Rand_2_timing] val_acc=0.7491 | coef(prior,margin,entropy,ood)=(1.436, -0.538, -2.868, 0.012)
2026-04-02 10:17:16,773 [INFO]   [Rand_3_packet] val_acc=0.6892 | coef(prior,margin,entropy,ood)=(-0.946, -2.331, -4.208, -1.964)
2026-04-02 10:17:16,773 [INFO] 
========================================================================
2026-04-02 10:17:16,773 [INFO] FINAL EVALUATION ON TEST SET
2026-04-02 10:17:16,773 [INFO] ========================================================================
2026-04-02 10:17:16,876 [INFO] 
--- Baseline Single XGBoost ---
2026-04-02 10:17:16,876 [INFO] Accuracy: 0.8307 | eval time: 0.10s
2026-04-02 10:17:16,885 [INFO] 
                precision    recall  f1-score   support

      analysis     0.9348    0.0804    0.1480       535
      backdoor     0.8000    0.0773    0.1409       466
           dos     0.5249    0.0935    0.1588      3271
      exploits     0.6217    0.9177    0.7413      8905
       fuzzers     0.7036    0.5405    0.6114      4849
       generic     0.9956    0.9816    0.9885     11774
        normal     0.8992    0.9519    0.9248     18600
reconnaissance     0.9223    0.7680    0.8381      2798
     shellcode     0.6096    0.6722    0.6394       302
         worms     0.5667    0.4857    0.5231        35

      accuracy                         0.8307     51535
     macro avg     0.7578    0.5569    0.5714     51535
  weighted avg     0.8299    0.8307    0.8077     51535

2026-04-02 10:17:17,601 [INFO] 
--- FAR-MoE ---
2026-04-02 10:17:17,601 [INFO] Accuracy: 0.8001 | eval time: 0.72s
2026-04-02 10:17:17,611 [INFO] 
                precision    recall  f1-score   support

      analysis     0.2416    0.1738    0.2022       535
      backdoor     0.7647    0.0837    0.1509       466
           dos     0.3370    0.8343    0.4801      3271
      exploits     0.8772    0.5167    0.6503      8905
       fuzzers     0.6561    0.5651    0.6072      4849
       generic     0.9958    0.9807    0.9882     11774
        normal     0.9156    0.9065    0.9110     18600
reconnaissance     0.8295    0.8259    0.8277      2798
     shellcode     0.3980    0.9238    0.5563       302
         worms     0.3855    0.9143    0.5424        35

      accuracy                         0.8001     51535
     macro avg     0.6401    0.6725    0.5916     51535
  weighted avg     0.8497    0.8001    0.8066     51535

2026-04-02 10:17:17,614 [INFO] Saved expert selection summary to results/logs_tailguard_v9_20260402_101653/expert_selection_summary.csv
2026-04-02 10:17:17,621 [INFO] Saved per-class comparison to results/logs_tailguard_v9_20260402_101653/baseline_vs_moe_per_class.csv
2026-04-02 10:17:17,621 [INFO] 
Total elapsed time: 24.14s
