2026-04-17 13:11:36,831 [INFO] XGBoost device: cuda
2026-04-17 13:11:36,831 [INFO] Args: {'data': 'data/unswnb15_proc.pkl', 'seed': 42, 'batch_size': 20000, 'count_threshold': 1000, 'recall_threshold': 0.85, 'neg_ratio': 50, 'no_smote': True, 'model': 2}
2026-04-17 13:11:36,924 [INFO] Dataset: unswnb15 | X=(257673, 41) | classes=10
2026-04-17 13:11:36,925 [INFO] Class distribution:
  [ 0] analysis                               2677
  [ 1] backdoor                               2329
  [ 2] dos                                   16353
  [ 3] exploits                              44525
  [ 4] fuzzers                               24246
  [ 5] generic                               58871
  [ 6] normal                                93000
  [ 7] reconnaissance                        13987
  [ 8] shellcode                              1511
  [ 9] worms                                   174
2026-04-17 13:11:36,925 [INFO] Normal classes: ['normal']
2026-04-17 13:11:36,925 [WARNING] No group/timestamp split available. Falling back to stratified-random split. Note: temporal leakage risk exists for CICIDS datasets.
2026-04-17 13:11:37,067 [INFO] Split sizes — train=154603 val=51535 test=51535
2026-04-17 13:11:37,067 [INFO] === [1/4] Baseline XGBoost 훈련 ===
2026-04-17 13:11:41,823 [INFO]   [Baseline] val_acc=0.8315 | best_iteration=499
2026-04-17 13:11:41,823 [INFO] === [2/4] Tail class 선정 ===
2026-04-17 13:11:41,853 [INFO] Tail class 선정 결과:
2026-04-17 13:11:41,853 [INFO]   기준A (count < 1000): ['shellcode', 'worms']
2026-04-17 13:11:41,853 [INFO]   기준B (val recall < 0.85): ['analysis', 'backdoor', 'dos', 'fuzzers', 'reconnaissance', 'shellcode', 'worms']
2026-04-17 13:11:41,853 [INFO]   최종 tail classes (7개): ['analysis', 'backdoor', 'dos', 'fuzzers', 'reconnaissance', 'shellcode', 'worms']
2026-04-17 13:11:41,854 [INFO]     analysis                       | train_n= 1606 | val_recall=0.075
2026-04-17 13:11:41,854 [INFO]     backdoor                       | train_n= 1397 | val_recall=0.077
2026-04-17 13:11:41,854 [INFO]     dos                            | train_n= 9811 | val_recall=0.118
2026-04-17 13:11:41,854 [INFO]     fuzzers                        | train_n=14548 | val_recall=0.563
2026-04-17 13:11:41,854 [INFO]     reconnaissance                 | train_n= 8392 | val_recall=0.755
2026-04-17 13:11:41,854 [INFO]     shellcode                      | train_n=  907 | val_recall=0.719
2026-04-17 13:11:41,854 [INFO]     worms                          | train_n=  104 | val_recall=0.543
2026-04-17 13:11:41,854 [INFO] === [3/4] Binary Specialist 훈련 (7개) ===
2026-04-17 13:11:41,989 [INFO]   [Specialist:analysis] n_pos=1606 | n_neg_sampled=80300 | smote=False | spw=50.0 | best_iter=8
2026-04-17 13:11:42,108 [INFO]   [Specialist:backdoor] n_pos=1397 | n_neg_sampled=69850 | smote=False | spw=50.0 | best_iter=16
2026-04-17 13:11:42,282 [INFO]   [Specialist:dos] n_pos=9811 | n_neg_sampled=144792 | smote=False | spw=14.8 | best_iter=2
2026-04-17 13:11:42,886 [INFO]   [Specialist:fuzzers] n_pos=14548 | n_neg_sampled=140055 | smote=False | spw=9.6 | best_iter=398
2026-04-17 13:11:43,216 [INFO]   [Specialist:reconnaissance] n_pos=8392 | n_neg_sampled=146211 | smote=False | spw=17.4 | best_iter=149
2026-04-17 13:11:43,582 [INFO]   [Specialist:shellcode] n_pos=907 | n_neg_sampled=45350 | smote=False | spw=50.0 | best_iter=308
2026-04-17 13:11:43,704 [INFO]   [Specialist:worms] n_pos=104 | n_neg_sampled=5200 | smote=False | spw=49.8 | best_iter=91
2026-04-17 13:11:43,704 [INFO] === [4/4] β per-class tuning ===
2026-04-17 13:11:43,771 [INFO]   analysis                       | val_pos= 536 → β=0.50 (val F1=0.2111)
2026-04-17 13:11:43,810 [INFO]   backdoor                       | val_pos= 466 → β=0.50 (val F1=0.2332)
2026-04-17 13:11:43,850 [INFO]   dos                            | val_pos=3271 → β=0.90 (val F1=0.4744)
2026-04-17 13:11:43,894 [INFO]   fuzzers                        | val_pos=4849 → β=0.70 (val F1=0.6623)
2026-04-17 13:11:43,936 [INFO]   reconnaissance                 | val_pos=2797 → β=0.10 (val F1=0.8319)
2026-04-17 13:11:43,980 [INFO]   shellcode                      | val_pos= 302 → β=0.10 (val F1=0.6778)
2026-04-17 13:11:44,022 [INFO]   worms                          | val_pos=  35 → β=0.20 (val F1=0.6087)
2026-04-17 13:11:44,022 [INFO] 
========================================================================
2026-04-17 13:11:44,022 [INFO] FINAL EVALUATION — TEST SET
2026-04-17 13:11:44,022 [INFO] ========================================================================
2026-04-17 13:11:44,146 [INFO] 
  Accuracy :  Baseline = 0.8335 (0.0s)   MoE = 0.8151 (0.1s)
2026-04-17 13:11:44,151 [INFO] 

class            prec(B)  prec(M)  recall(B) recall(M)    f1(B)   f1(M)    support
----------------------------------------------------------------------------------
normal            0.9063   0.9509     0.9513    0.8880   0.9283  0.9184      18600
generic           0.9950   0.9965     0.9820    0.9811   0.9885  0.9887      11774
exploits          0.6273   0.8343     0.9081    0.5771   0.7421  0.6822       8905
fuzzers           0.7142   0.5873     0.5653    0.7793   0.6311  0.6698       4849
dos               0.4806   0.3557     0.1250    0.7823   0.1984  0.4890       3271
reconnaissance    0.9183   0.9115     0.7677    0.7731   0.8363  0.8366       2798
analysis          0.9608   0.9273     0.0916    0.0953   0.1672  0.1729        535
backdoor          0.7917   0.8182     0.0815    0.0773   0.1479  0.1412        466
shellcode         0.6195   0.6820     0.6954    0.6391   0.6552  0.6598        302
worms             0.5000   0.5484     0.4857    0.4857   0.4928  0.5152         35
----------------------------------------------------------------------------------
macro avg         0.7514   0.7612     0.5654    0.6078   0.5788  0.6074      51535
weighted avg      0.8315   0.8638     0.8335    0.8151   0.8137  0.8220      51535
2026-04-17 13:11:44,157 [INFO] 
--- Specialist 활성화율 (threshold=0.5) ---
2026-04-17 13:11:44,157 [INFO]   analysis                          | fire_all=0.156 | fire_true=0.983 | mean_conf_true=0.620
2026-04-17 13:11:44,158 [INFO]   backdoor                          | fire_all=0.150 | fire_true=0.933 | mean_conf_true=0.661
2026-04-17 13:11:44,158 [INFO]   dos                               | fire_all=0.222 | fire_true=0.910 | mean_conf_true=0.543
2026-04-17 13:11:44,158 [INFO]   fuzzers                           | fire_all=0.188 | fire_true=0.910 | mean_conf_true=0.832
2026-04-17 13:11:44,158 [INFO]   reconnaissance                    | fire_all=0.106 | fire_true=0.899 | mean_conf_true=0.900
2026-04-17 13:11:44,158 [INFO]   shellcode                         | fire_all=0.015 | fire_true=0.924 | mean_conf_true=0.906
2026-04-17 13:11:44,158 [INFO]   worms                             | fire_all=0.005 | fire_true=0.914 | mean_conf_true=0.875
2026-04-17 13:11:44,158 [INFO] 
Saved: results/code1_20260417_131136/baseline_vs_moe_per_class.csv
2026-04-17 13:11:44,158 [INFO] Saved: results/code1_20260417_131136/specialist_activation.csv
2026-04-17 13:11:44,158 [INFO] 
Total elapsed: 7.3s
