2026-05-19 16:36:39,080  INFO  Args: {'data': 'data/cic2018_proc.pkl', 'seed': 42, 'n_estimators': 300, 'focus_weight': 10.0, 'tta_epochs': 50, 'tta_lr': 0.01, 'tta_p_mask': 0.1, 'tta_batch': 4096, 'tta_early_stop': 0.02, 'model': 2}
2026-05-19 16:36:39,612  INFO  Device: cuda
2026-05-19 16:36:40,676  INFO  Loaded 16,173,222 samples | 70 features | 15 classes | dataset=cic2018
2026-05-19 16:36:40,677  INFO  Families: ['Benign', 'DoS', 'DDoS', 'BruteForce', 'Bot', 'Infiltration', 'Tail']
2026-05-19 16:36:40,704  INFO  Tail IR threshold: 5,000 — Tail class IDs: [1, 2, 4, 13]
2026-05-19 16:36:40,732  INFO    [12] normal                                   family=Benign       n=13,425,831
2026-05-19 16:36:40,732  INFO    [ 3] ddos-attack-hoic                         family=DDoS         n=686,012
2026-05-19 16:36:40,732  INFO    [ 5] ddos-attacks-loic-http                   family=DDoS         n=576,191
2026-05-19 16:36:40,732  INFO    [ 7] dos-attacks-hulk                         family=DoS          n=461,912
2026-05-19 16:36:40,732  INFO    [ 0] bot                                      family=Bot          n=286,191
2026-05-19 16:36:40,732  INFO    [10] ftp-bruteforce                           family=BruteForce   n=193,354
2026-05-19 16:36:40,732  INFO    [14] ssh-bruteforce                           family=BruteForce   n=187,589
2026-05-19 16:36:40,732  INFO    [11] infilteration                            family=Infiltration n=161,096
2026-05-19 16:36:40,732  INFO    [ 8] dos-attacks-slowhttptest                 family=DoS          n=139,890
2026-05-19 16:36:40,732  INFO    [ 6] dos-attacks-goldeneye                    family=DoS          n=41,508
2026-05-19 16:36:40,732  INFO    [ 9] dos-attacks-slowloris                    family=DoS          n=10,990
2026-05-19 16:36:40,732  INFO    [ 4] ddos-attack-loic-udp                     family=Tail         n=1,730
2026-05-19 16:36:40,732  INFO    [ 1] brute-force--web                         family=Tail         n=611
2026-05-19 16:36:40,732  INFO    [ 2] brute-force--xss                         family=Tail         n=230
2026-05-19 16:36:40,732  INFO    [13] sql-injection                            family=Tail         n=87
2026-05-19 16:36:54,091  INFO  Split: train=9,703,933  val=3,234,644  test=3,234,645
2026-05-19 16:36:54,091  INFO  Training baseline XGBoost …
2026-05-19 16:38:04,037  INFO  Baseline ready in 69.9s
2026-05-19 16:38:05,680  INFO  
── Baseline classification report ──
2026-05-19 16:38:06,386  INFO  
                            precision     recall   f1-score    support

                    normal     0.9963     0.7116     0.8302  2,685,167
          ddos-attack-hoic     1.0000     1.0000     1.0000    137,203
    ddos-attacks-loic-http     0.9991     0.9993     0.9992    115,238
          dos-attacks-hulk     1.0000     1.0000     1.0000     92,383
                       bot     0.9993     1.0000     0.9996     57,238
            ftp-bruteforce     0.7156     0.8839     0.7909     38,671
            ssh-bruteforce     0.9998     0.9999     0.9999     37,518
             infilteration     0.0315     0.7787     0.0605     32,219
  dos-attacks-slowhttptest     0.7623     0.5145     0.6144     27,978
     dos-attacks-goldeneye     0.9981     0.9999     0.9990      8,301
     dos-attacks-slowloris     0.9901     0.9991     0.9946      2,198
      ddos-attack-loic-udp     0.8081     0.9855     0.8880        346
          brute-force--web     0.0665     0.9508     0.1243        122
          brute-force--xss     0.8077     0.9130     0.8571         46
             sql-injection     0.2222     0.7059     0.3380         17

                 macro avg     0.7598     0.8961     0.7664  3,234,645
              weighted avg     0.9817     0.7528     0.8438  3,234,645
2026-05-19 16:38:06,459  INFO  Training expert 'Benign': ['normal']
2026-05-19 16:39:15,125  INFO    [Benign] trained in 68.7s | focus classes: [12]
2026-05-19 16:39:15,125  INFO  Training expert 'DoS': ['dos-attacks-goldeneye', 'dos-attacks-hulk', 'dos-attacks-slowhttptest', 'dos-attacks-slowloris']
2026-05-19 16:40:28,422  INFO    [DoS] trained in 73.3s | focus classes: [6, 7, 8, 9]
2026-05-19 16:40:28,423  INFO  Training expert 'DDoS': ['ddos-attack-hoic', 'ddos-attacks-loic-http']
2026-05-19 16:41:40,745  INFO    [DDoS] trained in 72.3s | focus classes: [3, 5]
2026-05-19 16:41:40,746  INFO  Training expert 'BruteForce': ['ftp-bruteforce', 'ssh-bruteforce']
2026-05-19 16:42:52,712  INFO    [BruteForce] trained in 72.0s | focus classes: [10, 14]
2026-05-19 16:42:52,712  INFO  Training expert 'Bot': ['bot']
2026-05-19 16:44:05,117  INFO    [Bot] trained in 72.4s | focus classes: [0]
2026-05-19 16:44:05,118  INFO  Training expert 'Infiltration': ['infilteration']
2026-05-19 16:45:13,817  INFO    [Infiltration] trained in 68.7s | focus classes: [11]
2026-05-19 16:45:13,818  INFO  Training expert 'Tail': ['brute-force--web', 'brute-force--xss', 'ddos-attack-loic-udp', 'sql-injection']
2026-05-19 16:46:25,630  INFO    [Tail] trained in 71.8s | focus classes: [1, 2, 4, 13]
2026-05-19 16:46:25,631  INFO  All experts trained in 499.2s  (7 experts: ['Benign', 'DoS', 'DDoS', 'BruteForce', 'Bot', 'Infiltration', 'Tail'])
2026-05-19 16:46:25,631  INFO  SADE TTA: 7 experts, 50 epochs, lr=0.01, p_mask=0.1, batch_size=4096
2026-05-19 16:48:03,353  INFO    epoch   1/50 | S=0.808809 | w=[0.996 0.001 0.001 0.001 0.001 0.001 0.   ]
2026-05-19 16:48:03,353  INFO    Early stop epoch 1: min_w=0.0005 ≤ 0.02
2026-05-19 16:48:03,354  INFO  SADE TTA done in 97.7s
2026-05-19 16:48:03,354  INFO    Weight [Benign] = 0.9955
2026-05-19 16:48:03,354  INFO    Weight [DoS] = 0.0005
2026-05-19 16:48:03,354  INFO    Weight [DDoS] = 0.0008
2026-05-19 16:48:03,354  INFO    Weight [BruteForce] = 0.0007
2026-05-19 16:48:03,354  INFO    Weight [Bot] = 0.0011
2026-05-19 16:48:03,354  INFO    Weight [Infiltration] = 0.0009
2026-05-19 16:48:03,354  INFO    Weight [Tail] = 0.0005
2026-05-19 16:48:15,026  INFO  
── Expert prediction distribution (top-3 per expert) ──
2026-05-19 16:48:15,026  INFO    [Benign         ]  SADE_w=0.9955  normal=83.08%(2,687,199), ddos-attack-hoic=4.24%(137,204), ddos-attacks-loic-http=3.56%(115,172)
2026-05-19 16:48:15,026  INFO    [DoS            ]  SADE_w=0.0005  normal=58.95%(1,906,841), infilteration=24.81%(802,409), ddos-attack-hoic=4.24%(137,205)
2026-05-19 16:48:15,026  INFO    [DDoS           ]  SADE_w=0.0008  normal=58.29%(1,885,374), infilteration=25.64%(829,266), ddos-attack-hoic=4.24%(137,206)
2026-05-19 16:48:15,026  INFO    [BruteForce     ]  SADE_w=0.0007  normal=57.84%(1,871,000), infilteration=26.11%(844,501), ddos-attack-hoic=4.24%(137,205)
2026-05-19 16:48:15,026  INFO    [Bot            ]  SADE_w=0.0011  normal=58.77%(1,901,009), infilteration=25.18%(814,532), ddos-attack-hoic=4.24%(137,205)
2026-05-19 16:48:15,026  INFO    [Infiltration   ]  SADE_w=0.0009  infilteration=55.02%(1,779,619), normal=28.87%(933,886), ddos-attack-hoic=4.24%(137,203)
2026-05-19 16:48:15,026  INFO    [Tail           ]  SADE_w=0.0005  normal=57.41%(1,857,165), infilteration=26.52%(857,714), ddos-attack-hoic=4.24%(137,206)
2026-05-19 16:48:15,350  INFO  Expert dist PNG → results/20260519_163639/expert_pred_dist.png
2026-05-19 16:48:15,352  INFO  Expert dist CSV → results/20260519_163639/expert_pred_dist.csv
2026-05-19 16:48:27,088  INFO  
── MoE + SADE TTA classification report ──
2026-05-19 16:48:27,776  INFO  
                            precision     recall   f1-score    support

                    normal     0.9915     0.9922     0.9919  2,685,167
          ddos-attack-hoic     1.0000     1.0000     1.0000    137,203
    ddos-attacks-loic-http     0.9999     0.9993     0.9996    115,238
          dos-attacks-hulk     1.0000     1.0000     1.0000     92,383
                       bot     1.0000     1.0000     1.0000     57,238
            ftp-bruteforce     0.7156     0.8839     0.7909     38,671
            ssh-bruteforce     0.9999     0.9999     0.9999     37,518
             infilteration     0.3241     0.2918     0.3071     32,219
  dos-attacks-slowhttptest     0.7623     0.5146     0.6144     27,978
     dos-attacks-goldeneye     0.9996     1.0000     0.9998      8,301
     dos-attacks-slowloris     0.9995     0.9995     0.9995      2,198
      ddos-attack-loic-udp     0.8095     0.9827     0.8877        346
          brute-force--web     0.0856     0.9426     0.1569        122
          brute-force--xss     0.8039     0.8913     0.8454         46
             sql-injection     0.5000     0.7059     0.5854         17

                 macro avg     0.7994     0.8802     0.8119  3,234,645
              weighted avg     0.9807     0.9809     0.9804  3,234,645
2026-05-19 16:48:29,417  INFO  PNG table → results/20260519_163639/baseline_vs_moe_per_class.png
2026-05-19 16:48:29,418  INFO  CSV       → results/20260519_163639/baseline_vs_moe_per_class.csv
2026-05-19 16:48:29,418  INFO  
Results directory: results/20260519_163639
