2026-03-30 15:01:55,282 [INFO] XGBoost device: cpu
2026-03-30 15:01:56,160 [INFO] Dataset type: nfunswnb15
2026-03-30 15:01:56,160 [INFO] X shape: (2390275, 41), num_classes: 10
2026-03-30 15:01:56,160 [INFO] Class names: ['analysis', 'backdoor', 'dos', 'exploits', 'fuzzers', 'generic', 'normal', 'reconnaissance', 'shellcode', 'worms']
2026-03-30 15:01:56,161 [INFO] Family IDs: {0: 'Normal', 1: 'Group1', 2: 'Group2', 3: 'Group3', 4: 'Group4'}
2026-03-30 15:01:56,161 [INFO] Using explicit train/val/test indices from pickle.
2026-03-30 15:01:56,399 [INFO] Explicit-index split coverage check passed.
2026-03-30 15:01:56,399 [INFO] 
=== Split Summary Before Training ===
2026-03-30 15:01:56,403 [INFO] train distribution (n=1434165):
2026-03-30 15:01:56,403 [INFO]   [00] analysis                      :     1379 (  0.10%)
2026-03-30 15:01:56,403 [INFO]   [01] backdoor                      :     1301 (  0.09%)
2026-03-30 15:01:56,403 [INFO]   [02] dos                           :     3476 (  0.24%)
2026-03-30 15:01:56,403 [INFO]   [03] exploits                      :    18931 (  1.32%)
2026-03-30 15:01:56,403 [INFO]   [04] fuzzers                       :    13386 (  0.93%)
2026-03-30 15:01:56,403 [INFO]   [05] generic                       :     9936 (  0.69%)
2026-03-30 15:01:56,403 [INFO]   [06] normal                        :  1377134 ( 96.02%)
2026-03-30 15:01:56,403 [INFO]   [07] reconnaissance                :     7667 (  0.53%)
2026-03-30 15:01:56,403 [INFO]   [08] shellcode                     :      857 (  0.06%)
2026-03-30 15:01:56,403 [INFO]   [09] worms                         :       98 (  0.01%)
2026-03-30 15:01:56,404 [INFO] val distribution (n=478055):
2026-03-30 15:01:56,404 [INFO]   [00] analysis                      :      460 (  0.10%)
2026-03-30 15:01:56,405 [INFO]   [01] backdoor                      :      434 (  0.09%)
2026-03-30 15:01:56,405 [INFO]   [02] dos                           :     1159 (  0.24%)
2026-03-30 15:01:56,405 [INFO]   [03] exploits                      :     6310 (  1.32%)
2026-03-30 15:01:56,405 [INFO]   [04] fuzzers                       :     4462 (  0.93%)
2026-03-30 15:01:56,405 [INFO]   [05] generic                       :     3312 (  0.69%)
2026-03-30 15:01:56,405 [INFO]   [06] normal                        :   459044 ( 96.02%)
2026-03-30 15:01:56,405 [INFO]   [07] reconnaissance                :     2556 (  0.53%)
2026-03-30 15:01:56,405 [INFO]   [08] shellcode                     :      285 (  0.06%)
2026-03-30 15:01:56,405 [INFO]   [09] worms                         :       33 (  0.01%)
2026-03-30 15:01:56,406 [INFO] test distribution (n=478055):
2026-03-30 15:01:56,406 [INFO]   [00] analysis                      :      460 (  0.10%)
2026-03-30 15:01:56,407 [INFO]   [01] backdoor                      :      434 (  0.09%)
2026-03-30 15:01:56,407 [INFO]   [02] dos                           :     1159 (  0.24%)
2026-03-30 15:01:56,407 [INFO]   [03] exploits                      :     6310 (  1.32%)
2026-03-30 15:01:56,407 [INFO]   [04] fuzzers                       :     4462 (  0.93%)
2026-03-30 15:01:56,407 [INFO]   [05] generic                       :     3312 (  0.69%)
2026-03-30 15:01:56,407 [INFO]   [06] normal                        :   459044 ( 96.02%)
2026-03-30 15:01:56,407 [INFO]   [07] reconnaissance                :     2556 (  0.53%)
2026-03-30 15:01:56,407 [INFO]   [08] shellcode                     :      285 (  0.06%)
2026-03-30 15:01:56,407 [INFO]   [09] worms                         :       33 (  0.01%)
2026-03-30 15:01:56,408 [INFO] Entering pdb before training. Use `c` to continue.
2026-03-30 15:02:02,271 [INFO] 
=== Training baseline single XGBoost ===
2026-03-30 15:03:51,781 [INFO] 
=== Training FAR-MoE ===
2026-03-30 15:03:51,782 [WARNING] Feature view 'timing' is empty; falling back to all features for that view.
2026-03-30 15:03:51,866 [INFO] Training coarse family router...
2026-03-30 15:04:33,244 [INFO] Taxonomy groups:
2026-03-30 15:04:33,245 [INFO]   Normal  : ['normal']
2026-03-30 15:04:33,245 [INFO]   Group1  : ['dos', 'worms']
2026-03-30 15:04:33,245 [INFO]   Group2  : ['analysis', 'reconnaissance']
2026-03-30 15:04:33,245 [INFO]   Group3  : ['exploits', 'fuzzers', 'generic']
2026-03-30 15:04:33,245 [INFO]   Group4  : ['backdoor', 'shellcode']
2026-03-30 15:04:33,245 [INFO] Tail classes: ['worms', 'shellcode', 'backdoor']
2026-03-30 15:04:33,245 [INFO] Training expert [00] Anchor_Global | feature_dim=41 | target_classes=None | extra_negatives=[]
2026-03-30 15:06:16,538 [INFO] Training expert [01] Balanced_Global | feature_dim=41 | target_classes=None | extra_negatives=[]
2026-03-30 15:08:24,215 [INFO] Training expert [02] Tail_Expert | feature_dim=41 | target_classes=[9, 8, 1] | extra_negatives=[0, 3, 4, 5, 7]
2026-03-30 15:09:31,829 [INFO] Training expert [03] Spec_Group1_volume | feature_dim=1 | target_classes=[2, 9] | extra_negatives=[0, 3, 4, 5, 7]
2026-03-30 15:09:42,372 [INFO] Training expert [04] Spec_Group2_timing | feature_dim=41 | target_classes=[0, 7] | extra_negatives=[2, 3, 4, 5, 9]
2026-03-30 15:10:36,461 [INFO] Training expert [05] Spec_Group3_packet | feature_dim=2 | target_classes=[3, 4, 5] | extra_negatives=[0, 2, 7, 9]
2026-03-30 15:11:33,153 [INFO] Training expert [06] Spec_Group4_tcp | feature_dim=3 | target_classes=[1, 8] | extra_negatives=[0, 3, 4, 5, 7]
2026-03-30 15:12:17,293 [INFO] Training expert [07] Rand_1_packet | feature_dim=2 | target_classes=[5, 7] | extra_negatives=[2, 9]
2026-03-30 15:12:51,040 [INFO] Training expert [08] Rand_2_timing | feature_dim=41 | target_classes=[0, 2, 3, 4, 5, 7, 8, 9] | extra_negatives=[]
2026-03-30 15:14:20,852 [INFO] Training expert [09] Rand_3_packet | feature_dim=2 | target_classes=[5, 7, 8] | extra_negatives=[2, 9]
2026-03-30 15:15:04,124 [INFO] Final trained experts:
2026-03-30 15:15:04,125 [INFO]   [00] Anchor_Global            | local_classes=['analysis', 'backdoor', 'dos', 'exploits', 'fuzzers', 'generic', 'normal', 'reconnaissance', 'shellcode', 'worms'] | train_size=1434165 | val_acc=0.9900
2026-03-30 15:15:04,125 [INFO]   [01] Balanced_Global          | local_classes=['analysis', 'backdoor', 'dos', 'exploits', 'fuzzers', 'generic', 'normal', 'reconnaissance', 'shellcode', 'worms'] | train_size=1434165 | val_acc=0.9878
2026-03-30 15:15:04,125 [INFO]   [02] Tail_Expert              | local_classes=['analysis', 'backdoor', 'exploits', 'fuzzers', 'generic', 'normal', 'reconnaissance', 'shellcode', 'worms'] | train_size=1430689 | val_acc=0.9899
2026-03-30 15:15:04,125 [INFO]   [03] Spec_Group1_volume       | local_classes=['analysis', 'dos', 'exploits', 'fuzzers', 'generic', 'normal', 'reconnaissance', 'worms'] | train_size=1432007 | val_acc=0.0021
2026-03-30 15:15:04,125 [INFO]   [04] Spec_Group2_timing       | local_classes=['analysis', 'dos', 'exploits', 'fuzzers', 'generic', 'normal', 'reconnaissance', 'worms'] | train_size=1432007 | val_acc=0.9882
2026-03-30 15:15:04,125 [INFO]   [05] Spec_Group3_packet       | local_classes=['analysis', 'dos', 'exploits', 'fuzzers', 'generic', 'normal', 'reconnaissance', 'worms'] | train_size=1432007 | val_acc=0.9737
2026-03-30 15:15:04,125 [INFO]   [06] Spec_Group4_tcp          | local_classes=['analysis', 'backdoor', 'exploits', 'fuzzers', 'generic', 'normal', 'reconnaissance', 'shellcode'] | train_size=1430591 | val_acc=0.7102
2026-03-30 15:15:04,126 [INFO]   [07] Rand_1_packet            | local_classes=['dos', 'generic', 'normal', 'reconnaissance', 'worms'] | train_size=1398311 | val_acc=0.9830
2026-03-30 15:15:04,126 [INFO]   [08] Rand_2_timing            | local_classes=['analysis', 'dos', 'exploits', 'fuzzers', 'generic', 'normal', 'reconnaissance', 'shellcode', 'worms'] | train_size=1432864 | val_acc=0.9884
2026-03-30 15:15:04,126 [INFO]   [09] Rand_3_packet            | local_classes=['dos', 'generic', 'normal', 'reconnaissance', 'shellcode', 'worms'] | train_size=1399168 | val_acc=0.9820
2026-03-30 15:15:04,126 [INFO] Routing semantics: always include 2 anchor/generalist experts, plus up to 3 additional specialists per sample after OOD filtering.
2026-03-30 15:15:04,127 [INFO] Fitting expert-specific competence models...
2026-03-30 15:15:30,825 [INFO]   [Anchor_Global] val_acc=0.9898 | coef(prior,margin,entropy,ood)=(-6.422, 0.183, -0.710, -0.344)
2026-03-30 15:15:30,977 [INFO]   [Balanced_Global] val_acc=0.9875 | coef(prior,margin,entropy,ood)=(-7.841, -0.549, -1.152, -0.121)
2026-03-30 15:15:31,119 [INFO]   [Tail_Expert] val_acc=0.9871 | coef(prior,margin,entropy,ood)=(-7.369, -4.227, -5.619, -1.166)
2026-03-30 15:15:31,178 [INFO]   [Spec_Group1_volume] val_acc=0.0021 | coef(prior,margin,entropy,ood)=(25.387, -1.028, 1.028, -1.028)
2026-03-30 15:15:31,304 [INFO]   [Spec_Group2_timing] val_acc=0.9865 | coef(prior,margin,entropy,ood)=(0.288, -2.872, -4.984, -1.401)
2026-03-30 15:15:31,423 [INFO]   [Spec_Group3_packet] val_acc=0.9721 | coef(prior,margin,entropy,ood)=(-1.746, -0.520, -2.238, -1.020)
2026-03-30 15:15:31,561 [INFO]   [Spec_Group4_tcp] val_acc=0.7088 | coef(prior,margin,entropy,ood)=(7.786, -5.526, -11.123, -1.062)
2026-03-30 15:15:31,669 [INFO]   [Rand_1_packet] val_acc=0.9582 | coef(prior,margin,entropy,ood)=(-6.196, -1.584, -3.696, 0.316)
2026-03-30 15:15:31,791 [INFO]   [Rand_2_timing] val_acc=0.9875 | coef(prior,margin,entropy,ood)=(-7.781, -0.700, -1.277, -0.255)
2026-03-30 15:15:31,918 [INFO]   [Rand_3_packet] val_acc=0.9579 | coef(prior,margin,entropy,ood)=(-5.152, -1.642, -3.848, 0.089)
2026-03-30 15:15:31,929 [INFO] 
========================================================================
2026-03-30 15:15:31,929 [INFO] FINAL EVALUATION ON TEST SET
2026-03-30 15:15:31,929 [INFO] ========================================================================
2026-03-30 15:15:35,398 [INFO] 
--- Baseline Single XGBoost ---
2026-03-30 15:15:35,399 [INFO] Accuracy: 0.9896 | eval time: 3.47s
2026-03-30 15:15:35,466 [INFO] 
                precision    recall  f1-score   support

      analysis     0.1123    0.2283    0.1505       460
      backdoor     0.3202    0.1313    0.1863       434
           dos     0.2439    0.2752    0.2586      1159
      exploits     0.8128    0.8724    0.8416      6310
       fuzzers     0.8463    0.8514    0.8488      4462
       generic     0.9525    0.8243    0.8838      3312
        normal     0.9984    0.9983    0.9984    459044
reconnaissance     0.9212    0.7774    0.8432      2556
     shellcode     0.8328    0.9439    0.8849       285
         worms     0.7000    0.6364    0.6667        33

      accuracy                         0.9896    478055
     macro avg     0.6740    0.6539    0.6563    478055
  weighted avg     0.9904    0.9896    0.9899    478055

2026-03-30 15:15:56,121 [INFO] 
--- FAR-MoE ---
2026-03-30 15:15:56,121 [INFO] Accuracy: 0.9798 | eval time: 20.65s
2026-03-30 15:15:56,186 [INFO] 
                precision    recall  f1-score   support

      analysis     0.1370    0.0217    0.0375       460
      backdoor     0.1132    0.0138    0.0246       434
           dos     0.1203    0.9284    0.2131      1159
      exploits     0.9231    0.3765    0.5349      6310
       fuzzers     0.7413    0.7797    0.7600      4462
       generic     0.9881    0.7032    0.8217      3312
        normal     1.0000    0.9958    0.9979    459044
reconnaissance     0.9746    0.6909    0.8086      2556
     shellcode     0.6676    0.8386    0.7434       285
         worms     0.1321    0.2121    0.1628        33

      accuracy                         0.9798    478055
     macro avg     0.5797    0.5561    0.5104    478055
  weighted avg     0.9923    0.9798    0.9834    478055

2026-03-30 15:15:56,197 [INFO] Saved expert selection summary to results/logs_tailguard_v9_20260330_150155\expert_selection_summary.csv
2026-03-30 15:15:56,242 [INFO] Saved per-class comparison to results/logs_tailguard_v9_20260330_150155\baseline_vs_moe_per_class.csv
2026-03-30 15:15:56,243 [INFO] 
Total elapsed time: 840.96s
