2026-03-27 14:14:31,185 [INFO] XGBoost device: cuda
2026-03-27 14:14:31,756 [INFO] Dataset type: nfunswnb15
2026-03-27 14:14:31,757 [INFO] X shape: (2390275, 41), num_classes: 10
2026-03-27 14:14:31,757 [INFO] Class names: ['analysis', 'backdoor', 'dos', 'exploits', 'fuzzers', 'generic', 'normal', 'reconnaissance', 'shellcode', 'worms']
2026-03-27 14:14:31,757 [INFO] Family IDs: {0: 'Normal', 1: 'Group1', 2: 'Group2', 3: 'Group3', 4: 'Group4'}
2026-03-27 14:14:31,757 [INFO] NF-UNSW-NB15 detected: using stratified random split.
2026-03-27 14:14:31,768 [WARNING] Skipping group-aware split via pickle['file_groups'] because only 1 unique group is available.
2026-03-27 14:14:31,768 [WARNING] No valid scenario/group/timestamp split with adequate class/family coverage found. Falling back to stratified random split. For CICIDS papers, blocked or scenario-aware splits are preferred.
2026-03-27 14:14:33,088 [INFO] Stratified-random split coverage check passed.
2026-03-27 14:14:33,133 [INFO] 
=== Training baseline single XGBoost ===
2026-03-27 14:14:40,796 [INFO] 
=== Training FAR-MoE ===
2026-03-27 14:14:40,796 [WARNING] Feature view 'timing' is empty; falling back to all features for that view.
2026-03-27 14:14:40,883 [INFO] Training coarse family router...
2026-03-27 14:14:44,119 [INFO] Taxonomy groups:
2026-03-27 14:14:44,119 [INFO]   Normal  : ['normal']
2026-03-27 14:14:44,119 [INFO]   Group1  : ['dos', 'worms']
2026-03-27 14:14:44,119 [INFO]   Group2  : ['analysis', 'reconnaissance']
2026-03-27 14:14:44,119 [INFO]   Group3  : ['exploits', 'fuzzers', 'generic']
2026-03-27 14:14:44,119 [INFO]   Group4  : ['backdoor', 'shellcode']
2026-03-27 14:14:44,119 [INFO] Tail classes: ['worms', 'shellcode', 'backdoor']
2026-03-27 14:14:44,119 [INFO] Training expert [00] Anchor_Global | feature_dim=41 | target_classes=None | extra_negatives=[]
2026-03-27 14:14:51,651 [INFO] Training expert [01] Balanced_Global | feature_dim=41 | target_classes=None | extra_negatives=[]
2026-03-27 14:14:58,290 [INFO] Training expert [02] Tail_Expert | feature_dim=41 | target_classes=[9, 8, 1] | extra_negatives=[0, 3, 4, 5, 7]
2026-03-27 14:15:02,928 [INFO] Training expert [03] Spec_Group1_volume | feature_dim=1 | target_classes=[2, 9] | extra_negatives=[0, 3, 4, 5, 7]
2026-03-27 14:15:04,072 [INFO] Training expert [04] Spec_Group2_timing | feature_dim=41 | target_classes=[0, 7] | extra_negatives=[2, 3, 4, 5, 9]
2026-03-27 14:15:09,085 [INFO] Training expert [05] Spec_Group3_packet | feature_dim=2 | target_classes=[3, 4, 5] | extra_negatives=[0, 2, 7, 9]
2026-03-27 14:15:12,424 [INFO] Training expert [06] Spec_Group4_tcp | feature_dim=3 | target_classes=[1, 8] | extra_negatives=[0, 3, 4, 5, 7]
2026-03-27 14:15:14,896 [INFO] Training expert [07] Rand_1_packet | feature_dim=2 | target_classes=[0, 1, 2, 4, 7, 8, 9] | extra_negatives=[]
2026-03-27 14:15:18,196 [INFO] Training expert [08] Rand_2_all | feature_dim=41 | target_classes=[0, 3] | extra_negatives=[2, 9]
2026-03-27 14:15:21,443 [INFO] Training expert [09] Rand_3_timing | feature_dim=41 | target_classes=[0, 1, 4, 5, 8] | extra_negatives=[2, 9]
2026-03-27 14:15:26,360 [INFO] Final trained experts:
2026-03-27 14:15:26,360 [INFO]   [00] Anchor_Global            | local_classes=['analysis', 'backdoor', 'dos', 'exploits', 'fuzzers', 'generic', 'normal', 'reconnaissance', 'shellcode', 'worms'] | train_size=1529776 | val_acc=0.9900
2026-03-27 14:15:26,360 [INFO]   [01] Balanced_Global          | local_classes=['analysis', 'backdoor', 'dos', 'exploits', 'fuzzers', 'generic', 'normal', 'reconnaissance', 'shellcode', 'worms'] | train_size=1529776 | val_acc=0.9877
2026-03-27 14:15:26,360 [INFO]   [02] Tail_Expert              | local_classes=['analysis', 'backdoor', 'exploits', 'fuzzers', 'generic', 'normal', 'reconnaissance', 'shellcode', 'worms'] | train_size=1526068 | val_acc=0.9898
2026-03-27 14:15:26,360 [INFO]   [03] Spec_Group1_volume       | local_classes=['analysis', 'dos', 'exploits', 'fuzzers', 'generic', 'normal', 'reconnaissance', 'worms'] | train_size=1527474 | val_acc=0.0021
2026-03-27 14:15:26,360 [INFO]   [04] Spec_Group2_timing       | local_classes=['analysis', 'dos', 'exploits', 'fuzzers', 'generic', 'normal', 'reconnaissance', 'worms'] | train_size=1527474 | val_acc=0.9879
2026-03-27 14:15:26,360 [INFO]   [05] Spec_Group3_packet       | local_classes=['analysis', 'dos', 'exploits', 'fuzzers', 'generic', 'normal', 'reconnaissance', 'worms'] | train_size=1527474 | val_acc=0.9738
2026-03-27 14:15:26,360 [INFO]   [06] Spec_Group4_tcp          | local_classes=['analysis', 'backdoor', 'exploits', 'fuzzers', 'generic', 'normal', 'reconnaissance', 'shellcode'] | train_size=1525963 | val_acc=0.7102
2026-03-27 14:15:26,360 [INFO]   [07] Rand_1_packet            | local_classes=['analysis', 'backdoor', 'dos', 'fuzzers', 'normal', 'reconnaissance', 'shellcode', 'worms'] | train_size=1498985 | val_acc=0.9773
2026-03-27 14:15:26,360 [INFO]   [08] Rand_2_all               | local_classes=['analysis', 'dos', 'exploits', 'normal', 'worms'] | train_size=1494419 | val_acc=0.9930
2026-03-27 14:15:26,360 [INFO]   [09] Rand_3_timing            | local_classes=['analysis', 'backdoor', 'dos', 'fuzzers', 'generic', 'normal', 'shellcode', 'worms'] | train_size=1501405 | val_acc=0.9916
2026-03-27 14:15:26,360 [INFO] Routing semantics: always include 2 anchor/generalist experts, plus up to 3 additional specialists per sample after OOD filtering.
2026-03-27 14:15:26,360 [INFO] Fitting expert-specific competence models...
2026-03-27 14:15:28,601 [INFO]   [Anchor_Global] val_acc=0.9897 | coef(prior,margin,entropy,ood)=(-6.534, 0.141, -0.780, -0.169)
2026-03-27 14:15:28,911 [INFO]   [Balanced_Global] val_acc=0.9873 | coef(prior,margin,entropy,ood)=(-7.928, -0.530, -1.134, -0.260)
2026-03-27 14:15:29,129 [INFO]   [Tail_Expert] val_acc=0.9869 | coef(prior,margin,entropy,ood)=(-6.865, -3.870, -5.329, -2.410)
2026-03-27 14:15:29,200 [INFO]   [Spec_Group1_volume] val_acc=0.0021 | coef(prior,margin,entropy,ood)=(25.137, -1.073, 1.073, -1.073)
2026-03-27 14:15:29,485 [INFO]   [Spec_Group2_timing] val_acc=0.9866 | coef(prior,margin,entropy,ood)=(0.773, -3.115, -5.313, -1.955)
2026-03-27 14:15:29,710 [INFO]   [Spec_Group3_packet] val_acc=0.9721 | coef(prior,margin,entropy,ood)=(-1.668, -0.468, -2.192, -1.032)
2026-03-27 14:15:30,108 [INFO]   [Spec_Group4_tcp] val_acc=0.7085 | coef(prior,margin,entropy,ood)=(7.339, -18.498, -25.235, -1.113)
2026-03-27 14:15:30,321 [INFO]   [Rand_1_packet] val_acc=0.9576 | coef(prior,margin,entropy,ood)=(-4.406, -0.820, -2.298, -0.919)
2026-03-27 14:15:30,589 [INFO]   [Rand_2_all] val_acc=0.9702 | coef(prior,margin,entropy,ood)=(-5.610, -0.743, -2.366, -0.046)
2026-03-27 14:15:30,904 [INFO]   [Rand_3_timing] val_acc=0.9735 | coef(prior,margin,entropy,ood)=(-6.065, -1.996, -4.292, -0.425)
2026-03-27 14:15:30,911 [INFO] 
========================================================================
2026-03-27 14:15:30,915 [INFO] FINAL EVALUATION ON TEST SET
2026-03-27 14:15:30,915 [INFO] ========================================================================
2026-03-27 14:15:31,918 [INFO] 
--- Baseline Single XGBoost ---
2026-03-27 14:15:31,918 [INFO] Accuracy: 0.9898 | eval time: 1.00s
2026-03-27 14:15:31,953 [INFO] 
                precision    recall  f1-score   support

      analysis     0.1157    0.2848    0.1646       460
      backdoor     0.4524    0.1313    0.2036       434
           dos     0.5020    0.2217    0.3076      1159
      exploits     0.7946    0.8772    0.8338      6310
       fuzzers     0.7879    0.8702    0.8271      4462
       generic     0.9481    0.8279    0.8839      3312
        normal     0.9985    0.9984    0.9984    459044
reconnaissance     0.9204    0.7735    0.8406      2556
     shellcode     0.8580    0.9544    0.9037       285
         worms     0.7097    0.6667    0.6875        33

      accuracy                         0.9898    478055
     macro avg     0.7087    0.6606    0.6651    478055
  weighted avg     0.9904    0.9898    0.9897    478055

2026-03-27 14:15:37,495 [INFO] 
--- FAR-MoE ---
2026-03-27 14:15:37,495 [INFO] Accuracy: 0.9801 | eval time: 5.54s
2026-03-27 14:15:37,524 [INFO] 
                precision    recall  f1-score   support

      analysis     0.1048    0.0239    0.0389       460
      backdoor     1.0000    0.0092    0.0183       434
           dos     0.1233    0.9292    0.2178      1159
      exploits     0.9013    0.3880    0.5424      6310
       fuzzers     0.7376    0.7996    0.7674      4462
       generic     0.9931    0.6920    0.8157      3312
        normal     1.0000    0.9958    0.9979    459044
reconnaissance     0.9821    0.6878    0.8090      2556
     shellcode     0.7005    0.8947    0.7858       285
         worms     0.1250    0.2121    0.1573        33

      accuracy                         0.9801    478055
     macro avg     0.6668    0.5632    0.5150    478055
  weighted avg     0.9928    0.9801    0.9836    478055

2026-03-27 14:15:37,531 [INFO] Saved expert selection summary to results/logs_tailguard_v9_20260327_141431/expert_selection_summary.csv
2026-03-27 14:15:37,550 [INFO] Saved per-class comparison to results/logs_tailguard_v9_20260327_141431/baseline_vs_moe_per_class.csv
2026-03-27 14:15:37,550 [INFO] 
Total elapsed time: 66.37s
