2026-05-19 14:46:03,459  INFO  Args: {'data': 'data/cic2018_proc.pkl', 'seed': 42, 'n_estimators': 300, 'focus_weight': 10.0, 'tta_epochs': 50, 'tta_lr': 0.01, 'tta_p_mask': 0.1, 'tta_batch': 4096, 'tta_early_stop': 0.02, 'model': 2}
2026-05-19 14:46:03,979  INFO  Device: cuda
2026-05-19 14:46:05,047  INFO  Loaded 16,173,222 samples | 70 features | 15 classes | dataset=cic2018
2026-05-19 14:46:05,047  INFO  Families: ['Benign', 'DoS', 'DDoS', 'BruteForce', 'Bot', 'Infiltration', 'Tail']
2026-05-19 14:46:05,074  INFO  Tail IR threshold: 5,000 — Tail class IDs: [1, 2, 4, 13]
2026-05-19 14:46:05,084  INFO    [ 0] bot                                      family=Bot          n=286,191
2026-05-19 14:46:05,093  INFO    [ 1] brute-force--web                         family=Tail         n=611
2026-05-19 14:46:05,102  INFO    [ 2] brute-force--xss                         family=Tail         n=230
2026-05-19 14:46:05,110  INFO    [ 3] ddos-attack-hoic                         family=DDoS         n=686,012
2026-05-19 14:46:05,119  INFO    [ 4] ddos-attack-loic-udp                     family=Tail         n=1,730
2026-05-19 14:46:05,128  INFO    [ 5] ddos-attacks-loic-http                   family=DoS          n=576,191
2026-05-19 14:46:05,138  INFO    [ 6] dos-attacks-goldeneye                    family=DoS          n=41,508
2026-05-19 14:46:05,147  INFO    [ 7] dos-attacks-hulk                         family=DoS          n=461,912
2026-05-19 14:46:05,155  INFO    [ 8] dos-attacks-slowhttptest                 family=DoS          n=139,890
2026-05-19 14:46:05,164  INFO    [ 9] dos-attacks-slowloris                    family=DoS          n=10,990
2026-05-19 14:46:05,173  INFO    [10] ftp-bruteforce                           family=BruteForce   n=193,354
2026-05-19 14:46:05,182  INFO    [11] infilteration                            family=Infiltration n=161,096
2026-05-19 14:46:05,190  INFO    [12] normal                                   family=Benign       n=13,425,831
2026-05-19 14:46:05,199  INFO    [13] sql-injection                            family=Tail         n=87
2026-05-19 14:46:05,208  INFO    [14] ssh-bruteforce                           family=BruteForce   n=187,589
2026-05-19 14:46:18,593  INFO  Split: train=9,703,933  val=3,234,644  test=3,234,645
2026-05-19 14:46:18,593  INFO  Training baseline XGBoost …
2026-05-19 14:47:28,424  INFO  Baseline ready in 69.8s
2026-05-19 14:47:30,055  INFO  
── Baseline classification report ──
2026-05-19 14:47:30,569  INFO  
                          precision    recall  f1-score   support

                     bot       1.00      1.00      1.00     57238
        brute-force--web       0.07      0.95      0.12       122
        brute-force--xss       0.81      0.91      0.86        46
        ddos-attack-hoic       1.00      1.00      1.00    137203
    ddos-attack-loic-udp       0.81      0.99      0.89       346
  ddos-attacks-loic-http       1.00      1.00      1.00    115238
   dos-attacks-goldeneye       1.00      1.00      1.00      8301
        dos-attacks-hulk       1.00      1.00      1.00     92383
dos-attacks-slowhttptest       0.76      0.51      0.61     27978
   dos-attacks-slowloris       0.99      1.00      0.99      2198
          ftp-bruteforce       0.72      0.88      0.79     38671
           infilteration       0.03      0.78      0.06     32219
                  normal       1.00      0.71      0.83   2685167
           sql-injection       0.22      0.71      0.34        17
          ssh-bruteforce       1.00      1.00      1.00     37518

                accuracy                           0.75   3234645
               macro avg       0.76      0.90      0.77   3234645
            weighted avg       0.98      0.75      0.84   3234645

2026-05-19 14:47:30,646  INFO  Training expert 'Benign': ['normal']
2026-05-19 14:48:39,380  INFO    [Benign] trained in 68.7s | focus classes: [12]
2026-05-19 14:48:39,381  INFO  Training expert 'DoS': ['ddos-attacks-loic-http', 'dos-attacks-goldeneye', 'dos-attacks-hulk', 'dos-attacks-slowhttptest', 'dos-attacks-slowloris']
2026-05-19 14:49:54,499  INFO    [DoS] trained in 75.1s | focus classes: [5, 6, 7, 8, 9]
2026-05-19 14:49:54,500  INFO  Training expert 'DDoS': ['ddos-attack-hoic']
2026-05-19 14:51:05,940  INFO    [DDoS] trained in 71.4s | focus classes: [3]
2026-05-19 14:51:05,941  INFO  Training expert 'BruteForce': ['ftp-bruteforce', 'ssh-bruteforce']
2026-05-19 14:52:17,875  INFO    [BruteForce] trained in 71.9s | focus classes: [10, 14]
2026-05-19 14:52:17,876  INFO  Training expert 'Bot': ['bot']
2026-05-19 14:53:30,312  INFO    [Bot] trained in 72.4s | focus classes: [0]
2026-05-19 14:53:30,312  INFO  Training expert 'Infiltration': ['infilteration']
2026-05-19 14:54:39,162  INFO    [Infiltration] trained in 68.8s | focus classes: [11]
2026-05-19 14:54:39,162  INFO  Training expert 'Tail': ['brute-force--web', 'brute-force--xss', 'ddos-attack-loic-udp', 'sql-injection']
2026-05-19 14:55:50,993  INFO    [Tail] trained in 71.8s | focus classes: [1, 2, 4, 13]
2026-05-19 14:55:50,993  INFO  All experts trained in 500.3s  (7 experts: ['Benign', 'DoS', 'DDoS', 'BruteForce', 'Bot', 'Infiltration', 'Tail'])
2026-05-19 14:55:50,993  INFO  SADE TTA: 7 experts, 50 epochs, lr=0.01, p_mask=0.1, batch_size=4096
2026-05-19 14:57:28,838  INFO    epoch   1/50 | S=0.808767 | w=[0.995 0.    0.001 0.001 0.001 0.001 0.   ]
2026-05-19 14:57:28,838  INFO    Early stop epoch 1: min_w=0.0005 ≤ 0.02
2026-05-19 14:57:28,838  INFO  SADE TTA done in 97.8s
2026-05-19 14:57:28,838  INFO    Weight [Benign] = 0.9955
2026-05-19 14:57:28,838  INFO    Weight [DoS] = 0.0005
2026-05-19 14:57:28,838  INFO    Weight [DDoS] = 0.0008
2026-05-19 14:57:28,838  INFO    Weight [BruteForce] = 0.0007
2026-05-19 14:57:28,838  INFO    Weight [Bot] = 0.0011
2026-05-19 14:57:28,838  INFO    Weight [Infiltration] = 0.0009
2026-05-19 14:57:28,838  INFO    Weight [Tail] = 0.0005
2026-05-19 14:57:40,608  INFO  
── MoE + SADE TTA classification report ──
2026-05-19 14:57:41,085  INFO  
                          precision    recall  f1-score   support

                     bot       1.00      1.00      1.00     57238
        brute-force--web       0.09      0.94      0.16       122
        brute-force--xss       0.80      0.89      0.85        46
        ddos-attack-hoic       1.00      1.00      1.00    137203
    ddos-attack-loic-udp       0.81      0.98      0.89       346
  ddos-attacks-loic-http       1.00      1.00      1.00    115238
   dos-attacks-goldeneye       1.00      1.00      1.00      8301
        dos-attacks-hulk       1.00      1.00      1.00     92383
dos-attacks-slowhttptest       0.76      0.51      0.61     27978
   dos-attacks-slowloris       1.00      1.00      1.00      2198
          ftp-bruteforce       0.72      0.88      0.79     38671
           infilteration       0.32      0.29      0.31     32219
                  normal       0.99      0.99      0.99   2685167
           sql-injection       0.50      0.71      0.59        17
          ssh-bruteforce       1.00      1.00      1.00     37518

                accuracy                           0.98   3234645
               macro avg       0.80      0.88      0.81   3234645
            weighted avg       0.98      0.98      0.98   3234645

2026-05-19 14:57:42,719  INFO  PNG table → results/20260519_144603/baseline_vs_moe_per_class.png
2026-05-19 14:57:42,731  INFO  CSV       → results/20260519_144603/baseline_vs_moe_per_class.csv
2026-05-19 14:57:42,731  INFO  
Results directory: results/20260519_144603
