2026-03-11 16:54:23,142 [INFO] Dataset type: unswnb15
2026-03-11 16:54:23,317 [INFO] 
=== [Model S] Training Baseline ===
2026-03-11 16:54:23,317 [INFO]       [Baseline] Training with original data shape: (164910, 41)
2026-03-11 16:54:26,279 [INFO]   [Model S] Training time: 2.96s
2026-03-11 16:54:26,279 [INFO] 
=== [Model T] Training Explicit Taxonomy MoE (Dataset: unswnb15) ===
2026-03-11 16:54:26,279 [INFO] 
  [Phase 1] Strict Taxonomy Mapping for unswnb15...
2026-03-11 16:54:26,279 [INFO]     [Normal      ] : ['normal']
2026-03-11 16:54:26,279 [INFO]     [Group1      ] : ['dos', 'worms']
2026-03-11 16:54:26,279 [INFO]     [Group2      ] : ['analysis', 'reconnaissance']
2026-03-11 16:54:26,279 [INFO]     [Group3      ] : ['exploits', 'fuzzers', 'generic']
2026-03-11 16:54:26,279 [INFO]     [Group4      ] : ['backdoor', 'shellcode']
2026-03-11 16:54:26,279 [INFO] 
  [Phase 2] Training Domain Specialists...
2026-03-11 16:54:26,280 [INFO]       [Global_Router] Training with original data shape: (164910, 41)
2026-03-11 16:54:29,253 [INFO]     [Spec_Rand1  ] (Randomly assigned) : ['worms', 'backdoor', 'generic', 'analysis', 'shellcode', 'dos', 'reconnaissance', 'fuzzers', 'exploits']
2026-03-11 16:54:29,253 [INFO]     [Spec_Rand2  ] (Randomly assigned) : ['analysis', 'backdoor', 'worms', 'generic', 'exploits']
2026-03-11 16:54:29,253 [INFO]     [Spec_Rand3  ] (Randomly assigned) : ['fuzzers', 'dos', 'analysis', 'reconnaissance', 'worms', 'generic', 'exploits']
2026-03-11 16:54:29,253 [INFO]     [Spec_Rand4  ] (Randomly assigned) : ['backdoor', 'shellcode', 'reconnaissance', 'dos', 'worms', 'analysis']
2026-03-11 16:54:29,253 [INFO]     [Spec_Rand5  ] (Randomly assigned) : ['backdoor', 'generic', 'fuzzers', 'worms']
2026-03-11 16:54:29,253 [INFO]       [Spec_Group1] Filtering original data (No augmentation/subsampling)...
2026-03-11 16:54:29,260 [INFO]       [Spec_Group1] Filtered original data shape: (70097, 41)
2026-03-11 16:54:29,770 [INFO]       [Spec_Group2] Filtering original data (No augmentation/subsampling)...
2026-03-11 16:54:29,777 [INFO]       [Spec_Group2] Filtered original data shape: (70185, 41)
2026-03-11 16:54:30,306 [INFO]       [Spec_Group3] Filtering original data (No augmentation/subsampling)...
2026-03-11 16:54:30,318 [INFO]       [Spec_Group3] Filtered original data shape: (141211, 41)
2026-03-11 16:54:31,497 [INFO]       [Spec_Group4] Filtering original data (No augmentation/subsampling)...
2026-03-11 16:54:31,502 [INFO]       [Spec_Group4] Filtered original data shape: (61977, 41)
2026-03-11 16:54:31,966 [INFO]       [Spec_Rand1] Filtering original data (No augmentation/subsampling)...
2026-03-11 16:54:31,979 [INFO]       [Spec_Rand1] Filtered original data shape: (164910, 41)
2026-03-11 16:54:35,029 [INFO]       [Spec_Rand2] Filtering original data (No augmentation/subsampling)...
2026-03-11 16:54:35,040 [INFO]       [Spec_Rand2] Filtered original data shape: (129008, 41)
2026-03-11 16:54:36,573 [INFO]       [Spec_Rand3] Filtering original data (No augmentation/subsampling)...
2026-03-11 16:54:36,586 [INFO]       [Spec_Rand3] Filtered original data shape: (162453, 41)
2026-03-11 16:54:38,965 [INFO]       [Spec_Rand4] Filtering original data (No augmentation/subsampling)...
2026-03-11 16:54:38,972 [INFO]       [Spec_Rand4] Filtered original data shape: (83219, 41)
2026-03-11 16:54:40,213 [INFO]       [Spec_Rand5] Filtering original data (No augmentation/subsampling)...
2026-03-11 16:54:40,222 [INFO]       [Spec_Rand5] Filtered original data shape: (114316, 41)
2026-03-11 16:54:41,317 [INFO] 
  [Phase 3] Meta-Optimization: Logistic Regression for Dynamic Ensemble Selection...
2026-03-11 16:54:42,878 [INFO]   => Learned Coefficients: Conf(a)=0.6482, Ent(b)=1.1397, Eng(r)=-2.3940
2026-03-11 16:54:42,884 [INFO]   => Validation Acc via LR DES: 0.7209
2026-03-11 16:54:42,884 [INFO]   [Model T] Training time: 16.61s
2026-03-11 16:54:42,910 [INFO] 
============================================================
2026-03-11 16:54:42,910 [INFO] FINAL EVALUATION ON TEST SET
2026-03-11 16:54:42,910 [INFO] ============================================================
2026-03-11 16:54:43,033 [INFO] 
--- [Model S] Baseline (Global Router Only) ---
2026-03-11 16:54:43,033 [INFO] Accuracy: 0.8264 (eval time: 0.12s)
2026-03-11 16:54:43,043 [INFO] 
                precision    recall  f1-score   support

      analysis     0.9714    0.0636    0.1193       535
      backdoor     0.9388    0.0987    0.1786       466
           dos     0.4802    0.0963    0.1604      3271
      exploits     0.6204    0.9092    0.7375      8905
       fuzzers     0.6902    0.5376    0.6045      4849
       generic     0.9952    0.9798    0.9874     11774
        normal     0.8935    0.9459    0.9189     18600
reconnaissance     0.9196    0.7680    0.8370      2798
     shellcode     0.6329    0.6623    0.6472       302
         worms     0.4375    0.4000    0.4179        35

      accuracy                         0.8264     51535
     macro avg     0.7580    0.5461    0.5609     51535
  weighted avg     0.8250    0.8264    0.8041     51535

2026-03-11 16:54:44,750 [INFO] 
--- [Model T] Explicit Taxonomy MoE ---
2026-03-11 16:54:44,750 [INFO] Accuracy: 0.7233 (eval time: 1.71s)
2026-03-11 16:54:44,759 [INFO] 
                precision    recall  f1-score   support

      analysis     0.9444    0.0318    0.0615       535
      backdoor     0.0595    0.8133    0.1109       466
           dos     0.2549    0.1639    0.1995      3271
      exploits     0.8506    0.3375    0.4832      8905
       fuzzers     0.8089    0.2130    0.3373      4849
       generic     0.9784    0.9783    0.9784     11774
        normal     0.7844    0.9866    0.8740     18600
reconnaissance     0.8338    0.8138    0.8237      2798
     shellcode     0.6567    0.4371    0.5249       302
         worms     0.2015    0.7714    0.3195        35

      accuracy                         0.7233     51535
     macro avg     0.6373    0.5547    0.4713     51535
  weighted avg     0.8055    0.7233    0.7165     51535

2026-03-11 16:54:44,759 [INFO] 
Constructing Expert Metrics Matrix...
2026-03-11 16:54:46,761 [INFO] Saved: results/logs_exact_taxonomy_moe_20260311_165423/exact_taxonomy_metrics.csv
2026-03-11 16:54:46,761 [INFO] 
Total elapsed time: 23.63s
