2026-06-30 00:30:05,725  INFO  Args: {'data': 'data/cic2017_chrono_v2.pkl', 'seed': 42, 'n_estimators': 300, 'gate_n_estimators': 200, 'binary_n_estimators': 300, 'binary_threshold': 0.1, 'ood_gate': 'energy', 'threshold_mode': 'hard_negative', 'threshold_quantile': 0.05, 'sweep_quantiles': '0.001,0.002,0.005,0.01,0.02,0.05', 'sweep_benign_penalty': 3.0, 'sweep_non_owned_penalty': 1.0, 'sweep_min_owned_accept': 0.95, 'sweep_min_owned_penalty': 5.0, 'imood_alpha': 1.0, 'oe_neg_ratio': 2.0, 'id_margin': 0.25, 'stability_lambda': 0.2, 'fallback_margin_gap': 0.0, 'perturb': 'feature_group_mask', 'n_views': 5, 'p_mask': 0.3, 'noise_std': 0.05, 'disable_exp0_ood': False, 'exp0_ood_quantile': 0.05, 'exp0_attack_override_threshold': 0.5, 'skip_expert_threshold_retune': False, 'skip_source_val_eval': False, 'external_ood_data': None, 'sc_ood_data': None, 'select_mode': 'tta_confidence_v2'}
2026-06-30 00:30:05,725  INFO  Running chronological original-label v2
2026-06-30 00:30:06,933  INFO  Device: cuda
2026-06-30 00:30:06,933  INFO  Loaded v2 data: train=1,275,094 val=425,032 test_known=425,032 test_ood=702,718
2026-06-30 00:30:06,933  INFO  Source-train labels: ['dos-goldeneye', 'dos-hulk', 'dos-slowhttptest', 'dos-slowloris', 'ftp-patator', 'heartbleed', 'infiltration', 'normal', 'ssh-patator', 'web-attack-brute-force', 'web-attack-sql-injection', 'web-attack-xss']
2026-06-30 00:30:06,933  INFO  Original eval labels: ['bot', 'ddos', 'dos-goldeneye', 'dos-hulk', 'dos-slowhttptest', 'dos-slowloris', 'ftp-patator', 'heartbleed', 'infiltration', 'normal', 'portscan', 'ssh-patator', 'web-attack-brute-force', 'web-attack-sql-injection', 'web-attack-xss']
2026-06-30 00:30:06,933  INFO  Benign source id=7, benign original id=9
2026-06-30 00:30:07,078  INFO  Perturbation feature groups: {'volume': 31, 'timing': 23, 'tcp': 34}
2026-06-30 00:30:07,078  INFO  Training global XGBoost baseline
2026-06-30 00:30:16,911  INFO  Baseline trained in 9.8s
2026-06-30 00:30:17,136  INFO  Exp0 energy OOD threshold calibrated: q=0.0500, threshold=-1.0504, scale=0.9564
2026-06-30 00:30:17,136  INFO  Training expert0 binary benign/attack gate
2026-06-30 00:30:19,269  INFO  Chronological v2 known-attack experts:
2026-06-30 00:30:19,269  INFO    DoS_Like_Known: dos-goldeneye, dos-hulk, dos-slowhttptest, dos-slowloris
2026-06-30 00:30:19,269  INFO    Credential_Web_Like_Known: ftp-patator, ssh-patator, web-attack-brute-force, web-attack-xss
2026-06-30 00:30:19,269  INFO    Rare_Fallback_Known: heartbleed, infiltration, web-attack-sql-injection
2026-06-30 00:30:19,269  INFO  Training expert 0: DoS_Like_Known (4 classes)
2026-06-30 00:30:20,573  INFO    threshold(q=0.0500, mode=hard_negative)=4.6455, score_scale=0.4314
2026-06-30 00:30:20,573  INFO  Training expert 1: Credential_Web_Like_Known (4 classes)
2026-06-30 00:30:21,419  INFO    threshold(q=0.0500, mode=hard_negative)=1.4942, score_scale=1.3312
2026-06-30 00:30:21,419  INFO  Training expert 2: Rare_Fallback_Known (3 classes)
2026-06-30 00:30:21,676  INFO    threshold(q=0.0500, mode=hard_negative)=1.8923, score_scale=0.1327
2026-06-30 00:30:21,676  INFO  Retuning expert OOD thresholds on owned/benign/non-owned validation split
2026-06-30 00:30:21,965  INFO    retuned DoS_Like_Known: threshold 4.6455->4.6455, owned=0.9900, owned_class_mean=0.9471, owned_class_min=0.8827, benign=0.0901, non_owned=0.0037
2026-06-30 00:30:22,252  INFO    retuned Credential_Web_Like_Known: threshold 1.4942->1.4942, owned=0.9950, owned_class_mean=0.9802, owned_class_min=0.9538, benign=0.6944, non_owned=0.2419
2026-06-30 00:30:22,433  INFO    retuned Rare_Fallback_Known: threshold 1.8923->1.8923, owned=0.9231, owned_class_mean=0.9524, owned_class_min=0.8571, benign=0.7704, non_owned=0.7226
2026-06-30 00:30:22,436  INFO  Using v2 router: expert OOD gates define candidates; TTA stability + local confidence select among accepted primary experts
2026-06-30 00:30:22,436  INFO  Evaluating source Mon-Thu validation classification
2026-06-30 00:30:22,935  INFO  Exp0 energy gate: in-distribution 1.0000; binary override 0.1263; downstream 1.0000 (425,028/425,032) | energy_threshold=-1.0504, override_attack_threshold=0.5000
2026-06-30 00:30:23,045  INFO  Binary gate: attack-predicted 0.1269 (53,939/425,028)
2026-06-30 00:30:24,550  INFO  Benign-by-binary-gate rate: 0.8731
2026-06-30 00:30:24,552  INFO  All-reject (attack-gated) rate: 0.0003
2026-06-30 00:30:24,552  INFO  v2 expert selection: OOD gates filter candidates; TTA stability + confidence selects among candidates
2026-06-30 00:30:24,831  INFO  Evaluating known Mon-Thu held-out classification
2026-06-30 00:30:25,375  INFO  Exp0 energy gate: in-distribution 1.0000; binary override 0.1262; downstream 1.0000 (425,028/425,032) | energy_threshold=-1.0504, override_attack_threshold=0.5000
2026-06-30 00:30:25,488  INFO  Binary gate: attack-predicted 0.1268 (53,901/425,028)
2026-06-30 00:30:26,977  INFO  Benign-by-binary-gate rate: 0.8732
2026-06-30 00:30:26,979  INFO  All-reject (attack-gated) rate: 0.0002
2026-06-30 00:30:26,979  INFO  v2 expert selection: OOD gates filter candidates; TTA stability + confidence selects among candidates
2026-06-30 00:30:26,997  INFO  Evaluating Friday OOD rejection
2026-06-30 00:30:27,810  INFO  Exp0 energy gate: in-distribution 1.0000; binary override 0.0932; downstream 1.0000 (702,714/702,718) | energy_threshold=-1.0504, override_attack_threshold=0.5000
2026-06-30 00:30:27,994  INFO  Binary gate: attack-predicted 0.1176 (82,630/702,714)
2026-06-30 00:30:30,234  INFO  Benign-by-binary-gate rate: 0.8824
2026-06-30 00:30:30,237  INFO  All-reject (attack-gated) rate: 0.0000
2026-06-30 00:30:30,237  INFO  v2 expert selection: OOD gates filter candidates; TTA stability + confidence selects among candidates
2026-06-30 00:30:30,296  INFO  Baseline known macro-F1: 0.8695
2026-06-30 00:30:30,324  INFO  MoE known macro-F1:      0.1298
2026-06-30 00:30:30,338  INFO  Friday OOD detect rate: 0.0000 (exp0=0.0000, expert_all_reject=0.0000)
2026-06-30 00:30:31,354  INFO  Saved confusion_matrix_moe_known.png / .csv
2026-06-30 00:30:31,536  INFO  Saved confusion_matrix_baseline_known.png / .csv
2026-06-30 00:30:31,646  INFO  Saved pipeline_funnel.png
2026-06-30 00:30:31,739  INFO  Saved precision_funnel.png
2026-06-30 00:30:32,229  INFO  Saved gate_stability_dashboard.png
2026-06-30 00:30:32,559  INFO  Saved 2b_ood_per_class_funnel.csv/png
2026-06-30 00:30:32,840  INFO  Saved 2e_ood_gate_tta_dashboard.csv/png
2026-06-30 00:30:33,057  INFO  Results: results/20260630_003005_725694_pid63849_chrono_v2
