2026-07-02 10:33:16,797  INFO  Args: {'data': 'data/cic2017_chrono_v2.pkl', 'seed': 42, 'threshold_strategy': 'per_class_min', 'ood_quantile': 0.05, 'temperature': 1.0, 'epochs': 80, 'patience': 10, 'batch_size': 4096, 'test_batch_size': 8192, 'lr': 0.001, 'weight_decay': 0.0001, 'mlp_hidden': '256,128,64', 'mlp_dropout': 0.1, 'class_weight': 'sqrt_balanced', 'scaler_chunk_size': 200000, 'workers': 0, 'max_train': 0, 'max_val': 0, 'max_test_known': 0, 'max_friday': 0, 'skip_score_dump': False, 'out_root': 'results'}
2026-07-02 10:33:16,874  INFO  Device: cuda
2026-07-02 10:33:17,107  INFO  Loaded CIC chrono data: train=1,275,094 val=425,032 test_known=425,032 friday=702,718
2026-07-02 10:33:17,107  INFO  Source classes: ['dos-goldeneye', 'dos-hulk', 'dos-slowhttptest', 'dos-slowloris', 'ftp-patator', 'heartbleed', 'infiltration', 'normal', 'ssh-patator', 'web-attack-brute-force', 'web-attack-sql-injection', 'web-attack-xss']
2026-07-02 10:33:17,107  INFO  Original classes: ['bot', 'ddos', 'dos-goldeneye', 'dos-hulk', 'dos-slowhttptest', 'dos-slowloris', 'ftp-patator', 'heartbleed', 'infiltration', 'normal', 'portscan', 'ssh-patator', 'web-attack-brute-force', 'web-attack-sql-injection', 'web-attack-xss']
2026-07-02 10:33:17,107  INFO  Using rows after optional subsampling: train=1,275,094 val=425,032 test_known=425,032 friday=702,718
2026-07-02 10:33:17,555  INFO  StandardScaler fitted on 1,275,094 train rows
2026-07-02 10:33:17,564  INFO  Class weights (sqrt_balanced): [0.147599995136261, 0.031199999153614044, 0.20200000703334808, 0.19670000672340393, 0.1680999994277954, 4.3850998878479, 2.4735000133514404, 0.010999999940395355, 0.19509999454021454, 0.38589999079704285, 3.2177999019622803, 0.5860000252723694]
2026-07-02 10:33:22,253  INFO  epoch=001 train_loss=0.2987 train_acc=0.9594 val_loss=0.0020 val_acc=0.9674 val_macro_f1=0.5213 lr=0.001000 time=4.2s
2026-07-02 10:33:26,397  INFO  epoch=002 train_loss=0.1147 train_acc=0.9750 val_loss=0.0017 val_acc=0.9748 val_macro_f1=0.6243 lr=0.000998 time=4.1s
2026-07-02 10:33:30,530  INFO  epoch=003 train_loss=0.0994 train_acc=0.9769 val_loss=0.0014 val_acc=0.9781 val_macro_f1=0.6188 lr=0.000997 time=4.1s
2026-07-02 10:33:34,659  INFO  epoch=004 train_loss=0.0891 train_acc=0.9793 val_loss=0.0014 val_acc=0.9783 val_macro_f1=0.6511 lr=0.000994 time=4.1s
2026-07-02 10:33:38,855  INFO  epoch=005 train_loss=0.0857 train_acc=0.9807 val_loss=0.0016 val_acc=0.9795 val_macro_f1=0.6616 lr=0.000990 time=4.2s
2026-07-02 10:33:43,081  INFO  epoch=006 train_loss=0.0834 train_acc=0.9807 val_loss=0.0013 val_acc=0.9849 val_macro_f1=0.6706 lr=0.000986 time=4.2s
2026-07-02 10:33:47,222  INFO  epoch=007 train_loss=0.0826 train_acc=0.9807 val_loss=0.0013 val_acc=0.9774 val_macro_f1=0.6450 lr=0.000981 time=4.1s
2026-07-02 10:33:51,329  INFO  epoch=008 train_loss=0.0802 train_acc=0.9817 val_loss=0.0012 val_acc=0.9850 val_macro_f1=0.6647 lr=0.000976 time=4.1s
2026-07-02 10:33:55,429  INFO  epoch=009 train_loss=0.0781 train_acc=0.9822 val_loss=0.0013 val_acc=0.9811 val_macro_f1=0.6466 lr=0.000969 time=4.1s
2026-07-02 10:33:59,530  INFO  epoch=010 train_loss=0.0759 train_acc=0.9830 val_loss=0.0013 val_acc=0.9804 val_macro_f1=0.6834 lr=0.000962 time=4.1s
2026-07-02 10:34:03,689  INFO  epoch=011 train_loss=0.0741 train_acc=0.9832 val_loss=0.0012 val_acc=0.9843 val_macro_f1=0.6718 lr=0.000954 time=4.2s
2026-07-02 10:34:07,907  INFO  epoch=012 train_loss=0.0744 train_acc=0.9830 val_loss=0.0012 val_acc=0.9810 val_macro_f1=0.6850 lr=0.000946 time=4.2s
2026-07-02 10:34:12,130  INFO  epoch=013 train_loss=0.0758 train_acc=0.9827 val_loss=0.0012 val_acc=0.9821 val_macro_f1=0.6711 lr=0.000936 time=4.2s
2026-07-02 10:34:16,359  INFO  epoch=014 train_loss=0.0726 train_acc=0.9831 val_loss=0.0012 val_acc=0.9862 val_macro_f1=0.6713 lr=0.000926 time=4.2s
2026-07-02 10:34:20,489  INFO  epoch=015 train_loss=0.0724 train_acc=0.9834 val_loss=0.0012 val_acc=0.9852 val_macro_f1=0.6715 lr=0.000916 time=4.1s
2026-07-02 10:34:24,687  INFO  epoch=016 train_loss=0.0708 train_acc=0.9851 val_loss=0.0012 val_acc=0.9847 val_macro_f1=0.6628 lr=0.000905 time=4.2s
2026-07-02 10:34:28,872  INFO  epoch=017 train_loss=0.0701 train_acc=0.9846 val_loss=0.0012 val_acc=0.9887 val_macro_f1=0.7001 lr=0.000893 time=4.2s
2026-07-02 10:34:33,007  INFO  epoch=018 train_loss=0.0671 train_acc=0.9856 val_loss=0.0012 val_acc=0.9885 val_macro_f1=0.6747 lr=0.000880 time=4.1s
2026-07-02 10:34:37,140  INFO  epoch=019 train_loss=0.0675 train_acc=0.9852 val_loss=0.0011 val_acc=0.9871 val_macro_f1=0.6796 lr=0.000867 time=4.1s
2026-07-02 10:34:41,282  INFO  epoch=020 train_loss=0.0696 train_acc=0.9845 val_loss=0.0013 val_acc=0.9806 val_macro_f1=0.6658 lr=0.000854 time=4.1s
2026-07-02 10:34:45,413  INFO  epoch=021 train_loss=0.0648 train_acc=0.9862 val_loss=0.0012 val_acc=0.9845 val_macro_f1=0.7094 lr=0.000839 time=4.1s
2026-07-02 10:34:49,550  INFO  epoch=022 train_loss=0.0695 train_acc=0.9843 val_loss=0.0012 val_acc=0.9822 val_macro_f1=0.6627 lr=0.000825 time=4.1s
2026-07-02 10:34:53,687  INFO  epoch=023 train_loss=0.0656 train_acc=0.9857 val_loss=0.0012 val_acc=0.9871 val_macro_f1=0.6736 lr=0.000810 time=4.1s
2026-07-02 10:34:57,814  INFO  epoch=024 train_loss=0.0639 train_acc=0.9867 val_loss=0.0012 val_acc=0.9823 val_macro_f1=0.6742 lr=0.000794 time=4.1s
2026-07-02 10:35:01,917  INFO  epoch=025 train_loss=0.0645 train_acc=0.9862 val_loss=0.0011 val_acc=0.9867 val_macro_f1=0.6883 lr=0.000778 time=4.1s
2026-07-02 10:35:06,128  INFO  epoch=026 train_loss=0.0633 train_acc=0.9865 val_loss=0.0012 val_acc=0.9843 val_macro_f1=0.6839 lr=0.000761 time=4.2s
2026-07-02 10:35:10,349  INFO  epoch=027 train_loss=0.0626 train_acc=0.9870 val_loss=0.0011 val_acc=0.9857 val_macro_f1=0.6917 lr=0.000744 time=4.2s
2026-07-02 10:35:14,566  INFO  epoch=028 train_loss=0.0618 train_acc=0.9868 val_loss=0.0011 val_acc=0.9881 val_macro_f1=0.6814 lr=0.000727 time=4.2s
2026-07-02 10:35:18,779  INFO  epoch=029 train_loss=0.0612 train_acc=0.9878 val_loss=0.0012 val_acc=0.9815 val_macro_f1=0.6780 lr=0.000709 time=4.2s
2026-07-02 10:35:22,970  INFO  epoch=030 train_loss=0.0613 train_acc=0.9869 val_loss=0.0011 val_acc=0.9894 val_macro_f1=0.6964 lr=0.000691 time=4.2s
2026-07-02 10:35:27,068  INFO  epoch=031 train_loss=0.0603 train_acc=0.9873 val_loss=0.0011 val_acc=0.9890 val_macro_f1=0.7105 lr=0.000673 time=4.1s
2026-07-02 10:35:31,244  INFO  epoch=032 train_loss=0.0603 train_acc=0.9874 val_loss=0.0011 val_acc=0.9877 val_macro_f1=0.7045 lr=0.000655 time=4.2s
2026-07-02 10:35:35,471  INFO  epoch=033 train_loss=0.0582 train_acc=0.9878 val_loss=0.0010 val_acc=0.9882 val_macro_f1=0.6995 lr=0.000636 time=4.2s
2026-07-02 10:35:39,694  INFO  epoch=034 train_loss=0.0575 train_acc=0.9886 val_loss=0.0010 val_acc=0.9885 val_macro_f1=0.6950 lr=0.000617 time=4.2s
2026-07-02 10:35:43,853  INFO  epoch=035 train_loss=0.0574 train_acc=0.9883 val_loss=0.0011 val_acc=0.9905 val_macro_f1=0.7053 lr=0.000598 time=4.2s
2026-07-02 10:35:47,958  INFO  epoch=036 train_loss=0.0565 train_acc=0.9884 val_loss=0.0012 val_acc=0.9818 val_macro_f1=0.6694 lr=0.000578 time=4.1s
2026-07-02 10:35:52,189  INFO  epoch=037 train_loss=0.0582 train_acc=0.9876 val_loss=0.0010 val_acc=0.9895 val_macro_f1=0.7117 lr=0.000559 time=4.2s
2026-07-02 10:35:56,413  INFO  epoch=038 train_loss=0.0561 train_acc=0.9888 val_loss=0.0011 val_acc=0.9877 val_macro_f1=0.6889 lr=0.000539 time=4.2s
2026-07-02 10:36:00,642  INFO  epoch=039 train_loss=0.0556 train_acc=0.9892 val_loss=0.0010 val_acc=0.9898 val_macro_f1=0.7052 lr=0.000520 time=4.2s
2026-07-02 10:36:04,764  INFO  epoch=040 train_loss=0.0554 train_acc=0.9888 val_loss=0.0010 val_acc=0.9888 val_macro_f1=0.6998 lr=0.000500 time=4.1s
2026-07-02 10:36:09,001  INFO  epoch=041 train_loss=0.0562 train_acc=0.9884 val_loss=0.0010 val_acc=0.9902 val_macro_f1=0.6948 lr=0.000480 time=4.2s
2026-07-02 10:36:13,224  INFO  epoch=042 train_loss=0.0529 train_acc=0.9898 val_loss=0.0011 val_acc=0.9842 val_macro_f1=0.6852 lr=0.000461 time=4.2s
2026-07-02 10:36:17,430  INFO  epoch=043 train_loss=0.0535 train_acc=0.9895 val_loss=0.0011 val_acc=0.9882 val_macro_f1=0.7117 lr=0.000441 time=4.2s
2026-07-02 10:36:21,637  INFO  epoch=044 train_loss=0.0518 train_acc=0.9901 val_loss=0.0010 val_acc=0.9906 val_macro_f1=0.7005 lr=0.000422 time=4.2s
2026-07-02 10:36:25,859  INFO  epoch=045 train_loss=0.0535 train_acc=0.9898 val_loss=0.0010 val_acc=0.9888 val_macro_f1=0.7048 lr=0.000402 time=4.2s
2026-07-02 10:36:30,077  INFO  epoch=046 train_loss=0.0536 train_acc=0.9898 val_loss=0.0010 val_acc=0.9891 val_macro_f1=0.7115 lr=0.000383 time=4.2s
2026-07-02 10:36:34,295  INFO  epoch=047 train_loss=0.0505 train_acc=0.9905 val_loss=0.0010 val_acc=0.9899 val_macro_f1=0.7138 lr=0.000364 time=4.2s
2026-07-02 10:36:38,486  INFO  epoch=048 train_loss=0.0523 train_acc=0.9899 val_loss=0.0010 val_acc=0.9921 val_macro_f1=0.7086 lr=0.000345 time=4.2s
2026-07-02 10:36:42,614  INFO  epoch=049 train_loss=0.0531 train_acc=0.9901 val_loss=0.0010 val_acc=0.9913 val_macro_f1=0.7028 lr=0.000327 time=4.1s
2026-07-02 10:36:46,833  INFO  epoch=050 train_loss=0.0507 train_acc=0.9905 val_loss=0.0010 val_acc=0.9912 val_macro_f1=0.7095 lr=0.000309 time=4.2s
2026-07-02 10:36:50,953  INFO  epoch=051 train_loss=0.0493 train_acc=0.9908 val_loss=0.0010 val_acc=0.9917 val_macro_f1=0.7177 lr=0.000291 time=4.1s
2026-07-02 10:36:55,124  INFO  epoch=052 train_loss=0.0491 train_acc=0.9908 val_loss=0.0009 val_acc=0.9925 val_macro_f1=0.7025 lr=0.000273 time=4.2s
2026-07-02 10:36:59,283  INFO  epoch=053 train_loss=0.0488 train_acc=0.9911 val_loss=0.0010 val_acc=0.9911 val_macro_f1=0.7148 lr=0.000256 time=4.2s
2026-07-02 10:37:03,482  INFO  epoch=054 train_loss=0.0481 train_acc=0.9913 val_loss=0.0010 val_acc=0.9912 val_macro_f1=0.7120 lr=0.000239 time=4.2s
2026-07-02 10:37:07,692  INFO  epoch=055 train_loss=0.0475 train_acc=0.9916 val_loss=0.0010 val_acc=0.9912 val_macro_f1=0.7194 lr=0.000222 time=4.2s
2026-07-02 10:37:11,908  INFO  epoch=056 train_loss=0.0478 train_acc=0.9914 val_loss=0.0010 val_acc=0.9912 val_macro_f1=0.7240 lr=0.000206 time=4.2s
2026-07-02 10:37:16,052  INFO  epoch=057 train_loss=0.0475 train_acc=0.9914 val_loss=0.0010 val_acc=0.9908 val_macro_f1=0.7292 lr=0.000190 time=4.1s
2026-07-02 10:37:20,174  INFO  epoch=058 train_loss=0.0468 train_acc=0.9915 val_loss=0.0009 val_acc=0.9918 val_macro_f1=0.7315 lr=0.000175 time=4.1s
2026-07-02 10:37:24,259  INFO  epoch=059 train_loss=0.0460 train_acc=0.9919 val_loss=0.0010 val_acc=0.9911 val_macro_f1=0.7454 lr=0.000161 time=4.1s
2026-07-02 10:37:28,349  INFO  epoch=060 train_loss=0.0462 train_acc=0.9920 val_loss=0.0010 val_acc=0.9928 val_macro_f1=0.7268 lr=0.000146 time=4.1s
2026-07-02 10:37:32,450  INFO  epoch=061 train_loss=0.0456 train_acc=0.9921 val_loss=0.0009 val_acc=0.9915 val_macro_f1=0.7218 lr=0.000133 time=4.1s
2026-07-02 10:37:36,546  INFO  epoch=062 train_loss=0.0453 train_acc=0.9923 val_loss=0.0009 val_acc=0.9918 val_macro_f1=0.7281 lr=0.000120 time=4.1s
2026-07-02 10:37:40,676  INFO  epoch=063 train_loss=0.0448 train_acc=0.9924 val_loss=0.0010 val_acc=0.9925 val_macro_f1=0.7316 lr=0.000107 time=4.1s
2026-07-02 10:37:44,788  INFO  epoch=064 train_loss=0.0449 train_acc=0.9926 val_loss=0.0010 val_acc=0.9929 val_macro_f1=0.7224 lr=0.000095 time=4.1s
2026-07-02 10:37:48,917  INFO  epoch=065 train_loss=0.0442 train_acc=0.9926 val_loss=0.0010 val_acc=0.9929 val_macro_f1=0.7284 lr=0.000084 time=4.1s
2026-07-02 10:37:53,035  INFO  epoch=066 train_loss=0.0446 train_acc=0.9927 val_loss=0.0009 val_acc=0.9930 val_macro_f1=0.7294 lr=0.000074 time=4.1s
2026-07-02 10:37:57,126  INFO  epoch=067 train_loss=0.0437 train_acc=0.9929 val_loss=0.0010 val_acc=0.9921 val_macro_f1=0.7305 lr=0.000064 time=4.1s
2026-07-02 10:38:01,252  INFO  epoch=068 train_loss=0.0434 train_acc=0.9930 val_loss=0.0010 val_acc=0.9930 val_macro_f1=0.7281 lr=0.000054 time=4.1s
2026-07-02 10:38:05,339  INFO  epoch=069 train_loss=0.0430 train_acc=0.9932 val_loss=0.0009 val_acc=0.9938 val_macro_f1=0.7300 lr=0.000046 time=4.1s
2026-07-02 10:38:05,339  INFO  Early stopping at epoch=69; best_epoch=59
2026-07-02 10:38:05,339  INFO  Best validation macro-F1=0.7454 at epoch=59
2026-07-02 10:38:05,339  INFO  Training completed in 287.8s
2026-07-02 10:38:05,340  INFO  Collecting streaming energy scores for CIC ID/Friday splits
2026-07-02 10:38:08,576  INFO  Energy threshold calibrated: strategy=per_class_min, q=0.0500, threshold=2.2046, scale=1.1442
2026-07-02 10:38:08,576  INFO  Energy gate: source known in-distribution=0.9991, Friday unseen attack detected=0.0002, Friday benign false-OOD=0.0006
2026-07-02 10:38:08,576  INFO  CIC known test accuracy=0.9910, macro-F1=0.7248, weighted-F1=0.9920
2026-07-02 10:38:08,576  INFO  OOD AUROC=0.7054, AUPR=0.6802, FPR95=0.9317, unseen_detect@tau=0.0002
2026-07-02 10:38:10,336  INFO  Results: results/20260702_103316_797346_pid13387_cic2017_mlp_energy
