2026-03-12 13:19:03,045 [INFO] XGBoost device: cpu
2026-03-12 13:19:10,860 [INFO] Dataset type: cic2018
2026-03-12 13:19:10,860 [INFO] X shape: (16179097, 78), num_classes: 15
2026-03-12 13:19:10,860 [INFO] Class names: ['benign', 'bot', 'brute-force--web', 'brute-force--xss', 'ddos-attack-hoic', 'ddos-attack-loic-udp', 'ddos-attacks-loic-http', 'dos-attacks-goldeneye', 'dos-attacks-hulk', 'dos-attacks-slowhttptest', 'dos-attacks-slowloris', 'ftp-bruteforce', 'infilteration', 'sql-injection', 'ssh-bruteforce']
2026-03-12 13:19:10,860 [INFO] Family IDs: {0: 'Normal', 1: 'Group1', 2: 'Group2', 3: 'Group3', 4: 'Group4'}
2026-03-12 13:19:10,861 [WARNING] No valid scenario/group/timestamp split with adequate class/family coverage found. Falling back to stratified random split. For CICIDS papers, blocked or scenario-aware splits are preferred.
2026-03-12 13:19:21,864 [INFO] Stratified-random split coverage check passed.
2026-03-12 13:19:22,040 [INFO] 
=== Training baseline single XGBoost ===
2026-03-12 13:35:08,749 [INFO] 
=== Training FAR-MoE ===
2026-03-12 13:35:09,564 [INFO] Training coarse family router...
2026-03-12 13:39:34,998 [INFO] Taxonomy groups:
2026-03-12 13:39:34,998 [INFO]   Normal  : ['benign']
2026-03-12 13:39:34,998 [INFO]   Group1  : ['ddos-attack-hoic', 'ddos-attack-loic-udp', 'ddos-attacks-loic-http', 'dos-attacks-goldeneye', 'dos-attacks-hulk', 'dos-attacks-slowhttptest', 'dos-attacks-slowloris']
2026-03-12 13:39:34,998 [INFO]   Group2  : ['ftp-bruteforce', 'ssh-bruteforce']
2026-03-12 13:39:34,998 [INFO]   Group3  : ['brute-force--web', 'brute-force--xss', 'sql-injection']
2026-03-12 13:39:34,998 [INFO]   Group4  : ['bot', 'infilteration']
2026-03-12 13:39:34,998 [INFO] Tail classes: ['sql-injection', 'brute-force--xss', 'brute-force--web', 'ddos-attack-loic-udp']
2026-03-12 13:39:34,998 [INFO] Training expert [00] Anchor_Global | feature_dim=78 | target_classes=None | extra_negatives=[]
2026-03-12 13:55:21,545 [INFO] Training expert [01] Balanced_Global | feature_dim=78 | target_classes=None | extra_negatives=[]
2026-03-12 14:03:24,836 [INFO] Training expert [02] Tail_Expert | feature_dim=78 | target_classes=[13, 3, 2, 5] | extra_negatives=[1, 11, 12, 14]
2026-03-12 14:07:25,798 [INFO] Training expert [03] Spec_Group1_volume | feature_dim=6 | target_classes=[4, 5, 6, 7, 8, 9, 10] | extra_negatives=[1, 11, 12, 14]
2026-03-12 14:14:32,356 [INFO] Training expert [04] Spec_Group2_timing | feature_dim=22 | target_classes=[11, 14] | extra_negatives=[1, 4, 5, 6, 7, 8, 9, 10, 12]
2026-03-12 14:24:35,218 [INFO] Training expert [05] Spec_Group3_packet | feature_dim=16 | target_classes=[2, 3, 13] | extra_negatives=[1, 4, 5, 6, 7, 8, 9, 10, 12]
2026-03-12 14:29:53,583 [INFO] Training expert [06] Spec_Group4_tcp | feature_dim=12 | target_classes=[1, 12] | extra_negatives=[4, 5, 6, 7, 8, 9, 10, 11, 14]
2026-03-12 14:37:25,185 [INFO] Training expert [07] Rand_1_volume | feature_dim=6 | target_classes=[7, 9, 10] | extra_negatives=[1, 12]
2026-03-12 14:40:42,113 [INFO] Training expert [08] Rand_2_packet | feature_dim=16 | target_classes=[1, 2, 4, 5, 6, 7, 8, 9, 11, 12, 14] | extra_negatives=[]
2026-03-12 14:48:33,334 [INFO] Training expert [09] Rand_3_volume | feature_dim=6 | target_classes=[1, 2, 6, 10, 12, 13, 14] | extra_negatives=[]
2026-03-12 14:51:01,784 [INFO] Final trained experts:
2026-03-12 14:51:01,784 [INFO]   [00] Anchor_Global            | local_classes=['benign', 'bot', 'brute-force--web', 'brute-force--xss', 'ddos-attack-hoic', 'ddos-attack-loic-udp', 'ddos-attacks-loic-http', 'dos-attacks-goldeneye', 'dos-attacks-hulk', 'dos-attacks-slowhttptest', 'dos-attacks-slowloris', 'ftp-bruteforce', 'infilteration', 'sql-injection', 'ssh-bruteforce'] | train_size=10354621 | val_acc=0.9911
2026-03-12 14:51:01,784 [INFO]   [01] Balanced_Global          | local_classes=['benign', 'bot', 'brute-force--web', 'brute-force--xss', 'ddos-attack-hoic', 'ddos-attack-loic-udp', 'ddos-attacks-loic-http', 'dos-attacks-goldeneye', 'dos-attacks-hulk', 'dos-attacks-slowhttptest', 'dos-attacks-slowloris', 'ftp-bruteforce', 'infilteration', 'sql-injection', 'ssh-bruteforce'] | train_size=10354621 | val_acc=0.9515
2026-03-12 14:51:01,784 [INFO]   [02] Tail_Expert              | local_classes=['benign', 'bot', 'brute-force--web', 'brute-force--xss', 'ddos-attack-loic-udp', 'ftp-bruteforce', 'infilteration', 'sql-injection', 'ssh-bruteforce'] | train_size=9128059 | val_acc=0.9427
2026-03-12 14:51:01,784 [INFO]   [03] Spec_Group1_volume       | local_classes=['benign', 'bot', 'ddos-attack-hoic', 'ddos-attack-loic-udp', 'ddos-attacks-loic-http', 'dos-attacks-goldeneye', 'dos-attacks-hulk', 'dos-attacks-slowhttptest', 'dos-attacks-slowloris', 'ftp-bruteforce', 'infilteration', 'ssh-bruteforce'] | train_size=10354027 | val_acc=0.7660
2026-03-12 14:51:01,784 [INFO]   [04] Spec_Group2_timing       | local_classes=['benign', 'bot', 'ddos-attack-hoic', 'ddos-attack-loic-udp', 'ddos-attacks-loic-http', 'dos-attacks-goldeneye', 'dos-attacks-hulk', 'dos-attacks-slowhttptest', 'dos-attacks-slowloris', 'ftp-bruteforce', 'infilteration', 'ssh-bruteforce'] | train_size=10354027 | val_acc=0.8776
2026-03-12 14:51:01,784 [INFO]   [05] Spec_Group3_packet       | local_classes=['benign', 'bot', 'brute-force--web', 'brute-force--xss', 'ddos-attack-hoic', 'ddos-attack-loic-udp', 'ddos-attacks-loic-http', 'dos-attacks-goldeneye', 'dos-attacks-hulk', 'dos-attacks-slowhttptest', 'dos-attacks-slowloris', 'infilteration', 'sql-injection'] | train_size=10110818 | val_acc=0.7162
2026-03-12 14:51:01,784 [INFO]   [06] Spec_Group4_tcp          | local_classes=['benign', 'bot', 'ddos-attack-hoic', 'ddos-attack-loic-udp', 'ddos-attacks-loic-http', 'dos-attacks-goldeneye', 'dos-attacks-hulk', 'dos-attacks-slowhttptest', 'dos-attacks-slowloris', 'ftp-bruteforce', 'infilteration', 'ssh-bruteforce'] | train_size=10354027 | val_acc=0.0794
2026-03-12 14:51:01,784 [INFO]   [07] Rand_1_volume            | local_classes=['benign', 'bot', 'dos-attacks-goldeneye', 'dos-attacks-slowhttptest', 'dos-attacks-slowloris', 'infilteration'] | train_size=9005684 | val_acc=0.7955
2026-03-12 14:51:01,784 [INFO]   [08] Rand_2_packet            | local_classes=['benign', 'bot', 'brute-force--web', 'ddos-attack-hoic', 'ddos-attack-loic-udp', 'ddos-attacks-loic-http', 'dos-attacks-goldeneye', 'dos-attacks-hulk', 'dos-attacks-slowhttptest', 'ftp-bruteforce', 'infilteration', 'ssh-bruteforce'] | train_size=10347384 | val_acc=0.7574
2026-03-12 14:51:01,784 [INFO]   [09] Rand_3_volume            | local_classes=['benign', 'bot', 'brute-force--web', 'ddos-attacks-loic-http', 'dos-attacks-slowloris', 'infilteration', 'sql-injection', 'ssh-bruteforce'] | train_size=9378855 | val_acc=0.7101
2026-03-12 14:51:01,784 [INFO] Routing semantics: always include 2 anchor/generalist experts, plus up to 3 additional specialists per sample after OOD filtering.
2026-03-12 14:51:01,785 [INFO] Fitting expert-specific competence models...
2026-03-12 14:53:05,196 [INFO]   [Anchor_Global] val_acc=0.9910 | coef(prior,margin,entropy,ood)=(-1.651, -1.593, -3.250, -0.175)
2026-03-12 14:53:05,321 [INFO]   [Balanced_Global] val_acc=0.9513 | coef(prior,margin,entropy,ood)=(-21.274, 1.047, -4.133, -0.155)
2026-03-12 14:53:05,432 [INFO]   [Tail_Expert] val_acc=0.8306 | coef(prior,margin,entropy,ood)=(-8.879, 0.942, 0.466, 0.715)
2026-03-12 14:53:05,541 [INFO]   [Spec_Group1_volume] val_acc=0.7660 | coef(prior,margin,entropy,ood)=(1.808, -0.543, -1.668, -0.071)
2026-03-12 14:53:05,665 [INFO]   [Spec_Group2_timing] val_acc=0.8775 | coef(prior,margin,entropy,ood)=(2.645, -1.332, -2.866, 1.207)
2026-03-12 14:53:05,795 [INFO]   [Spec_Group3_packet] val_acc=0.6989 | coef(prior,margin,entropy,ood)=(-0.040, -10.565, -25.500, -0.291)
2026-03-12 14:53:05,898 [INFO]   [Spec_Group4_tcp] val_acc=0.0794 | coef(prior,margin,entropy,ood)=(2.424, -1.542, -1.735, 0.698)
2026-03-12 14:53:06,008 [INFO]   [Rand_1_volume] val_acc=0.6915 | coef(prior,margin,entropy,ood)=(-3.035, -1.336, -2.527, -0.196)
2026-03-12 14:53:06,123 [INFO]   [Rand_2_packet] val_acc=0.7565 | coef(prior,margin,entropy,ood)=(-1.317, -1.383, -3.643, -0.114)
2026-03-12 14:53:06,245 [INFO]   [Rand_3_volume] val_acc=0.6426 | coef(prior,margin,entropy,ood)=(-2.391, 0.182, -0.801, -0.108)
2026-03-12 14:53:06,263 [INFO] 
========================================================================
2026-03-12 14:53:06,263 [INFO] FINAL EVALUATION ON TEST SET
2026-03-12 14:53:06,263 [INFO] ========================================================================
2026-03-12 14:53:25,172 [INFO] 
--- Baseline Single XGBoost ---
2026-03-12 14:53:25,172 [INFO] Accuracy: 0.9910 | eval time: 18.91s
2026-03-12 14:53:25,570 [INFO] 
                          precision    recall  f1-score   support

                  benign     0.9895    0.9998    0.9946   2686174
                     bot     1.0000    0.9998    0.9999     57238
        brute-force--web     0.9344    0.4672    0.6230       122
        brute-force--xss     0.9250    0.8043    0.8605        46
        ddos-attack-hoic     1.0000    1.0000    1.0000    137203
    ddos-attack-loic-udp     0.8245    0.8960    0.8587       346
  ddos-attacks-loic-http     0.9996    0.9994    0.9995    115238
   dos-attacks-goldeneye     1.0000    1.0000    1.0000      8302
        dos-attacks-hulk     1.0000    1.0000    1.0000     92382
dos-attacks-slowhttptest     1.0000    1.0000    1.0000     27978
   dos-attacks-slowloris     1.0000    1.0000    1.0000      2198
          ftp-bruteforce     0.9999    1.0000    0.9999     38671
           infilteration     0.8843    0.1258    0.2203     32387
           sql-injection     1.0000    0.2941    0.4545        17
          ssh-bruteforce     1.0000    0.9999    0.9999     37518

                accuracy                         0.9910   3235820
               macro avg     0.9705    0.8391    0.8674   3235820
            weighted avg     0.9901    0.9910    0.9877   3235820

2026-03-12 14:56:02,556 [INFO] 
--- FAR-MoE ---
2026-03-12 14:56:02,556 [INFO] Accuracy: 0.9610 | eval time: 156.99s
2026-03-12 14:56:02,965 [INFO] 
                          precision    recall  f1-score   support

                  benign     0.9999    0.9554    0.9772   2686174
                     bot     0.9989    0.9999    0.9994     57238
        brute-force--web     0.8387    0.4262    0.5652       122
        brute-force--xss     0.6444    0.6304    0.6374        46
        ddos-attack-hoic     0.9997    1.0000    0.9998    137203
    ddos-attack-loic-udp     0.6920    1.0000    0.8180       346
  ddos-attacks-loic-http     0.9996    0.9984    0.9990    115238
   dos-attacks-goldeneye     0.9983    0.9995    0.9989      8302
        dos-attacks-hulk     0.9396    1.0000    0.9689     92382
dos-attacks-slowhttptest     0.6390    1.0000    0.7798     27978
   dos-attacks-slowloris     0.9968    0.9968    0.9968      2198
          ftp-bruteforce     0.9997    1.0000    0.9998     38671
           infilteration     0.2012    0.8091    0.3223     32387
           sql-injection     0.6000    0.3529    0.4444        17
          ssh-bruteforce     1.0000    0.9998    0.9999     37518

                accuracy                         0.9610   3235820
               macro avg     0.8365    0.8779    0.8338   3235820
            weighted avg     0.9870    0.9610    0.9714   3235820

2026-03-12 14:56:03,007 [INFO] Saved expert selection summary to results/logs_tailguard_v9_20260312_131903/expert_selection_summary.csv
2026-03-12 14:56:03,256 [INFO] Saved per-class comparison to results/logs_tailguard_v9_20260312_131903/baseline_vs_moe_per_class.csv
2026-03-12 14:56:03,256 [INFO] 
Total elapsed time: 5820.21s
