2026-04-17 13:12:01,040 [INFO] XGBoost device: cuda
2026-04-17 13:12:01,040 [INFO] Args: {'data': 'data/unswnb15_proc.pkl', 'seed': 42, 'batch_size': 20000, 'count_threshold': 1000, 'recall_threshold': 0.85, 'neg_ratio': 50, 'no_smote': False, 'model': 2}
2026-04-17 13:12:01,106 [INFO] Dataset: unswnb15 | X=(257673, 41) | classes=10
2026-04-17 13:12:01,107 [INFO] Class distribution:
  [ 0] analysis                               2677
  [ 1] backdoor                               2329
  [ 2] dos                                   16353
  [ 3] exploits                              44525
  [ 4] fuzzers                               24246
  [ 5] generic                               58871
  [ 6] normal                                93000
  [ 7] reconnaissance                        13987
  [ 8] shellcode                              1511
  [ 9] worms                                   174
2026-04-17 13:12:01,107 [INFO] Normal classes: ['normal']
2026-04-17 13:12:01,107 [WARNING] No group/timestamp split available. Falling back to stratified-random split. Note: temporal leakage risk exists for CICIDS datasets.
2026-04-17 13:12:01,244 [INFO] Split sizes — train=154603 val=51535 test=51535
2026-04-17 13:12:01,244 [INFO] === [1/4] Baseline XGBoost 훈련 ===
2026-04-17 13:12:06,007 [INFO]   [Baseline] val_acc=0.8315 | best_iteration=499
2026-04-17 13:12:06,007 [INFO] === [2/4] Tail class 선정 ===
2026-04-17 13:12:06,038 [INFO] Tail class 선정 결과:
2026-04-17 13:12:06,038 [INFO]   기준A (count < 1000): ['shellcode', 'worms']
2026-04-17 13:12:06,038 [INFO]   기준B (val recall < 0.85): ['analysis', 'backdoor', 'dos', 'fuzzers', 'reconnaissance', 'shellcode', 'worms']
2026-04-17 13:12:06,038 [INFO]   최종 tail classes (7개): ['analysis', 'backdoor', 'dos', 'fuzzers', 'reconnaissance', 'shellcode', 'worms']
2026-04-17 13:12:06,038 [INFO]     analysis                       | train_n= 1606 | val_recall=0.075
2026-04-17 13:12:06,038 [INFO]     backdoor                       | train_n= 1397 | val_recall=0.077
2026-04-17 13:12:06,038 [INFO]     dos                            | train_n= 9811 | val_recall=0.118
2026-04-17 13:12:06,038 [INFO]     fuzzers                        | train_n=14548 | val_recall=0.563
2026-04-17 13:12:06,038 [INFO]     reconnaissance                 | train_n= 8392 | val_recall=0.755
2026-04-17 13:12:06,039 [INFO]     shellcode                      | train_n=  907 | val_recall=0.719
2026-04-17 13:12:06,039 [INFO]     worms                          | train_n=  104 | val_recall=0.543
2026-04-17 13:12:06,039 [INFO] === [3/4] Binary Specialist 훈련 (7개) ===
2026-04-17 13:12:06,299 [INFO]   [Specialist:analysis] n_pos=1606 | n_neg_sampled=80300 | smote=True | spw=1.0 | best_iter=50
2026-04-17 13:12:06,513 [INFO]   [Specialist:backdoor] n_pos=1397 | n_neg_sampled=69850 | smote=True | spw=1.0 | best_iter=51
2026-04-17 13:12:06,862 [INFO]   [Specialist:dos] n_pos=9811 | n_neg_sampled=144792 | smote=True | spw=1.0 | best_iter=44
2026-04-17 13:12:07,667 [INFO]   [Specialist:fuzzers] n_pos=14548 | n_neg_sampled=140055 | smote=True | spw=1.0 | best_iter=398
2026-04-17 13:12:08,099 [INFO]   [Specialist:reconnaissance] n_pos=8392 | n_neg_sampled=146211 | smote=True | spw=1.0 | best_iter=112
2026-04-17 13:12:08,489 [INFO]   [Specialist:shellcode] n_pos=907 | n_neg_sampled=45350 | smote=True | spw=1.0 | best_iter=286
2026-04-17 13:12:08,588 [INFO]   [Specialist:worms] n_pos=104 | n_neg_sampled=5200 | smote=True | spw=1.0 | best_iter=34
2026-04-17 13:12:08,588 [INFO] === [4/4] β per-class tuning ===
2026-04-17 13:12:08,658 [INFO]   analysis                       | val_pos= 536 → β=0.40 (val F1=0.2125)
2026-04-17 13:12:08,697 [INFO]   backdoor                       | val_pos= 466 → β=0.40 (val F1=0.2317)
2026-04-17 13:12:08,738 [INFO]   dos                            | val_pos=3271 → β=0.80 (val F1=0.4862)
2026-04-17 13:12:08,783 [INFO]   fuzzers                        | val_pos=4849 → β=0.80 (val F1=0.6525)
2026-04-17 13:12:08,824 [INFO]   reconnaissance                 | val_pos=2797 → β=0.10 (val F1=0.8317)
2026-04-17 13:12:08,867 [INFO]   shellcode                      | val_pos= 302 → β=0.20 (val F1=0.6796)
2026-04-17 13:12:08,908 [INFO]   worms                          | val_pos=  35 → β=0.20 (val F1=0.5882)
2026-04-17 13:12:08,908 [INFO] 
========================================================================
2026-04-17 13:12:08,908 [INFO] FINAL EVALUATION — TEST SET
2026-04-17 13:12:08,908 [INFO] ========================================================================
2026-04-17 13:12:09,030 [INFO] 
  Accuracy :  Baseline = 0.8335 (0.0s)   MoE = 0.8155 (0.1s)
2026-04-17 13:12:09,034 [INFO] 

class            prec(B)  prec(M)  recall(B) recall(M)    f1(B)   f1(M)    support
----------------------------------------------------------------------------------
normal            0.9063   0.9224     0.9513    0.9253   0.9283  0.9239      18600
generic           0.9950   0.9958     0.9820    0.9813   0.9885  0.9885      11774
exploits          0.6273   0.8453     0.9081    0.5646   0.7421  0.6770       8905
fuzzers           0.7142   0.6689     0.5653    0.6325   0.6311  0.6502       4849
dos               0.4806   0.3412     0.1250    0.8215   0.1984  0.4821       3271
reconnaissance    0.9183   0.9117     0.7677    0.7716   0.8363  0.8358       2798
analysis          0.9608   0.8500     0.0916    0.0953   0.1672  0.1714        535
backdoor          0.7917   0.8261     0.0815    0.0815   0.1479  0.1484        466
shellcode         0.6195   0.6034     0.6954    0.7152   0.6552  0.6545        302
worms             0.5000   0.5000     0.4857    0.4857   0.4928  0.4928         35
----------------------------------------------------------------------------------
macro avg         0.7514   0.7465     0.5654    0.6075   0.5788  0.6025      51535
weighted avg      0.8315   0.8608     0.8335    0.8155   0.8137  0.8207      51535
2026-04-17 13:12:09,041 [INFO] 
--- Specialist 활성화율 (threshold=0.5) ---
2026-04-17 13:12:09,041 [INFO]   analysis                          | fire_all=0.145 | fire_true=0.959 | mean_conf_true=0.727
2026-04-17 13:12:09,041 [INFO]   backdoor                          | fire_all=0.136 | fire_true=0.882 | mean_conf_true=0.658
2026-04-17 13:12:09,041 [INFO]   dos                               | fire_all=0.167 | fire_true=0.823 | mean_conf_true=0.726
2026-04-17 13:12:09,041 [INFO]   fuzzers                           | fire_all=0.110 | fire_true=0.689 | mean_conf_true=0.628
2026-04-17 13:12:09,041 [INFO]   reconnaissance                    | fire_all=0.070 | fire_true=0.841 | mean_conf_true=0.868
2026-04-17 13:12:09,041 [INFO]   shellcode                         | fire_all=0.013 | fire_true=0.861 | mean_conf_true=0.825
2026-04-17 13:12:09,041 [INFO]   worms                             | fire_all=0.013 | fire_true=0.600 | mean_conf_true=0.611
2026-04-17 13:12:09,041 [INFO] 
Saved: results/code1_20260417_131201/baseline_vs_moe_per_class.csv
2026-04-17 13:12:09,041 [INFO] Saved: results/code1_20260417_131201/specialist_activation.csv
2026-04-17 13:12:09,041 [INFO] 
Total elapsed: 8.0s
