2026-04-06 16:37:41,000 [INFO] XGBoost device: cuda
2026-04-06 16:37:41,000 [INFO] CSV split config: attack=episode 6:2:2, normal=chronological 6:2:2
2026-04-06 16:37:41,000 [INFO] Loading [1/10]: 0_Wednesday-14-02-2018_TrafficForML_CICFlowMeter.csv
2026-04-06 16:37:45,530 [INFO] Loading [2/10]: 1_Thursday-15-02-2018_TrafficForML_CICFlowMeter.csv
2026-04-06 16:37:50,289 [INFO] Loading [3/10]: 2_Friday-16-02-2018_TrafficForML_CICFlowMeter.csv
2026-04-06 16:38:08,275 [INFO] Loading [4/10]: 3_Thuesday-20-02-2018_TrafficForML_CICFlowMeter.csv
2026-04-06 16:38:56,302 [INFO] Loading [5/10]: 4_Wednesday-21-02-2018_TrafficForML_CICFlowMeter.csv
2026-04-06 16:39:00,869 [INFO] Loading [6/10]: 5_Thursday-22-02-2018_TrafficForML_CICFlowMeter.csv
2026-04-06 16:39:05,514 [INFO] Loading [7/10]: 6_Friday-23-02-2018_TrafficForML_CICFlowMeter.csv
2026-04-06 16:39:10,268 [INFO] Loading [8/10]: 7_Wednesday-28-02-2018_TrafficForML_CICFlowMeter.csv
2026-04-06 16:39:18,516 [INFO] Loading [9/10]: 8_Thursday-01-03-2018_TrafficForML_CICFlowMeter.csv
2026-04-06 16:39:22,802 [INFO] Loading [10/10]: 9_Friday-02-03-2018_TrafficForML_CICFlowMeter.csv
2026-04-06 16:39:27,359 [INFO] Per-file split rows | 0_Wednesday-14-02-2018_TrafficForML_CICFlowMeter.csv: train=627831, val=209231, test=209236
2026-04-06 16:39:27,359 [INFO] Per-file split rows | 1_Thursday-15-02-2018_TrafficForML_CICFlowMeter.csv: train=626250, val=208682, test=208722
2026-04-06 16:39:27,359 [INFO] Per-file split rows | 2_Friday-16-02-2018_TrafficForML_CICFlowMeter.csv: train=629591, val=209269, test=209714
2026-04-06 16:39:27,359 [INFO] Per-file split rows | 3_Thuesday-20-02-2018_TrafficForML_CICFlowMeter.csv: train=4747190, val=1582398, test=1582393
2026-04-06 16:39:27,359 [INFO] Per-file split rows | 4_Wednesday-21-02-2018_TrafficForML_CICFlowMeter.csv: train=629918, val=209001, test=209656
2026-04-06 16:39:27,359 [INFO] Per-file split rows | 5_Thursday-22-02-2018_TrafficForML_CICFlowMeter.csv: train=627007, val=209004, test=208995
2026-04-06 16:39:27,359 [INFO] Per-file split rows | 6_Friday-23-02-2018_TrafficForML_CICFlowMeter.csv: train=626895, val=208963, test=208963
2026-04-06 16:39:27,359 [INFO] Per-file split rows | 7_Wednesday-28-02-2018_TrafficForML_CICFlowMeter.csv: train=367899, val=122578, test=122594
2026-04-06 16:39:27,359 [INFO] Per-file split rows | 8_Thursday-01-03-2018_TrafficForML_CICFlowMeter.csv: train=198660, val=66219, test=66221
2026-04-06 16:39:27,359 [INFO] Per-file split rows | 9_Friday-02-03-2018_TrafficForML_CICFlowMeter.csv: train=627771, val=209158, test=209088
2026-04-06 16:40:15,130 [INFO] Frequency-encoding categorical columns: ['Dst Port', 'Protocol', 'Flow Duration', 'Tot Fwd Pkts', 'Tot Bwd Pkts', 'TotLen Fwd Pkts', 'TotLen Bwd Pkts', 'Fwd Pkt Len Max', 'Fwd Pkt Len Min', 'Fwd Pkt Len Mean', 'Fwd Pkt Len Std', 'Bwd Pkt Len Max', 'Bwd Pkt Len Min', 'Bwd Pkt Len Mean', 'Bwd Pkt Len Std', 'Flow Byts/s', 'Flow Pkts/s', 'Flow IAT Mean', 'Flow IAT Std', 'Flow IAT Max', 'Flow IAT Min', 'Fwd IAT Tot', 'Fwd IAT Mean', 'Fwd IAT Std', 'Fwd IAT Max', 'Fwd IAT Min', 'Bwd IAT Tot', 'Bwd IAT Mean', 'Bwd IAT Std', 'Bwd IAT Max', 'Bwd IAT Min', 'Fwd PSH Flags', 'Bwd PSH Flags', 'Fwd URG Flags', 'Bwd URG Flags', 'Fwd Header Len', 'Bwd Header Len', 'Fwd Pkts/s', 'Bwd Pkts/s', 'Pkt Len Min', 'Pkt Len Max', 'Pkt Len Mean', 'Pkt Len Std', 'Pkt Len Var', 'FIN Flag Cnt', 'SYN Flag Cnt', 'RST Flag Cnt', 'PSH Flag Cnt', 'ACK Flag Cnt', 'URG Flag Cnt', 'CWE Flag Count', 'ECE Flag Cnt', 'Down/Up Ratio', 'Pkt Size Avg', 'Fwd Seg Size Avg', 'Bwd Seg Size Avg', 'Fwd Byts/b Avg', 'Fwd Pkts/b Avg', 'Fwd Blk Rate Avg', 'Bwd Byts/b Avg', 'Bwd Pkts/b Avg', 'Bwd Blk Rate Avg', 'Subflow Fwd Pkts', 'Subflow Fwd Byts', 'Subflow Bwd Pkts', 'Subflow Bwd Byts', 'Init Fwd Win Byts', 'Init Bwd Win Byts', 'Fwd Act Data Pkts', 'Fwd Seg Size Min', 'Active Mean', 'Active Std', 'Active Max', 'Active Min', 'Idle Mean', 'Idle Std', 'Idle Max', 'Idle Min']
2026-04-06 16:42:47,540 [INFO] Dataset type: cic2018
2026-04-06 16:42:47,540 [INFO] X shape: (16179097, 78), num_classes: 15
2026-04-06 16:42:47,541 [INFO] Class names: ['bot', 'brute-force--web', 'brute-force--xss', 'ddos-attack-hoic', 'ddos-attack-loic-udp', 'ddos-attacks-loic-http', 'dos-attacks-goldeneye', 'dos-attacks-hulk', 'dos-attacks-slowhttptest', 'dos-attacks-slowloris', 'ftp-bruteforce', 'infilteration', 'normal', 'sql-injection', 'ssh-bruteforce']
2026-04-06 16:42:47,541 [INFO] Family IDs: {0: 'Normal', 1: 'Group1', 2: 'Group2', 3: 'Group3', 4: 'Group4'}
2026-04-06 16:42:47,541 [INFO] Using preassigned file-wise chronological split from split_tags.
2026-04-06 16:42:48,638 [INFO] Split class coverage | missing_in_train=[] | missing_in_val=[] | missing_in_test=[]
2026-04-06 16:42:48,702 [INFO] 
=== Training baseline single XGBoost ===
2026-04-06 16:44:09,013 [INFO] 
=== Training FAR-MoE ===
2026-04-06 16:44:09,527 [INFO] Training coarse family router...
2026-04-06 16:44:38,389 [INFO] Taxonomy groups:
2026-04-06 16:44:38,389 [INFO]   Normal  : ['normal']
2026-04-06 16:44:38,389 [INFO]   Group1  : ['ddos-attack-hoic', 'ddos-attack-loic-udp', 'ddos-attacks-loic-http', 'dos-attacks-goldeneye', 'dos-attacks-hulk', 'dos-attacks-slowhttptest', 'dos-attacks-slowloris']
2026-04-06 16:44:38,389 [INFO]   Group2  : ['ftp-bruteforce', 'ssh-bruteforce']
2026-04-06 16:44:38,389 [INFO]   Group3  : ['brute-force--web', 'brute-force--xss', 'sql-injection']
2026-04-06 16:44:38,389 [INFO]   Group4  : ['bot', 'infilteration']
2026-04-06 16:44:38,389 [INFO] Tail classes: ['sql-injection', 'brute-force--xss', 'brute-force--web', 'ddos-attack-loic-udp']
2026-04-06 16:44:38,389 [INFO] Training expert [00] Anchor_Global | feature_dim=78 | target_classes=None | extra_negatives=[]
2026-04-06 16:45:58,978 [INFO] Training expert [01] Balanced_Global | feature_dim=78 | target_classes=None | extra_negatives=[]
2026-04-06 16:46:45,370 [INFO] Training expert [02] Tail_Expert | feature_dim=78 | target_classes=[13, 2, 1, 4] | extra_negatives=[0, 10, 11, 14]
2026-04-06 16:47:19,452 [INFO] Training expert [03] Spec_Group1_volume | feature_dim=6 | target_classes=[3, 4, 5, 6, 7, 8, 9] | extra_negatives=[0, 10, 11, 14]
2026-04-06 16:47:45,937 [INFO] Training expert [04] Spec_Group2_timing | feature_dim=22 | target_classes=[10, 14] | extra_negatives=[0, 3, 4, 5, 6, 7, 8, 9, 11]
2026-04-06 16:48:25,061 [INFO] Training expert [05] Spec_Group3_packet | feature_dim=16 | target_classes=[1, 2, 13] | extra_negatives=[0, 3, 4, 5, 6, 7, 8, 9, 11]
2026-04-06 16:48:43,847 [INFO] Training expert [06] Spec_Group4_tcp | feature_dim=12 | target_classes=[0, 11] | extra_negatives=[3, 4, 5, 6, 7, 8, 9, 10, 14]
2026-04-06 16:49:10,604 [INFO] Training expert [07] Rand_1_volume | feature_dim=6 | target_classes=[6, 8, 9] | extra_negatives=[0, 11]
2026-04-06 16:49:24,302 [INFO] Training expert [08] Rand_2_packet | feature_dim=16 | target_classes=[0, 1, 3, 4, 5, 6, 7, 8, 10, 11, 14] | extra_negatives=[]
2026-04-06 16:49:55,724 [INFO] Training expert [09] Rand_3_volume | feature_dim=6 | target_classes=[0, 1, 5, 9, 11, 13, 14] | extra_negatives=[]
2026-04-06 16:50:06,524 [INFO] Final trained experts:
2026-04-06 16:50:06,524 [INFO]   [00] Anchor_Global            | local_classes=['bot', 'brute-force--web', 'brute-force--xss', 'ddos-attack-hoic', 'ddos-attack-loic-udp', 'ddos-attacks-loic-http', 'dos-attacks-goldeneye', 'dos-attacks-hulk', 'dos-attacks-slowhttptest', 'dos-attacks-slowloris', 'ftp-bruteforce', 'infilteration', 'normal', 'sql-injection', 'ssh-bruteforce'] | train_size=9709012 | val_acc=0.9918
2026-04-06 16:50:06,524 [INFO]   [01] Balanced_Global          | local_classes=['bot', 'brute-force--web', 'brute-force--xss', 'ddos-attack-hoic', 'ddos-attack-loic-udp', 'ddos-attacks-loic-http', 'dos-attacks-goldeneye', 'dos-attacks-hulk', 'dos-attacks-slowhttptest', 'dos-attacks-slowloris', 'ftp-bruteforce', 'infilteration', 'normal', 'sql-injection', 'ssh-bruteforce'] | train_size=9709012 | val_acc=0.9556
2026-04-06 16:50:06,524 [INFO]   [02] Tail_Expert              | local_classes=['bot', 'brute-force--web', 'brute-force--xss', 'ddos-attack-loic-udp', 'ftp-bruteforce', 'infilteration', 'normal', 'sql-injection', 'ssh-bruteforce'] | train_size=8557845 | val_acc=0.9580
2026-04-06 16:50:06,524 [INFO]   [03] Spec_Group1_volume       | local_classes=['bot', 'ddos-attack-hoic', 'ddos-attack-loic-udp', 'ddos-attacks-loic-http', 'dos-attacks-goldeneye', 'dos-attacks-hulk', 'dos-attacks-slowhttptest', 'dos-attacks-slowloris', 'ftp-bruteforce', 'infilteration', 'normal', 'ssh-bruteforce'] | train_size=9708449 | val_acc=0.7698
2026-04-06 16:50:06,524 [INFO]   [04] Spec_Group2_timing       | local_classes=['bot', 'ddos-attack-hoic', 'ddos-attack-loic-udp', 'ddos-attacks-loic-http', 'dos-attacks-goldeneye', 'dos-attacks-hulk', 'dos-attacks-slowhttptest', 'dos-attacks-slowloris', 'ftp-bruteforce', 'infilteration', 'normal', 'ssh-bruteforce'] | train_size=9708449 | val_acc=0.8870
2026-04-06 16:50:06,524 [INFO]   [05] Spec_Group3_packet       | local_classes=['bot', 'brute-force--web', 'brute-force--xss', 'ddos-attack-hoic', 'ddos-attack-loic-udp', 'ddos-attacks-loic-http', 'dos-attacks-goldeneye', 'dos-attacks-hulk', 'dos-attacks-slowhttptest', 'dos-attacks-slowloris', 'infilteration', 'normal', 'sql-injection'] | train_size=9480394 | val_acc=0.7256
2026-04-06 16:50:06,524 [INFO]   [06] Spec_Group4_tcp          | local_classes=['bot', 'ddos-attack-hoic', 'ddos-attack-loic-udp', 'ddos-attacks-loic-http', 'dos-attacks-goldeneye', 'dos-attacks-hulk', 'dos-attacks-slowhttptest', 'dos-attacks-slowloris', 'ftp-bruteforce', 'infilteration', 'normal', 'ssh-bruteforce'] | train_size=9708449 | val_acc=0.0795
2026-04-06 16:50:06,524 [INFO]   [07] Rand_1_volume            | local_classes=['bot', 'dos-attacks-goldeneye', 'dos-attacks-slowhttptest', 'dos-attacks-slowloris', 'infilteration', 'normal'] | train_size=8443102 | val_acc=0.7885
2026-04-06 16:50:06,524 [INFO]   [08] Rand_2_packet            | local_classes=['bot', 'brute-force--web', 'ddos-attack-hoic', 'ddos-attack-loic-udp', 'ddos-attacks-loic-http', 'dos-attacks-goldeneye', 'dos-attacks-hulk', 'dos-attacks-slowhttptest', 'ftp-bruteforce', 'infilteration', 'normal', 'ssh-bruteforce'] | train_size=9702219 | val_acc=0.7712
2026-04-06 16:50:06,524 [INFO]   [09] Rand_3_volume            | local_classes=['bot', 'brute-force--web', 'ddos-attacks-loic-http', 'dos-attacks-slowloris', 'infilteration', 'normal', 'sql-injection', 'ssh-bruteforce'] | train_size=8792927 | val_acc=0.7150
2026-04-06 16:50:06,524 [INFO] Routing semantics: always include 2 anchor/generalist experts, plus up to 3 additional specialists per sample after OOD filtering.
2026-04-06 16:50:06,524 [INFO] Fitting expert-specific competence models...
2026-04-06 16:50:31,263 [INFO]   [Anchor_Global] val_acc=0.9865 | coef(prior,margin,entropy,ood)=(-5.481, -1.877, -3.123, -0.175)
2026-04-06 16:50:31,718 [INFO]   [Balanced_Global] val_acc=0.9511 | coef(prior,margin,entropy,ood)=(-16.095, 2.607, -1.592, -0.863)
2026-04-06 16:50:32,050 [INFO]   [Tail_Expert] val_acc=0.8333 | coef(prior,margin,entropy,ood)=(-7.347, -1.874, -2.835, 0.350)
2026-04-06 16:50:32,417 [INFO]   [Spec_Group1_volume] val_acc=0.7789 | coef(prior,margin,entropy,ood)=(1.645, -0.821, -1.965, -0.058)
2026-04-06 16:50:32,798 [INFO]   [Spec_Group2_timing] val_acc=0.8883 | coef(prior,margin,entropy,ood)=(2.808, -1.389, -2.882, 1.327)
2026-04-06 16:50:33,190 [INFO]   [Spec_Group3_packet] val_acc=0.7087 | coef(prior,margin,entropy,ood)=(-0.447, -1.097, -4.876, -0.333)
2026-04-06 16:50:33,567 [INFO]   [Spec_Group4_tcp] val_acc=0.0797 | coef(prior,margin,entropy,ood)=(2.300, -1.119, -1.253, 0.770)
2026-04-06 16:50:33,901 [INFO]   [Rand_1_volume] val_acc=0.6919 | coef(prior,margin,entropy,ood)=(-3.161, -0.651, -2.061, -0.200)
2026-04-06 16:50:34,247 [INFO]   [Rand_2_packet] val_acc=0.7656 | coef(prior,margin,entropy,ood)=(-1.840, -1.854, -4.112, -0.111)
2026-04-06 16:50:34,662 [INFO]   [Rand_3_volume] val_acc=0.6568 | coef(prior,margin,entropy,ood)=(-2.335, 0.946, 0.020, -0.113)
2026-04-06 16:50:34,673 [INFO] 
========================================================================
2026-04-06 16:50:34,677 [INFO] FINAL EVALUATION ON TEST SET
2026-04-06 16:50:34,677 [INFO] ========================================================================
2026-04-06 16:50:40,822 [INFO] 
--- Baseline Single XGBoost ---
2026-04-06 16:50:40,822 [INFO] Accuracy: 0.9838 | eval time: 6.14s
2026-04-06 16:50:41,045 [INFO] 
                          precision    recall  f1-score   support

                     bot     0.9999    0.9998    0.9999     57123
        brute-force--web     0.8889    0.5289    0.6632       121
        brute-force--xss     1.0000    0.8140    0.8974        43
        ddos-attack-hoic     1.0000    1.0000    1.0000    137154
    ddos-attack-loic-udp     0.8365    0.7768    0.8056       336
  ddos-attacks-loic-http     0.9988    0.9995    0.9992    115235
   dos-attacks-goldeneye     0.9993    0.9999    0.9996      8296
        dos-attacks-hulk     1.0000    1.0000    1.0000     92380
dos-attacks-slowhttptest     1.0000    1.0000    1.0000     27979
   dos-attacks-slowloris     0.9973    1.0000    0.9986      2195
          ftp-bruteforce     0.9998    1.0000    0.9999     38662
           infilteration     0.2209    0.2416    0.2308     32367
                  normal     0.9908    0.9897    0.9903   2686174
           sql-injection     0.3636    0.2857    0.3200        14
          ssh-bruteforce     1.0000    0.9998    0.9999     37503

                accuracy                         0.9838   3235582
               macro avg     0.8864    0.8424    0.8603   3235582
            weighted avg     0.9845    0.9838    0.9841   3235582

2026-04-06 16:51:16,740 [INFO] 
--- FAR-MoE ---
2026-04-06 16:51:16,740 [INFO] Accuracy: 0.9384 | eval time: 35.69s
2026-04-06 16:51:16,984 [INFO] 
                          precision    recall  f1-score   support

                     bot     0.9902    0.9998    0.9950     57123
        brute-force--web     0.8750    0.4050    0.5537       121
        brute-force--xss     0.9545    0.4884    0.6462        43
        ddos-attack-hoic     0.9989    0.9963    0.9976    137154
    ddos-attack-loic-udp     0.6660    0.9732    0.7908       336
  ddos-attacks-loic-http     0.7397    0.9976    0.8495    115235
   dos-attacks-goldeneye     0.9895    0.9954    0.9924      8296
        dos-attacks-hulk     0.9340    1.0000    0.9659     92380
dos-attacks-slowhttptest     0.8991    0.9998    0.9468     27979
   dos-attacks-slowloris     0.9633    0.9936    0.9782      2195
          ftp-bruteforce     0.9996    0.9972    0.9984     38662
           infilteration     0.1690    0.9292    0.2860     32367
                  normal     0.9999    0.9270    0.9621   2686174
           sql-injection     0.0556    0.1429    0.0800        14
          ssh-bruteforce     0.9961    0.9994    0.9977     37503

                accuracy                         0.9384   3235582
               macro avg     0.8154    0.8563    0.8027   3235582
            weighted avg     0.9792    0.9384    0.9543   3235582

2026-04-06 16:51:17,050 [INFO] Saved expert selection summary to results/logs_tailguard_v9_20260406_163741/expert_selection_summary.csv
2026-04-06 16:51:17,197 [INFO] Saved per-class comparison to results/logs_tailguard_v9_20260406_163741/baseline_vs_moe_per_class.csv
2026-04-06 16:51:17,197 [INFO] 
Total elapsed time: 816.20s
