2026-07-01 13:47:10,599  INFO  Args: {'data_root': '/home/user/.cache/torchvision', 'seed': 42, 'val_ratio': 0.1, 'ood_quantile': 0.05, 'temperature': 1.0, 'epochs': 120, 'patience': 0, 'batch_size': 128, 'test_batch_size': 256, 'lr': 0.1, 'momentum': 0.9, 'weight_decay': 0.0005, 'workers': 2, 'max_train': 0, 'max_val': 0, 'max_test': 0, 'max_ood': 0, 'out_root': 'results'}
2026-07-01 13:47:10,670  INFO  Device: cuda
2026-07-01 13:47:12,176  INFO  Loaded CIFAR-10/SVHN: train=45,000 val=5,000 test_id=10,000 test_ood=26,032
2026-07-01 13:47:18,110  INFO  epoch=001 train_loss=2.0227 train_acc=0.2813 val_loss=1.6588 val_acc=0.4012 lr=0.099983 time=5.8s
2026-07-01 13:47:22,658  INFO  epoch=002 train_loss=1.4293 train_acc=0.4721 val_loss=1.3126 val_acc=0.5192 lr=0.099931 time=4.5s
2026-07-01 13:47:27,213  INFO  epoch=003 train_loss=1.1068 train_acc=0.6015 val_loss=1.1258 val_acc=0.6062 lr=0.099846 time=4.5s
2026-07-01 13:47:31,775  INFO  epoch=004 train_loss=0.8862 train_acc=0.6882 val_loss=0.8419 val_acc=0.7098 lr=0.099726 time=4.5s
2026-07-01 13:47:36,329  INFO  epoch=005 train_loss=0.7295 train_acc=0.7451 val_loss=0.6949 val_acc=0.7570 lr=0.099572 time=4.5s
2026-07-01 13:47:40,886  INFO  epoch=006 train_loss=0.6385 train_acc=0.7786 val_loss=0.7804 val_acc=0.7306 lr=0.099384 time=4.5s
2026-07-01 13:47:45,414  INFO  epoch=007 train_loss=0.5731 train_acc=0.8039 val_loss=0.6278 val_acc=0.7926 lr=0.099163 time=4.5s
2026-07-01 13:47:49,969  INFO  epoch=008 train_loss=0.5339 train_acc=0.8159 val_loss=0.6847 val_acc=0.7716 lr=0.098907 time=4.5s
2026-07-01 13:47:54,499  INFO  epoch=009 train_loss=0.5017 train_acc=0.8263 val_loss=0.8364 val_acc=0.7328 lr=0.098618 time=4.5s
2026-07-01 13:47:59,031  INFO  epoch=010 train_loss=0.4797 train_acc=0.8359 val_loss=0.6392 val_acc=0.7956 lr=0.098296 time=4.5s
2026-07-01 13:48:03,582  INFO  epoch=011 train_loss=0.4582 train_acc=0.8415 val_loss=0.6116 val_acc=0.7940 lr=0.097941 time=4.5s
2026-07-01 13:48:08,103  INFO  epoch=012 train_loss=0.4455 train_acc=0.8470 val_loss=0.5096 val_acc=0.8260 lr=0.097553 time=4.5s
2026-07-01 13:48:12,640  INFO  epoch=013 train_loss=0.4329 train_acc=0.8531 val_loss=0.6217 val_acc=0.7876 lr=0.097132 time=4.5s
2026-07-01 13:48:17,174  INFO  epoch=014 train_loss=0.4153 train_acc=0.8576 val_loss=0.6595 val_acc=0.7916 lr=0.096679 time=4.5s
2026-07-01 13:48:21,729  INFO  epoch=015 train_loss=0.3997 train_acc=0.8622 val_loss=0.6682 val_acc=0.7910 lr=0.096194 time=4.6s
2026-07-01 13:48:26,258  INFO  epoch=016 train_loss=0.3999 train_acc=0.8633 val_loss=0.5494 val_acc=0.8206 lr=0.095677 time=4.5s
2026-07-01 13:48:30,784  INFO  epoch=017 train_loss=0.3830 train_acc=0.8690 val_loss=0.6259 val_acc=0.7972 lr=0.095129 time=4.5s
2026-07-01 13:48:35,340  INFO  epoch=018 train_loss=0.3772 train_acc=0.8734 val_loss=0.5771 val_acc=0.8180 lr=0.094550 time=4.6s
2026-07-01 13:48:39,889  INFO  epoch=019 train_loss=0.3749 train_acc=0.8704 val_loss=0.5078 val_acc=0.8280 lr=0.093941 time=4.5s
2026-07-01 13:48:44,431  INFO  epoch=020 train_loss=0.3621 train_acc=0.8765 val_loss=0.5242 val_acc=0.8284 lr=0.093301 time=4.5s
2026-07-01 13:48:48,996  INFO  epoch=021 train_loss=0.3600 train_acc=0.8770 val_loss=0.4001 val_acc=0.8610 lr=0.092632 time=4.5s
2026-07-01 13:48:53,562  INFO  epoch=022 train_loss=0.3508 train_acc=0.8796 val_loss=0.6735 val_acc=0.8006 lr=0.091934 time=4.6s
2026-07-01 13:48:58,096  INFO  epoch=023 train_loss=0.3469 train_acc=0.8823 val_loss=0.4580 val_acc=0.8500 lr=0.091206 time=4.5s
2026-07-01 13:49:02,622  INFO  epoch=024 train_loss=0.3367 train_acc=0.8860 val_loss=0.4825 val_acc=0.8418 lr=0.090451 time=4.5s
2026-07-01 13:49:07,150  INFO  epoch=025 train_loss=0.3344 train_acc=0.8846 val_loss=0.5676 val_acc=0.8186 lr=0.089668 time=4.5s
2026-07-01 13:49:11,678  INFO  epoch=026 train_loss=0.3277 train_acc=0.8879 val_loss=0.4476 val_acc=0.8526 lr=0.088857 time=4.5s
2026-07-01 13:49:16,211  INFO  epoch=027 train_loss=0.3233 train_acc=0.8906 val_loss=0.4085 val_acc=0.8662 lr=0.088020 time=4.5s
2026-07-01 13:49:20,750  INFO  epoch=028 train_loss=0.3208 train_acc=0.8888 val_loss=0.4796 val_acc=0.8468 lr=0.087157 time=4.5s
2026-07-01 13:49:25,287  INFO  epoch=029 train_loss=0.3153 train_acc=0.8930 val_loss=0.5569 val_acc=0.8310 lr=0.086269 time=4.5s
2026-07-01 13:49:29,808  INFO  epoch=030 train_loss=0.3123 train_acc=0.8948 val_loss=0.4321 val_acc=0.8540 lr=0.085355 time=4.5s
2026-07-01 13:49:34,341  INFO  epoch=031 train_loss=0.3078 train_acc=0.8948 val_loss=0.6041 val_acc=0.8112 lr=0.084418 time=4.5s
2026-07-01 13:49:38,887  INFO  epoch=032 train_loss=0.3039 train_acc=0.8950 val_loss=0.4207 val_acc=0.8644 lr=0.083457 time=4.5s
2026-07-01 13:49:43,429  INFO  epoch=033 train_loss=0.2980 train_acc=0.8979 val_loss=0.6118 val_acc=0.8088 lr=0.082472 time=4.5s
2026-07-01 13:49:47,972  INFO  epoch=034 train_loss=0.2985 train_acc=0.8975 val_loss=0.4751 val_acc=0.8398 lr=0.081466 time=4.5s
2026-07-01 13:49:52,509  INFO  epoch=035 train_loss=0.2936 train_acc=0.9005 val_loss=0.5105 val_acc=0.8350 lr=0.080438 time=4.5s
2026-07-01 13:49:57,064  INFO  epoch=036 train_loss=0.2887 train_acc=0.9007 val_loss=0.4647 val_acc=0.8506 lr=0.079389 time=4.6s
2026-07-01 13:50:01,592  INFO  epoch=037 train_loss=0.2845 train_acc=0.9035 val_loss=0.3898 val_acc=0.8706 lr=0.078320 time=4.5s
2026-07-01 13:50:06,140  INFO  epoch=038 train_loss=0.2800 train_acc=0.9040 val_loss=0.3789 val_acc=0.8726 lr=0.077232 time=4.5s
2026-07-01 13:50:10,687  INFO  epoch=039 train_loss=0.2755 train_acc=0.9048 val_loss=0.3783 val_acc=0.8746 lr=0.076125 time=4.5s
2026-07-01 13:50:15,246  INFO  epoch=040 train_loss=0.2752 train_acc=0.9054 val_loss=0.4571 val_acc=0.8538 lr=0.075000 time=4.5s
2026-07-01 13:50:19,780  INFO  epoch=041 train_loss=0.2650 train_acc=0.9101 val_loss=0.4204 val_acc=0.8672 lr=0.073858 time=4.5s
2026-07-01 13:50:24,318  INFO  epoch=042 train_loss=0.2629 train_acc=0.9100 val_loss=0.5603 val_acc=0.8184 lr=0.072700 time=4.5s
2026-07-01 13:50:28,867  INFO  epoch=043 train_loss=0.2616 train_acc=0.9112 val_loss=0.4136 val_acc=0.8598 lr=0.071526 time=4.5s
2026-07-01 13:50:33,404  INFO  epoch=044 train_loss=0.2602 train_acc=0.9109 val_loss=0.3986 val_acc=0.8670 lr=0.070337 time=4.5s
2026-07-01 13:50:37,949  INFO  epoch=045 train_loss=0.2511 train_acc=0.9150 val_loss=0.4940 val_acc=0.8494 lr=0.069134 time=4.5s
2026-07-01 13:50:42,480  INFO  epoch=046 train_loss=0.2506 train_acc=0.9144 val_loss=0.5665 val_acc=0.8272 lr=0.067918 time=4.5s
2026-07-01 13:50:47,023  INFO  epoch=047 train_loss=0.2451 train_acc=0.9153 val_loss=0.3562 val_acc=0.8814 lr=0.066690 time=4.5s
2026-07-01 13:50:51,574  INFO  epoch=048 train_loss=0.2347 train_acc=0.9196 val_loss=0.3391 val_acc=0.8932 lr=0.065451 time=4.5s
2026-07-01 13:50:56,125  INFO  epoch=049 train_loss=0.2377 train_acc=0.9184 val_loss=0.4686 val_acc=0.8494 lr=0.064201 time=4.5s
2026-07-01 13:51:00,660  INFO  epoch=050 train_loss=0.2318 train_acc=0.9194 val_loss=0.3675 val_acc=0.8856 lr=0.062941 time=4.5s
2026-07-01 13:51:05,181  INFO  epoch=051 train_loss=0.2265 train_acc=0.9217 val_loss=0.4086 val_acc=0.8668 lr=0.061672 time=4.5s
2026-07-01 13:51:09,713  INFO  epoch=052 train_loss=0.2266 train_acc=0.9209 val_loss=0.4916 val_acc=0.8438 lr=0.060396 time=4.5s
2026-07-01 13:51:14,249  INFO  epoch=053 train_loss=0.2265 train_acc=0.9207 val_loss=0.3245 val_acc=0.8976 lr=0.059112 time=4.5s
2026-07-01 13:51:18,805  INFO  epoch=054 train_loss=0.2185 train_acc=0.9262 val_loss=0.3363 val_acc=0.8896 lr=0.057822 time=4.5s
2026-07-01 13:51:23,344  INFO  epoch=055 train_loss=0.2064 train_acc=0.9306 val_loss=0.3192 val_acc=0.8954 lr=0.056526 time=4.5s
2026-07-01 13:51:27,879  INFO  epoch=056 train_loss=0.2115 train_acc=0.9270 val_loss=0.3471 val_acc=0.8892 lr=0.055226 time=4.5s
2026-07-01 13:51:32,414  INFO  epoch=057 train_loss=0.2034 train_acc=0.9304 val_loss=0.3807 val_acc=0.8782 lr=0.053923 time=4.5s
2026-07-01 13:51:36,977  INFO  epoch=058 train_loss=0.1999 train_acc=0.9320 val_loss=0.3510 val_acc=0.8924 lr=0.052617 time=4.6s
2026-07-01 13:51:41,540  INFO  epoch=059 train_loss=0.1985 train_acc=0.9319 val_loss=0.3994 val_acc=0.8758 lr=0.051309 time=4.6s
2026-07-01 13:51:46,074  INFO  epoch=060 train_loss=0.1898 train_acc=0.9347 val_loss=0.3845 val_acc=0.8774 lr=0.050000 time=4.5s
2026-07-01 13:51:50,628  INFO  epoch=061 train_loss=0.1867 train_acc=0.9367 val_loss=0.2952 val_acc=0.9018 lr=0.048691 time=4.6s
2026-07-01 13:51:55,183  INFO  epoch=062 train_loss=0.1817 train_acc=0.9376 val_loss=0.4011 val_acc=0.8758 lr=0.047383 time=4.5s
2026-07-01 13:51:59,720  INFO  epoch=063 train_loss=0.1764 train_acc=0.9396 val_loss=0.3437 val_acc=0.8916 lr=0.046077 time=4.5s
2026-07-01 13:52:04,258  INFO  epoch=064 train_loss=0.1743 train_acc=0.9394 val_loss=0.3108 val_acc=0.8988 lr=0.044774 time=4.5s
2026-07-01 13:52:08,800  INFO  epoch=065 train_loss=0.1665 train_acc=0.9437 val_loss=0.2897 val_acc=0.9100 lr=0.043474 time=4.5s
2026-07-01 13:52:13,368  INFO  epoch=066 train_loss=0.1608 train_acc=0.9441 val_loss=0.3655 val_acc=0.8886 lr=0.042178 time=4.6s
2026-07-01 13:52:17,904  INFO  epoch=067 train_loss=0.1576 train_acc=0.9458 val_loss=0.3197 val_acc=0.8996 lr=0.040888 time=4.5s
2026-07-01 13:52:22,478  INFO  epoch=068 train_loss=0.1544 train_acc=0.9473 val_loss=0.3167 val_acc=0.8980 lr=0.039604 time=4.6s
2026-07-01 13:52:27,029  INFO  epoch=069 train_loss=0.1470 train_acc=0.9499 val_loss=0.3424 val_acc=0.8984 lr=0.038328 time=4.6s
2026-07-01 13:52:31,565  INFO  epoch=070 train_loss=0.1450 train_acc=0.9496 val_loss=0.3010 val_acc=0.9022 lr=0.037059 time=4.5s
2026-07-01 13:52:36,103  INFO  epoch=071 train_loss=0.1427 train_acc=0.9503 val_loss=0.3629 val_acc=0.8908 lr=0.035799 time=4.5s
2026-07-01 13:52:40,647  INFO  epoch=072 train_loss=0.1364 train_acc=0.9539 val_loss=0.3478 val_acc=0.8948 lr=0.034549 time=4.5s
2026-07-01 13:52:45,199  INFO  epoch=073 train_loss=0.1292 train_acc=0.9554 val_loss=0.3063 val_acc=0.9062 lr=0.033310 time=4.6s
2026-07-01 13:52:49,745  INFO  epoch=074 train_loss=0.1151 train_acc=0.9605 val_loss=0.3528 val_acc=0.9006 lr=0.032082 time=4.5s
2026-07-01 13:52:54,297  INFO  epoch=075 train_loss=0.1187 train_acc=0.9594 val_loss=0.3021 val_acc=0.9072 lr=0.030866 time=4.6s
2026-07-01 13:52:58,829  INFO  epoch=076 train_loss=0.1114 train_acc=0.9612 val_loss=0.3180 val_acc=0.9040 lr=0.029663 time=4.5s
2026-07-01 13:53:03,385  INFO  epoch=077 train_loss=0.1083 train_acc=0.9627 val_loss=0.3104 val_acc=0.9072 lr=0.028474 time=4.6s
2026-07-01 13:53:07,922  INFO  epoch=078 train_loss=0.1064 train_acc=0.9629 val_loss=0.3428 val_acc=0.8988 lr=0.027300 time=4.5s
2026-07-01 13:53:12,449  INFO  epoch=079 train_loss=0.0985 train_acc=0.9662 val_loss=0.2629 val_acc=0.9224 lr=0.026142 time=4.5s
2026-07-01 13:53:17,028  INFO  epoch=080 train_loss=0.0889 train_acc=0.9695 val_loss=0.2872 val_acc=0.9132 lr=0.025000 time=4.6s
2026-07-01 13:53:21,558  INFO  epoch=081 train_loss=0.0866 train_acc=0.9703 val_loss=0.3206 val_acc=0.9058 lr=0.023875 time=4.5s
2026-07-01 13:53:26,103  INFO  epoch=082 train_loss=0.0860 train_acc=0.9705 val_loss=0.2856 val_acc=0.9130 lr=0.022768 time=4.5s
2026-07-01 13:53:30,639  INFO  epoch=083 train_loss=0.0757 train_acc=0.9743 val_loss=0.2886 val_acc=0.9196 lr=0.021680 time=4.5s
2026-07-01 13:53:35,202  INFO  epoch=084 train_loss=0.0699 train_acc=0.9767 val_loss=0.2734 val_acc=0.9212 lr=0.020611 time=4.6s
2026-07-01 13:53:39,744  INFO  epoch=085 train_loss=0.0727 train_acc=0.9759 val_loss=0.2558 val_acc=0.9238 lr=0.019562 time=4.5s
2026-07-01 13:53:44,335  INFO  epoch=086 train_loss=0.0638 train_acc=0.9780 val_loss=0.2497 val_acc=0.9292 lr=0.018534 time=4.6s
2026-07-01 13:53:48,884  INFO  epoch=087 train_loss=0.0595 train_acc=0.9805 val_loss=0.2819 val_acc=0.9212 lr=0.017528 time=4.5s
2026-07-01 13:53:53,429  INFO  epoch=088 train_loss=0.0517 train_acc=0.9829 val_loss=0.2613 val_acc=0.9252 lr=0.016543 time=4.5s
2026-07-01 13:53:57,970  INFO  epoch=089 train_loss=0.0451 train_acc=0.9850 val_loss=0.2654 val_acc=0.9296 lr=0.015582 time=4.5s
2026-07-01 13:54:02,533  INFO  epoch=090 train_loss=0.0470 train_acc=0.9849 val_loss=0.2378 val_acc=0.9320 lr=0.014645 time=4.5s
2026-07-01 13:54:07,107  INFO  epoch=091 train_loss=0.0344 train_acc=0.9895 val_loss=0.2391 val_acc=0.9380 lr=0.013731 time=4.6s
2026-07-01 13:54:11,656  INFO  epoch=092 train_loss=0.0341 train_acc=0.9894 val_loss=0.2267 val_acc=0.9334 lr=0.012843 time=4.5s
2026-07-01 13:54:16,202  INFO  epoch=093 train_loss=0.0290 train_acc=0.9907 val_loss=0.2314 val_acc=0.9360 lr=0.011980 time=4.5s
2026-07-01 13:54:20,742  INFO  epoch=094 train_loss=0.0249 train_acc=0.9922 val_loss=0.2226 val_acc=0.9382 lr=0.011143 time=4.5s
2026-07-01 13:54:25,319  INFO  epoch=095 train_loss=0.0229 train_acc=0.9925 val_loss=0.2303 val_acc=0.9384 lr=0.010332 time=4.6s
2026-07-01 13:54:29,869  INFO  epoch=096 train_loss=0.0210 train_acc=0.9934 val_loss=0.2214 val_acc=0.9400 lr=0.009549 time=4.5s
2026-07-01 13:54:34,418  INFO  epoch=097 train_loss=0.0159 train_acc=0.9953 val_loss=0.2269 val_acc=0.9396 lr=0.008794 time=4.5s
2026-07-01 13:54:38,976  INFO  epoch=098 train_loss=0.0144 train_acc=0.9958 val_loss=0.2213 val_acc=0.9424 lr=0.008066 time=4.6s
2026-07-01 13:54:43,537  INFO  epoch=099 train_loss=0.0112 train_acc=0.9969 val_loss=0.2149 val_acc=0.9428 lr=0.007368 time=4.5s
2026-07-01 13:54:48,086  INFO  epoch=100 train_loss=0.0088 train_acc=0.9980 val_loss=0.2037 val_acc=0.9452 lr=0.006699 time=4.5s
2026-07-01 13:54:52,642  INFO  epoch=101 train_loss=0.0071 train_acc=0.9985 val_loss=0.2058 val_acc=0.9454 lr=0.006059 time=4.5s
2026-07-01 13:54:57,218  INFO  epoch=102 train_loss=0.0050 train_acc=0.9990 val_loss=0.1978 val_acc=0.9498 lr=0.005450 time=4.6s
2026-07-01 13:55:01,788  INFO  epoch=103 train_loss=0.0044 train_acc=0.9991 val_loss=0.1998 val_acc=0.9512 lr=0.004871 time=4.6s
2026-07-01 13:55:06,359  INFO  epoch=104 train_loss=0.0035 train_acc=0.9995 val_loss=0.1999 val_acc=0.9490 lr=0.004323 time=4.6s
2026-07-01 13:55:10,905  INFO  epoch=105 train_loss=0.0034 train_acc=0.9996 val_loss=0.1912 val_acc=0.9510 lr=0.003806 time=4.5s
2026-07-01 13:55:15,448  INFO  epoch=106 train_loss=0.0032 train_acc=0.9994 val_loss=0.1934 val_acc=0.9500 lr=0.003321 time=4.5s
2026-07-01 13:55:19,989  INFO  epoch=107 train_loss=0.0029 train_acc=0.9997 val_loss=0.1909 val_acc=0.9516 lr=0.002868 time=4.5s
2026-07-01 13:55:24,547  INFO  epoch=108 train_loss=0.0025 train_acc=0.9998 val_loss=0.1892 val_acc=0.9518 lr=0.002447 time=4.5s
2026-07-01 13:55:29,104  INFO  epoch=109 train_loss=0.0024 train_acc=0.9998 val_loss=0.1899 val_acc=0.9518 lr=0.002059 time=4.5s
2026-07-01 13:55:33,646  INFO  epoch=110 train_loss=0.0022 train_acc=0.9998 val_loss=0.1875 val_acc=0.9530 lr=0.001704 time=4.5s
2026-07-01 13:55:38,224  INFO  epoch=111 train_loss=0.0025 train_acc=0.9997 val_loss=0.1868 val_acc=0.9532 lr=0.001382 time=4.6s
2026-07-01 13:55:42,811  INFO  epoch=112 train_loss=0.0021 train_acc=0.9999 val_loss=0.1864 val_acc=0.9534 lr=0.001093 time=4.6s
2026-07-01 13:55:47,382  INFO  epoch=113 train_loss=0.0022 train_acc=0.9999 val_loss=0.1864 val_acc=0.9532 lr=0.000837 time=4.6s
2026-07-01 13:55:51,944  INFO  epoch=114 train_loss=0.0023 train_acc=0.9998 val_loss=0.1855 val_acc=0.9534 lr=0.000616 time=4.6s
2026-07-01 13:55:56,483  INFO  epoch=115 train_loss=0.0018 train_acc=1.0000 val_loss=0.1857 val_acc=0.9534 lr=0.000428 time=4.5s
2026-07-01 13:56:01,024  INFO  epoch=116 train_loss=0.0020 train_acc=1.0000 val_loss=0.1866 val_acc=0.9540 lr=0.000274 time=4.5s
2026-07-01 13:56:05,580  INFO  epoch=117 train_loss=0.0021 train_acc=0.9999 val_loss=0.1869 val_acc=0.9528 lr=0.000154 time=4.5s
2026-07-01 13:56:10,164  INFO  epoch=118 train_loss=0.0022 train_acc=0.9998 val_loss=0.1843 val_acc=0.9524 lr=0.000069 time=4.6s
2026-07-01 13:56:14,716  INFO  epoch=119 train_loss=0.0020 train_acc=0.9999 val_loss=0.1858 val_acc=0.9532 lr=0.000017 time=4.6s
2026-07-01 13:56:19,253  INFO  epoch=120 train_loss=0.0019 train_acc=0.9999 val_loss=0.1854 val_acc=0.9530 lr=0.000000 time=4.5s
2026-07-01 13:56:19,259  INFO  Best validation accuracy=0.9540 at epoch=116
2026-07-01 13:56:19,263  INFO  Training completed in 547.1s
2026-07-01 13:56:19,263  INFO  Collecting logits for ID/OOD splits
