2026-03-26 19:07:28,445 [INFO] XGBoost device: cpu
2026-03-26 19:07:29,064 [INFO] Dataset type: nfunswnb15
2026-03-26 19:07:29,064 [INFO] X shape: (2390275, 41), num_classes: 10
2026-03-26 19:07:29,064 [INFO] Class names: ['analysis', 'backdoor', 'dos', 'exploits', 'fuzzers', 'generic', 'normal', 'reconnaissance', 'shellcode', 'worms']
2026-03-26 19:07:29,064 [INFO] Family IDs: {0: 'Normal', 1: 'Group1', 2: 'Group2', 3: 'Group3', 4: 'Group4'}
2026-03-26 19:07:29,064 [INFO] NF-UNSW-NB15 detected: using stratified random split.
2026-03-26 19:07:29,070 [WARNING] Skipping group-aware split via pickle['file_groups'] because only 1 unique group is available.
2026-03-26 19:07:29,070 [INFO] Using chronological blocked split via pickle['timestamps'].
2026-03-26 19:07:29,272 [INFO] Chronological split coverage check passed.
2026-03-26 19:07:29,398 [INFO] 
=== Training baseline single XGBoost ===
2026-03-26 19:09:52,873 [INFO] 
=== Training FAR-MoE ===
2026-03-26 19:09:52,874 [WARNING] Feature view 'timing' is empty; falling back to all features for that view.
2026-03-26 19:09:53,011 [INFO] Training coarse family router...
2026-03-26 19:10:58,945 [INFO] Taxonomy groups:
2026-03-26 19:10:58,945 [INFO]   Normal  : ['normal']
2026-03-26 19:10:58,945 [INFO]   Group1  : ['dos', 'worms']
2026-03-26 19:10:58,945 [INFO]   Group2  : ['analysis', 'reconnaissance']
2026-03-26 19:10:58,946 [INFO]   Group3  : ['exploits', 'fuzzers', 'generic']
2026-03-26 19:10:58,946 [INFO]   Group4  : ['backdoor', 'shellcode']
2026-03-26 19:10:58,946 [INFO] Tail classes: ['worms', 'shellcode', 'analysis']
2026-03-26 19:10:58,946 [INFO] Training expert [00] Anchor_Global | feature_dim=41 | target_classes=None | extra_negatives=[]
2026-03-26 19:13:26,369 [INFO] Training expert [01] Balanced_Global | feature_dim=41 | target_classes=None | extra_negatives=[]
2026-03-26 19:15:02,329 [INFO] Training expert [02] Tail_Expert | feature_dim=41 | target_classes=[9, 8, 0] | extra_negatives=[3, 4, 5]
2026-03-26 19:15:50,467 [INFO] Training expert [03] Spec_Group1_volume | feature_dim=1 | target_classes=[2, 9] | extra_negatives=[0, 3, 4, 5, 7]
2026-03-26 19:16:04,830 [INFO] Training expert [04] Spec_Group2_timing | feature_dim=41 | target_classes=[0, 7] | extra_negatives=[2, 3, 4, 5, 9]
2026-03-26 19:17:50,387 [INFO] Training expert [05] Spec_Group3_packet | feature_dim=2 | target_classes=[3, 4, 5] | extra_negatives=[0, 2, 7, 9]
2026-03-26 19:19:05,429 [INFO] Training expert [06] Spec_Group4_tcp | feature_dim=3 | target_classes=[1, 8] | extra_negatives=[0, 3, 4, 5, 7]
2026-03-26 19:19:39,464 [INFO] Training expert [07] Rand_1_packet | feature_dim=2 | target_classes=[5, 7] | extra_negatives=[2, 9]
2026-03-26 19:20:20,736 [INFO] Training expert [08] Rand_2_timing | feature_dim=41 | target_classes=[0, 2, 3, 4, 5, 7, 8, 9] | extra_negatives=[]
