2026-07-02 05:57:44,417  INFO  Args: {'data_root': '/content/drive/MyDrive/torchvision_data', 'seed': 42, 'val_ratio': 0.1, 'lt_imbalance_factor': 0.1, 'lt_min_per_class': 50, 'fallback_tail_classes': 2, 'ood_quantile': 0.05, 'temperature': 1.0, 'epochs': 80, 'patience': 8, 'batch_size': 128, 'test_batch_size': 256, 'lr': 0.1, 'momentum': 0.9, 'weight_decay': 0.0005, 'n_views': 4, 'stability_lambda': 0.1, 'fallback_margin_gap': 0.05, 'workers': 0, 'max_train': 0, 'max_val': 0, 'max_test': 0, 'max_ood': 0, 'out_root': 'results'}
2026-07-02 05:57:44,515  INFO  Device: cuda
2026-07-02 05:57:46,782  INFO  Long-tail train enabled: imbalance_factor=0.1, rows=18,391/45,000
2026-07-02 05:57:46,782  INFO    class=0 train_support=4500
2026-07-02 05:57:46,782  INFO    class=1 train_support=3484
2026-07-02 05:57:46,782  INFO    class=2 train_support=2698
2026-07-02 05:57:46,782  INFO    class=3 train_support=2089
2026-07-02 05:57:46,782  INFO    class=4 train_support=1617
2026-07-02 05:57:46,782  INFO    class=5 train_support=1252
2026-07-02 05:57:46,782  INFO    class=6 train_support=969
2026-07-02 05:57:46,782  INFO    class=7 train_support=751
2026-07-02 05:57:46,782  INFO    class=8 train_support=581
2026-07-02 05:57:46,782  INFO    class=9 train_support=450
2026-07-02 05:57:46,782  INFO  Loaded CIFAR10/SVHN v2: train=18,391 val=5,000 test_id=10,000 svhn_ood=26,032
2026-07-02 05:57:46,783  INFO  Training exp0 global ResNet18
2026-07-02 05:58:06,998  INFO  exp0_global epoch=001 train_loss=2.3244 train_acc=0.2973 val_loss=2.1819 val_acc=0.2164 lr=0.099961 time=20.1s
2026-07-02 05:58:09,867  INFO  exp0_global epoch=002 train_loss=1.6070 train_acc=0.4284 val_loss=2.0418 val_acc=0.2560 lr=0.099846 time=2.9s
2026-07-02 05:58:12,722  INFO  exp0_global epoch=003 train_loss=1.4587 train_acc=0.4742 val_loss=1.9998 val_acc=0.2766 lr=0.099653 time=2.8s
2026-07-02 05:58:15,570  INFO  exp0_global epoch=004 train_loss=1.3532 train_acc=0.5141 val_loss=1.8039 val_acc=0.3468 lr=0.099384 time=2.8s
2026-07-02 05:58:18,417  INFO  exp0_global epoch=005 train_loss=1.2658 train_acc=0.5477 val_loss=1.6190 val_acc=0.3870 lr=0.099039 time=2.8s
2026-07-02 05:58:21,267  INFO  exp0_global epoch=006 train_loss=1.1804 train_acc=0.5789 val_loss=1.6462 val_acc=0.4220 lr=0.098618 time=2.8s
2026-07-02 05:58:24,119  INFO  exp0_global epoch=007 train_loss=1.0988 train_acc=0.6133 val_loss=1.4764 val_acc=0.4590 lr=0.098123 time=2.8s
2026-07-02 05:58:26,967  INFO  exp0_global epoch=008 train_loss=1.0292 train_acc=0.6324 val_loss=1.5520 val_acc=0.4806 lr=0.097553 time=2.8s
2026-07-02 05:58:29,814  INFO  exp0_global epoch=009 train_loss=0.9426 train_acc=0.6672 val_loss=1.2955 val_acc=0.5648 lr=0.096910 time=2.8s
2026-07-02 05:58:32,662  INFO  exp0_global epoch=010 train_loss=0.8760 train_acc=0.6877 val_loss=1.2789 val_acc=0.5676 lr=0.096194 time=2.8s
2026-07-02 05:58:35,510  INFO  exp0_global epoch=011 train_loss=0.8213 train_acc=0.7105 val_loss=1.2721 val_acc=0.5742 lr=0.095407 time=2.8s
2026-07-02 05:58:38,356  INFO  exp0_global epoch=012 train_loss=0.7711 train_acc=0.7240 val_loss=1.2785 val_acc=0.5796 lr=0.094550 time=2.8s
2026-07-02 05:58:41,199  INFO  exp0_global epoch=013 train_loss=0.7298 train_acc=0.7430 val_loss=1.3368 val_acc=0.5574 lr=0.093625 time=2.8s
2026-07-02 05:58:44,038  INFO  exp0_global epoch=014 train_loss=0.6874 train_acc=0.7582 val_loss=1.0553 val_acc=0.6334 lr=0.092632 time=2.8s
2026-07-02 05:58:46,874  INFO  exp0_global epoch=015 train_loss=0.6448 train_acc=0.7734 val_loss=1.2068 val_acc=0.6094 lr=0.091573 time=2.8s
2026-07-02 05:58:49,702  INFO  exp0_global epoch=016 train_loss=0.6042 train_acc=0.7873 val_loss=1.0935 val_acc=0.6396 lr=0.090451 time=2.8s
2026-07-02 05:58:52,534  INFO  exp0_global epoch=017 train_loss=0.5717 train_acc=0.8018 val_loss=0.8254 val_acc=0.7204 lr=0.089266 time=2.8s
2026-07-02 05:58:55,354  INFO  exp0_global epoch=018 train_loss=0.5368 train_acc=0.8139 val_loss=0.8093 val_acc=0.7222 lr=0.088020 time=2.8s
2026-07-02 05:58:58,172  INFO  exp0_global epoch=019 train_loss=0.5107 train_acc=0.8234 val_loss=0.7379 val_acc=0.7448 lr=0.086716 time=2.8s
2026-07-02 05:59:00,989  INFO  exp0_global epoch=020 train_loss=0.4791 train_acc=0.8320 val_loss=0.9577 val_acc=0.6874 lr=0.085355 time=2.8s
2026-07-02 05:59:03,802  INFO  exp0_global epoch=021 train_loss=0.4582 train_acc=0.8413 val_loss=0.8395 val_acc=0.7350 lr=0.083940 time=2.8s
2026-07-02 05:59:06,613  INFO  exp0_global epoch=022 train_loss=0.4369 train_acc=0.8495 val_loss=1.0301 val_acc=0.6796 lr=0.082472 time=2.8s
2026-07-02 05:59:09,423  INFO  exp0_global epoch=023 train_loss=0.4169 train_acc=0.8563 val_loss=0.8306 val_acc=0.7440 lr=0.080955 time=2.8s
2026-07-02 05:59:12,236  INFO  exp0_global epoch=024 train_loss=0.3989 train_acc=0.8605 val_loss=0.8671 val_acc=0.7270 lr=0.079389 time=2.8s
2026-07-02 05:59:15,054  INFO  exp0_global epoch=025 train_loss=0.3869 train_acc=0.8624 val_loss=0.9854 val_acc=0.7046 lr=0.077779 time=2.8s
2026-07-02 05:59:17,867  INFO  exp0_global epoch=026 train_loss=0.3674 train_acc=0.8743 val_loss=0.6268 val_acc=0.7938 lr=0.076125 time=2.8s
2026-07-02 05:59:20,680  INFO  exp0_global epoch=027 train_loss=0.3544 train_acc=0.8759 val_loss=0.7959 val_acc=0.7468 lr=0.074431 time=2.8s
2026-07-02 05:59:23,489  INFO  exp0_global epoch=028 train_loss=0.3424 train_acc=0.8802 val_loss=0.7086 val_acc=0.7734 lr=0.072700 time=2.8s
2026-07-02 05:59:26,297  INFO  exp0_global epoch=029 train_loss=0.3216 train_acc=0.8885 val_loss=1.0062 val_acc=0.7188 lr=0.070933 time=2.8s
2026-07-02 05:59:29,109  INFO  exp0_global epoch=030 train_loss=0.3182 train_acc=0.8922 val_loss=0.7534 val_acc=0.7648 lr=0.069134 time=2.8s
2026-07-02 05:59:31,920  INFO  exp0_global epoch=031 train_loss=0.2974 train_acc=0.8961 val_loss=0.6872 val_acc=0.7896 lr=0.067306 time=2.8s
2026-07-02 05:59:34,731  INFO  exp0_global epoch=032 train_loss=0.2823 train_acc=0.9021 val_loss=0.8018 val_acc=0.7596 lr=0.065451 time=2.8s
2026-07-02 05:59:37,541  INFO  exp0_global epoch=033 train_loss=0.2761 train_acc=0.9035 val_loss=0.6673 val_acc=0.7882 lr=0.063572 time=2.8s
2026-07-02 05:59:40,351  INFO  exp0_global epoch=034 train_loss=0.2600 train_acc=0.9060 val_loss=0.6468 val_acc=0.8052 lr=0.061672 time=2.8s
2026-07-02 05:59:43,165  INFO  exp0_global epoch=035 train_loss=0.2613 train_acc=0.9088 val_loss=0.5923 val_acc=0.8122 lr=0.059755 time=2.8s
2026-07-02 05:59:45,978  INFO  exp0_global epoch=036 train_loss=0.2442 train_acc=0.9143 val_loss=0.6004 val_acc=0.8136 lr=0.057822 time=2.8s
2026-07-02 05:59:48,788  INFO  exp0_global epoch=037 train_loss=0.2209 train_acc=0.9243 val_loss=0.6973 val_acc=0.7976 lr=0.055877 time=2.8s
2026-07-02 05:59:51,592  INFO  exp0_global epoch=038 train_loss=0.2237 train_acc=0.9226 val_loss=0.6808 val_acc=0.7936 lr=0.053923 time=2.8s
2026-07-02 05:59:54,397  INFO  exp0_global epoch=039 train_loss=0.2077 train_acc=0.9270 val_loss=0.6931 val_acc=0.7942 lr=0.051963 time=2.8s
2026-07-02 05:59:57,208  INFO  exp0_global epoch=040 train_loss=0.2054 train_acc=0.9281 val_loss=0.7727 val_acc=0.7748 lr=0.050000 time=2.8s
2026-07-02 06:00:00,015  INFO  exp0_global epoch=041 train_loss=0.1893 train_acc=0.9334 val_loss=0.9900 val_acc=0.7402 lr=0.048037 time=2.8s
2026-07-02 06:00:02,821  INFO  exp0_global epoch=042 train_loss=0.1793 train_acc=0.9368 val_loss=0.7186 val_acc=0.8038 lr=0.046077 time=2.8s
2026-07-02 06:00:05,631  INFO  exp0_global epoch=043 train_loss=0.1717 train_acc=0.9403 val_loss=0.7240 val_acc=0.7954 lr=0.044123 time=2.8s
2026-07-02 06:00:08,437  INFO  exp0_global epoch=044 train_loss=0.1619 train_acc=0.9437 val_loss=0.7186 val_acc=0.7960 lr=0.042178 time=2.8s
2026-07-02 06:00:08,437  INFO  exp0_global early stopping at epoch=44; best_epoch=36
2026-07-02 06:00:08,441  INFO  exp0_global best validation accuracy=0.8136 at epoch=36
2026-07-02 06:00:08,782  INFO  exp0 threshold=3.8650, scale=3.5237
2026-07-02 06:00:08,783  INFO  CIFAR v2 expert partitions:
2026-07-02 06:00:08,783  INFO    Vehicle_Primary: airplane, automobile | train_support=7984
2026-07-02 06:00:08,783  INFO    Animal_Primary: bird, cat, deer, dog, frog, horse | train_support=9376
2026-07-02 06:00:08,783  INFO    Rare_Fallback: ship, truck | train_support=1031
2026-07-02 06:00:18,423  INFO  Vehicle_Primary epoch=001 train_loss=1.3104 train_acc=0.6562 val_loss=0.7466 val_acc=0.6870 lr=0.099961 time=9.6s
2026-07-02 06:00:19,596  INFO  Vehicle_Primary epoch=002 train_loss=0.5802 train_acc=0.7391 val_loss=0.5350 val_acc=0.7550 lr=0.099846 time=1.2s
2026-07-02 06:00:20,774  INFO  Vehicle_Primary epoch=003 train_loss=0.4684 train_acc=0.7773 val_loss=0.4177 val_acc=0.8090 lr=0.099653 time=1.2s
2026-07-02 06:00:21,946  INFO  Vehicle_Primary epoch=004 train_loss=0.3768 train_acc=0.8249 val_loss=0.3845 val_acc=0.8330 lr=0.099384 time=1.2s
2026-07-02 06:00:23,115  INFO  Vehicle_Primary epoch=005 train_loss=0.3198 train_acc=0.8606 val_loss=0.3856 val_acc=0.8310 lr=0.099039 time=1.2s
2026-07-02 06:00:24,276  INFO  Vehicle_Primary epoch=006 train_loss=0.2841 train_acc=0.8784 val_loss=0.3591 val_acc=0.8420 lr=0.098618 time=1.2s
2026-07-02 06:00:25,443  INFO  Vehicle_Primary epoch=007 train_loss=0.2802 train_acc=0.8863 val_loss=0.2670 val_acc=0.8900 lr=0.098123 time=1.2s
2026-07-02 06:00:26,609  INFO  Vehicle_Primary epoch=008 train_loss=0.2484 train_acc=0.8973 val_loss=0.2334 val_acc=0.9040 lr=0.097553 time=1.2s
2026-07-02 06:00:27,776  INFO  Vehicle_Primary epoch=009 train_loss=0.2184 train_acc=0.9111 val_loss=0.2216 val_acc=0.9090 lr=0.096910 time=1.2s
2026-07-02 06:00:28,941  INFO  Vehicle_Primary epoch=010 train_loss=0.2114 train_acc=0.9131 val_loss=0.1957 val_acc=0.9230 lr=0.096194 time=1.2s
2026-07-02 06:00:30,103  INFO  Vehicle_Primary epoch=011 train_loss=0.1969 train_acc=0.9201 val_loss=0.4941 val_acc=0.8600 lr=0.095407 time=1.2s
2026-07-02 06:00:31,259  INFO  Vehicle_Primary epoch=012 train_loss=0.1919 train_acc=0.9254 val_loss=0.3359 val_acc=0.8760 lr=0.094550 time=1.2s
2026-07-02 06:00:32,416  INFO  Vehicle_Primary epoch=013 train_loss=0.2116 train_acc=0.9185 val_loss=0.6835 val_acc=0.7430 lr=0.093625 time=1.2s
2026-07-02 06:00:33,572  INFO  Vehicle_Primary epoch=014 train_loss=0.2142 train_acc=0.9150 val_loss=0.2508 val_acc=0.8990 lr=0.092632 time=1.2s
2026-07-02 06:00:34,727  INFO  Vehicle_Primary epoch=015 train_loss=0.1652 train_acc=0.9342 val_loss=0.1706 val_acc=0.9260 lr=0.091573 time=1.2s
2026-07-02 06:00:35,887  INFO  Vehicle_Primary epoch=016 train_loss=0.1596 train_acc=0.9361 val_loss=0.1397 val_acc=0.9440 lr=0.090451 time=1.2s
2026-07-02 06:00:37,047  INFO  Vehicle_Primary epoch=017 train_loss=0.1384 train_acc=0.9448 val_loss=0.1838 val_acc=0.9320 lr=0.089266 time=1.2s
2026-07-02 06:00:38,201  INFO  Vehicle_Primary epoch=018 train_loss=0.1270 train_acc=0.9490 val_loss=0.1243 val_acc=0.9460 lr=0.088020 time=1.2s
2026-07-02 06:00:39,360  INFO  Vehicle_Primary epoch=019 train_loss=0.1193 train_acc=0.9512 val_loss=0.3028 val_acc=0.8790 lr=0.086716 time=1.2s
2026-07-02 06:00:40,515  INFO  Vehicle_Primary epoch=020 train_loss=0.1115 train_acc=0.9549 val_loss=0.1587 val_acc=0.9290 lr=0.085355 time=1.2s
2026-07-02 06:00:41,668  INFO  Vehicle_Primary epoch=021 train_loss=0.0983 train_acc=0.9589 val_loss=0.1363 val_acc=0.9360 lr=0.083940 time=1.2s
2026-07-02 06:00:42,820  INFO  Vehicle_Primary epoch=022 train_loss=0.0944 train_acc=0.9643 val_loss=0.1320 val_acc=0.9470 lr=0.082472 time=1.2s
2026-07-02 06:00:43,976  INFO  Vehicle_Primary epoch=023 train_loss=0.0842 train_acc=0.9689 val_loss=0.0840 val_acc=0.9700 lr=0.080955 time=1.2s
2026-07-02 06:00:45,136  INFO  Vehicle_Primary epoch=024 train_loss=0.0805 train_acc=0.9692 val_loss=0.0933 val_acc=0.9630 lr=0.079389 time=1.2s
2026-07-02 06:00:46,286  INFO  Vehicle_Primary epoch=025 train_loss=0.0790 train_acc=0.9702 val_loss=0.0692 val_acc=0.9720 lr=0.077779 time=1.2s
2026-07-02 06:00:47,444  INFO  Vehicle_Primary epoch=026 train_loss=0.0768 train_acc=0.9696 val_loss=0.0872 val_acc=0.9680 lr=0.076125 time=1.2s
2026-07-02 06:00:48,595  INFO  Vehicle_Primary epoch=027 train_loss=0.0664 train_acc=0.9758 val_loss=0.1684 val_acc=0.9350 lr=0.074431 time=1.2s
2026-07-02 06:00:49,743  INFO  Vehicle_Primary epoch=028 train_loss=0.0650 train_acc=0.9738 val_loss=0.0883 val_acc=0.9620 lr=0.072700 time=1.1s
2026-07-02 06:00:50,893  INFO  Vehicle_Primary epoch=029 train_loss=0.0647 train_acc=0.9763 val_loss=0.0708 val_acc=0.9660 lr=0.070933 time=1.1s
2026-07-02 06:00:52,041  INFO  Vehicle_Primary epoch=030 train_loss=0.0567 train_acc=0.9803 val_loss=0.0548 val_acc=0.9800 lr=0.069134 time=1.1s
2026-07-02 06:00:53,197  INFO  Vehicle_Primary epoch=031 train_loss=0.0527 train_acc=0.9815 val_loss=0.0695 val_acc=0.9720 lr=0.067306 time=1.2s
2026-07-02 06:00:54,346  INFO  Vehicle_Primary epoch=032 train_loss=0.0533 train_acc=0.9795 val_loss=0.0544 val_acc=0.9750 lr=0.065451 time=1.1s
2026-07-02 06:00:55,498  INFO  Vehicle_Primary epoch=033 train_loss=0.0519 train_acc=0.9798 val_loss=0.0592 val_acc=0.9740 lr=0.063572 time=1.2s
2026-07-02 06:00:56,647  INFO  Vehicle_Primary epoch=034 train_loss=0.0359 train_acc=0.9871 val_loss=0.0832 val_acc=0.9690 lr=0.061672 time=1.1s
2026-07-02 06:00:57,796  INFO  Vehicle_Primary epoch=035 train_loss=0.0537 train_acc=0.9816 val_loss=0.0493 val_acc=0.9770 lr=0.059755 time=1.1s
2026-07-02 06:00:58,944  INFO  Vehicle_Primary epoch=036 train_loss=0.0411 train_acc=0.9856 val_loss=0.0554 val_acc=0.9780 lr=0.057822 time=1.1s
2026-07-02 06:01:00,095  INFO  Vehicle_Primary epoch=037 train_loss=0.0401 train_acc=0.9846 val_loss=0.0467 val_acc=0.9810 lr=0.055877 time=1.2s
2026-07-02 06:01:01,254  INFO  Vehicle_Primary epoch=038 train_loss=0.0396 train_acc=0.9846 val_loss=0.0706 val_acc=0.9750 lr=0.053923 time=1.2s
2026-07-02 06:01:02,406  INFO  Vehicle_Primary epoch=039 train_loss=0.0345 train_acc=0.9868 val_loss=0.0653 val_acc=0.9740 lr=0.051963 time=1.2s
2026-07-02 06:01:03,559  INFO  Vehicle_Primary epoch=040 train_loss=0.0317 train_acc=0.9889 val_loss=0.0898 val_acc=0.9700 lr=0.050000 time=1.2s
2026-07-02 06:01:04,709  INFO  Vehicle_Primary epoch=041 train_loss=0.0320 train_acc=0.9891 val_loss=0.0711 val_acc=0.9750 lr=0.048037 time=1.1s
2026-07-02 06:01:05,860  INFO  Vehicle_Primary epoch=042 train_loss=0.0280 train_acc=0.9896 val_loss=0.0652 val_acc=0.9750 lr=0.046077 time=1.2s
2026-07-02 06:01:07,010  INFO  Vehicle_Primary epoch=043 train_loss=0.0279 train_acc=0.9902 val_loss=0.0552 val_acc=0.9790 lr=0.044123 time=1.2s
2026-07-02 06:01:08,162  INFO  Vehicle_Primary epoch=044 train_loss=0.0246 train_acc=0.9906 val_loss=0.0695 val_acc=0.9740 lr=0.042178 time=1.2s
2026-07-02 06:01:09,311  INFO  Vehicle_Primary epoch=045 train_loss=0.0224 train_acc=0.9919 val_loss=0.0597 val_acc=0.9790 lr=0.040245 time=1.1s
2026-07-02 06:01:09,311  INFO  Vehicle_Primary early stopping at epoch=45; best_epoch=37
2026-07-02 06:01:09,315  INFO  Vehicle_Primary best validation accuracy=0.9810 at epoch=37
2026-07-02 06:01:09,380  INFO  Vehicle_Primary energy threshold=1.0811, scale=2.5795, val_accept=0.9600
2026-07-02 06:01:19,361  INFO  Animal_Primary epoch=001 train_loss=2.3658 train_acc=0.2776 val_loss=1.9527 val_acc=0.1720 lr=0.099961 time=9.9s
2026-07-02 06:01:20,849  INFO  Animal_Primary epoch=002 train_loss=1.6700 train_acc=0.3078 val_loss=1.8692 val_acc=0.1897 lr=0.099846 time=1.5s
2026-07-02 06:01:22,331  INFO  Animal_Primary epoch=003 train_loss=1.6245 train_acc=0.3240 val_loss=1.8391 val_acc=0.2097 lr=0.099653 time=1.5s
2026-07-02 06:01:23,812  INFO  Animal_Primary epoch=004 train_loss=1.5635 train_acc=0.3575 val_loss=1.9010 val_acc=0.2193 lr=0.099384 time=1.5s
2026-07-02 06:01:25,288  INFO  Animal_Primary epoch=005 train_loss=1.5440 train_acc=0.3664 val_loss=1.7618 val_acc=0.2520 lr=0.099039 time=1.5s
2026-07-02 06:01:26,765  INFO  Animal_Primary epoch=006 train_loss=1.5140 train_acc=0.3712 val_loss=1.7140 val_acc=0.2593 lr=0.098618 time=1.5s
2026-07-02 06:01:28,241  INFO  Animal_Primary epoch=007 train_loss=1.4811 train_acc=0.3890 val_loss=1.6308 val_acc=0.3113 lr=0.098123 time=1.5s
2026-07-02 06:01:29,715  INFO  Animal_Primary epoch=008 train_loss=1.4662 train_acc=0.4012 val_loss=1.7143 val_acc=0.2740 lr=0.097553 time=1.5s
2026-07-02 06:01:31,182  INFO  Animal_Primary epoch=009 train_loss=1.4235 train_acc=0.4122 val_loss=1.5522 val_acc=0.3410 lr=0.096910 time=1.5s
2026-07-02 06:01:32,652  INFO  Animal_Primary epoch=010 train_loss=1.3949 train_acc=0.4293 val_loss=1.6029 val_acc=0.3647 lr=0.096194 time=1.5s
2026-07-02 06:01:34,124  INFO  Animal_Primary epoch=011 train_loss=1.3530 train_acc=0.4522 val_loss=1.5875 val_acc=0.3897 lr=0.095407 time=1.5s
2026-07-02 06:01:35,595  INFO  Animal_Primary epoch=012 train_loss=1.3169 train_acc=0.4754 val_loss=1.4612 val_acc=0.4180 lr=0.094550 time=1.5s
2026-07-02 06:01:37,068  INFO  Animal_Primary epoch=013 train_loss=1.2702 train_acc=0.4925 val_loss=1.4794 val_acc=0.4390 lr=0.093625 time=1.5s
2026-07-02 06:01:38,539  INFO  Animal_Primary epoch=014 train_loss=1.2314 train_acc=0.5106 val_loss=1.4904 val_acc=0.4253 lr=0.092632 time=1.5s
2026-07-02 06:01:39,999  INFO  Animal_Primary epoch=015 train_loss=1.1957 train_acc=0.5291 val_loss=1.2693 val_acc=0.5073 lr=0.091573 time=1.5s
2026-07-02 06:01:41,469  INFO  Animal_Primary epoch=016 train_loss=1.1482 train_acc=0.5476 val_loss=1.3442 val_acc=0.4873 lr=0.090451 time=1.5s
2026-07-02 06:01:42,933  INFO  Animal_Primary epoch=017 train_loss=1.0985 train_acc=0.5730 val_loss=1.3132 val_acc=0.5013 lr=0.089266 time=1.5s
2026-07-02 06:01:44,397  INFO  Animal_Primary epoch=018 train_loss=1.0628 train_acc=0.5859 val_loss=1.2173 val_acc=0.5340 lr=0.088020 time=1.5s
2026-07-02 06:01:45,867  INFO  Animal_Primary epoch=019 train_loss=1.0174 train_acc=0.6059 val_loss=1.1042 val_acc=0.5677 lr=0.086716 time=1.5s
2026-07-02 06:01:47,335  INFO  Animal_Primary epoch=020 train_loss=0.9783 train_acc=0.6209 val_loss=1.2679 val_acc=0.5377 lr=0.085355 time=1.5s
2026-07-02 06:01:48,797  INFO  Animal_Primary epoch=021 train_loss=0.9426 train_acc=0.6425 val_loss=1.4594 val_acc=0.5143 lr=0.083940 time=1.5s
2026-07-02 06:01:50,258  INFO  Animal_Primary epoch=022 train_loss=0.9080 train_acc=0.6580 val_loss=1.3266 val_acc=0.5650 lr=0.082472 time=1.5s
2026-07-02 06:01:51,718  INFO  Animal_Primary epoch=023 train_loss=0.8813 train_acc=0.6641 val_loss=1.3793 val_acc=0.5090 lr=0.080955 time=1.5s
2026-07-02 06:01:53,179  INFO  Animal_Primary epoch=024 train_loss=0.8434 train_acc=0.6773 val_loss=1.6276 val_acc=0.4863 lr=0.079389 time=1.5s
2026-07-02 06:01:54,640  INFO  Animal_Primary epoch=025 train_loss=0.8158 train_acc=0.6944 val_loss=1.0730 val_acc=0.6117 lr=0.077779 time=1.5s
2026-07-02 06:01:56,109  INFO  Animal_Primary epoch=026 train_loss=0.7728 train_acc=0.7154 val_loss=0.9062 val_acc=0.6683 lr=0.076125 time=1.5s
2026-07-02 06:01:57,575  INFO  Animal_Primary epoch=027 train_loss=0.7420 train_acc=0.7250 val_loss=0.9795 val_acc=0.6353 lr=0.074431 time=1.5s
2026-07-02 06:01:59,037  INFO  Animal_Primary epoch=028 train_loss=0.7125 train_acc=0.7374 val_loss=1.0590 val_acc=0.6320 lr=0.072700 time=1.5s
2026-07-02 06:02:00,500  INFO  Animal_Primary epoch=029 train_loss=0.6785 train_acc=0.7537 val_loss=1.1006 val_acc=0.6090 lr=0.070933 time=1.5s
2026-07-02 06:02:01,964  INFO  Animal_Primary epoch=030 train_loss=0.6494 train_acc=0.7539 val_loss=1.1440 val_acc=0.6247 lr=0.069134 time=1.5s
2026-07-02 06:02:03,426  INFO  Animal_Primary epoch=031 train_loss=0.6185 train_acc=0.7718 val_loss=0.9849 val_acc=0.6740 lr=0.067306 time=1.5s
2026-07-02 06:02:04,894  INFO  Animal_Primary epoch=032 train_loss=0.5943 train_acc=0.7795 val_loss=0.8665 val_acc=0.6920 lr=0.065451 time=1.5s
2026-07-02 06:02:06,360  INFO  Animal_Primary epoch=033 train_loss=0.5623 train_acc=0.7965 val_loss=0.8939 val_acc=0.6890 lr=0.063572 time=1.5s
2026-07-02 06:02:07,826  INFO  Animal_Primary epoch=034 train_loss=0.5350 train_acc=0.8036 val_loss=1.0200 val_acc=0.6527 lr=0.061672 time=1.5s
2026-07-02 06:02:09,285  INFO  Animal_Primary epoch=035 train_loss=0.5007 train_acc=0.8200 val_loss=0.7831 val_acc=0.7287 lr=0.059755 time=1.5s
2026-07-02 06:02:10,754  INFO  Animal_Primary epoch=036 train_loss=0.4952 train_acc=0.8187 val_loss=0.9194 val_acc=0.6853 lr=0.057822 time=1.5s
2026-07-02 06:02:12,214  INFO  Animal_Primary epoch=037 train_loss=0.4644 train_acc=0.8351 val_loss=1.0383 val_acc=0.6743 lr=0.055877 time=1.5s
2026-07-02 06:02:13,671  INFO  Animal_Primary epoch=038 train_loss=0.4392 train_acc=0.8410 val_loss=1.0385 val_acc=0.6797 lr=0.053923 time=1.5s
2026-07-02 06:02:15,132  INFO  Animal_Primary epoch=039 train_loss=0.4191 train_acc=0.8490 val_loss=0.9058 val_acc=0.7013 lr=0.051963 time=1.5s
2026-07-02 06:02:16,590  INFO  Animal_Primary epoch=040 train_loss=0.3960 train_acc=0.8579 val_loss=1.0562 val_acc=0.6897 lr=0.050000 time=1.5s
2026-07-02 06:02:18,049  INFO  Animal_Primary epoch=041 train_loss=0.3725 train_acc=0.8661 val_loss=0.7406 val_acc=0.7543 lr=0.048037 time=1.5s
2026-07-02 06:02:19,520  INFO  Animal_Primary epoch=042 train_loss=0.3476 train_acc=0.8745 val_loss=0.7481 val_acc=0.7677 lr=0.046077 time=1.5s
2026-07-02 06:02:20,986  INFO  Animal_Primary epoch=043 train_loss=0.3237 train_acc=0.8826 val_loss=0.8639 val_acc=0.7293 lr=0.044123 time=1.5s
2026-07-02 06:02:22,447  INFO  Animal_Primary epoch=044 train_loss=0.2928 train_acc=0.8946 val_loss=1.2614 val_acc=0.6647 lr=0.042178 time=1.5s
2026-07-02 06:02:23,909  INFO  Animal_Primary epoch=045 train_loss=0.2992 train_acc=0.8936 val_loss=0.8726 val_acc=0.7413 lr=0.040245 time=1.5s
2026-07-02 06:02:25,369  INFO  Animal_Primary epoch=046 train_loss=0.2655 train_acc=0.9028 val_loss=0.8339 val_acc=0.7613 lr=0.038328 time=1.5s
2026-07-02 06:02:26,828  INFO  Animal_Primary epoch=047 train_loss=0.2481 train_acc=0.9107 val_loss=0.8691 val_acc=0.7490 lr=0.036428 time=1.5s
2026-07-02 06:02:28,289  INFO  Animal_Primary epoch=048 train_loss=0.2265 train_acc=0.9176 val_loss=0.8376 val_acc=0.7673 lr=0.034549 time=1.5s
2026-07-02 06:02:29,749  INFO  Animal_Primary epoch=049 train_loss=0.2107 train_acc=0.9247 val_loss=0.7929 val_acc=0.7700 lr=0.032694 time=1.5s
2026-07-02 06:02:31,216  INFO  Animal_Primary epoch=050 train_loss=0.1922 train_acc=0.9331 val_loss=0.7841 val_acc=0.7733 lr=0.030866 time=1.5s
2026-07-02 06:02:32,684  INFO  Animal_Primary epoch=051 train_loss=0.1730 train_acc=0.9384 val_loss=0.7465 val_acc=0.7977 lr=0.029067 time=1.5s
2026-07-02 06:02:34,152  INFO  Animal_Primary epoch=052 train_loss=0.1519 train_acc=0.9472 val_loss=0.7830 val_acc=0.7950 lr=0.027300 time=1.5s
2026-07-02 06:02:35,613  INFO  Animal_Primary epoch=053 train_loss=0.1429 train_acc=0.9503 val_loss=0.7057 val_acc=0.8013 lr=0.025569 time=1.5s
2026-07-02 06:02:37,080  INFO  Animal_Primary epoch=054 train_loss=0.1198 train_acc=0.9597 val_loss=0.8288 val_acc=0.7767 lr=0.023875 time=1.5s
2026-07-02 06:02:38,543  INFO  Animal_Primary epoch=055 train_loss=0.1174 train_acc=0.9568 val_loss=0.8367 val_acc=0.7907 lr=0.022221 time=1.5s
2026-07-02 06:02:40,005  INFO  Animal_Primary epoch=056 train_loss=0.1012 train_acc=0.9662 val_loss=0.7844 val_acc=0.7987 lr=0.020611 time=1.5s
2026-07-02 06:02:41,467  INFO  Animal_Primary epoch=057 train_loss=0.0864 train_acc=0.9712 val_loss=0.8519 val_acc=0.7870 lr=0.019045 time=1.5s
2026-07-02 06:02:42,928  INFO  Animal_Primary epoch=058 train_loss=0.0818 train_acc=0.9705 val_loss=0.8073 val_acc=0.8057 lr=0.017528 time=1.5s
2026-07-02 06:02:44,401  INFO  Animal_Primary epoch=059 train_loss=0.0646 train_acc=0.9771 val_loss=0.8755 val_acc=0.7920 lr=0.016060 time=1.5s
2026-07-02 06:02:45,863  INFO  Animal_Primary epoch=060 train_loss=0.0634 train_acc=0.9796 val_loss=0.7840 val_acc=0.8110 lr=0.014645 time=1.5s
2026-07-02 06:02:47,330  INFO  Animal_Primary epoch=061 train_loss=0.0557 train_acc=0.9825 val_loss=0.7563 val_acc=0.8153 lr=0.013284 time=1.5s
2026-07-02 06:02:48,797  INFO  Animal_Primary epoch=062 train_loss=0.0358 train_acc=0.9909 val_loss=0.7570 val_acc=0.8173 lr=0.011980 time=1.5s
2026-07-02 06:02:50,265  INFO  Animal_Primary epoch=063 train_loss=0.0315 train_acc=0.9907 val_loss=0.7224 val_acc=0.8173 lr=0.010734 time=1.5s
2026-07-02 06:02:51,727  INFO  Animal_Primary epoch=064 train_loss=0.0276 train_acc=0.9930 val_loss=0.6998 val_acc=0.8323 lr=0.009549 time=1.5s
2026-07-02 06:02:53,196  INFO  Animal_Primary epoch=065 train_loss=0.0224 train_acc=0.9931 val_loss=0.7515 val_acc=0.8303 lr=0.008427 time=1.5s
2026-07-02 06:02:54,658  INFO  Animal_Primary epoch=066 train_loss=0.0171 train_acc=0.9965 val_loss=0.7340 val_acc=0.8240 lr=0.007368 time=1.5s
2026-07-02 06:02:56,124  INFO  Animal_Primary epoch=067 train_loss=0.0158 train_acc=0.9966 val_loss=0.7409 val_acc=0.8263 lr=0.006375 time=1.5s
2026-07-02 06:02:57,586  INFO  Animal_Primary epoch=068 train_loss=0.0133 train_acc=0.9975 val_loss=0.7383 val_acc=0.8277 lr=0.005450 time=1.5s
2026-07-02 06:02:59,048  INFO  Animal_Primary epoch=069 train_loss=0.0128 train_acc=0.9979 val_loss=0.7021 val_acc=0.8323 lr=0.004593 time=1.5s
2026-07-02 06:03:00,510  INFO  Animal_Primary epoch=070 train_loss=0.0110 train_acc=0.9981 val_loss=0.7323 val_acc=0.8280 lr=0.003806 time=1.5s
2026-07-02 06:03:01,974  INFO  Animal_Primary epoch=071 train_loss=0.0090 train_acc=0.9989 val_loss=0.7101 val_acc=0.8370 lr=0.003090 time=1.5s
2026-07-02 06:03:03,442  INFO  Animal_Primary epoch=072 train_loss=0.0090 train_acc=0.9989 val_loss=0.7233 val_acc=0.8323 lr=0.002447 time=1.5s
2026-07-02 06:03:04,905  INFO  Animal_Primary epoch=073 train_loss=0.0087 train_acc=0.9983 val_loss=0.7095 val_acc=0.8367 lr=0.001877 time=1.5s
2026-07-02 06:03:06,369  INFO  Animal_Primary epoch=074 train_loss=0.0087 train_acc=0.9986 val_loss=0.7216 val_acc=0.8340 lr=0.001382 time=1.5s
2026-07-02 06:03:07,833  INFO  Animal_Primary epoch=075 train_loss=0.0064 train_acc=0.9997 val_loss=0.7137 val_acc=0.8363 lr=0.000961 time=1.5s
2026-07-02 06:03:09,294  INFO  Animal_Primary epoch=076 train_loss=0.0070 train_acc=0.9995 val_loss=0.7368 val_acc=0.8343 lr=0.000616 time=1.5s
2026-07-02 06:03:10,758  INFO  Animal_Primary epoch=077 train_loss=0.0075 train_acc=0.9990 val_loss=0.7611 val_acc=0.8293 lr=0.000347 time=1.5s
2026-07-02 06:03:12,222  INFO  Animal_Primary epoch=078 train_loss=0.0079 train_acc=0.9990 val_loss=0.7153 val_acc=0.8320 lr=0.000154 time=1.5s
2026-07-02 06:03:13,685  INFO  Animal_Primary epoch=079 train_loss=0.0074 train_acc=0.9991 val_loss=0.7185 val_acc=0.8343 lr=0.000039 time=1.5s
2026-07-02 06:03:13,685  INFO  Animal_Primary early stopping at epoch=79; best_epoch=71
2026-07-02 06:03:13,689  INFO  Animal_Primary best validation accuracy=0.8370 at epoch=71
2026-07-02 06:03:13,874  INFO  Animal_Primary energy threshold=4.1653, scale=3.5879, val_accept=0.9593
2026-07-02 06:03:18,388  INFO  Rare_Fallback epoch=001 train_loss=5.8497 train_acc=0.5635 val_loss=4686.7930 val_acc=0.5000 lr=0.099961 time=4.5s
2026-07-02 06:03:18,605  INFO  Rare_Fallback epoch=002 train_loss=1.0372 train_acc=0.5606 val_loss=46.2454 val_acc=0.5190 lr=0.099846 time=0.2s
2026-07-02 06:03:18,821  INFO  Rare_Fallback epoch=003 train_loss=0.6676 train_acc=0.6111 val_loss=3.7829 val_acc=0.5000 lr=0.099653 time=0.2s
2026-07-02 06:03:19,026  INFO  Rare_Fallback epoch=004 train_loss=0.8662 train_acc=0.4947 val_loss=0.8597 val_acc=0.5700 lr=0.099384 time=0.2s
2026-07-02 06:03:19,236  INFO  Rare_Fallback epoch=005 train_loss=0.6694 train_acc=0.6217 val_loss=0.7048 val_acc=0.5570 lr=0.099039 time=0.2s
2026-07-02 06:03:19,439  INFO  Rare_Fallback epoch=006 train_loss=0.6616 train_acc=0.6392 val_loss=0.6376 val_acc=0.6060 lr=0.098618 time=0.2s
2026-07-02 06:03:19,650  INFO  Rare_Fallback epoch=007 train_loss=0.6565 train_acc=0.6169 val_loss=0.6391 val_acc=0.6980 lr=0.098123 time=0.2s
2026-07-02 06:03:19,861  INFO  Rare_Fallback epoch=008 train_loss=0.6810 train_acc=0.6208 val_loss=1.4133 val_acc=0.5000 lr=0.097553 time=0.2s
2026-07-02 06:03:20,065  INFO  Rare_Fallback epoch=009 train_loss=0.7941 train_acc=0.5984 val_loss=0.7083 val_acc=0.5760 lr=0.096910 time=0.2s
2026-07-02 06:03:20,271  INFO  Rare_Fallback epoch=010 train_loss=0.6594 train_acc=0.6363 val_loss=0.6085 val_acc=0.6390 lr=0.096194 time=0.2s
2026-07-02 06:03:20,475  INFO  Rare_Fallback epoch=011 train_loss=0.6463 train_acc=0.6052 val_loss=0.6779 val_acc=0.5620 lr=0.095407 time=0.2s
2026-07-02 06:03:20,679  INFO  Rare_Fallback epoch=012 train_loss=0.5948 train_acc=0.6625 val_loss=0.5944 val_acc=0.7090 lr=0.094550 time=0.2s
2026-07-02 06:03:20,890  INFO  Rare_Fallback epoch=013 train_loss=0.5584 train_acc=0.7177 val_loss=0.5378 val_acc=0.7410 lr=0.093625 time=0.2s
2026-07-02 06:03:21,100  INFO  Rare_Fallback epoch=014 train_loss=0.5290 train_acc=0.7371 val_loss=0.5164 val_acc=0.7650 lr=0.092632 time=0.2s
2026-07-02 06:03:21,310  INFO  Rare_Fallback epoch=015 train_loss=0.5118 train_acc=0.7371 val_loss=0.5985 val_acc=0.6980 lr=0.091573 time=0.2s
2026-07-02 06:03:21,514  INFO  Rare_Fallback epoch=016 train_loss=0.5796 train_acc=0.6954 val_loss=0.5709 val_acc=0.7290 lr=0.090451 time=0.2s
2026-07-02 06:03:21,718  INFO  Rare_Fallback epoch=017 train_loss=0.5638 train_acc=0.6974 val_loss=1.6979 val_acc=0.5180 lr=0.089266 time=0.2s
2026-07-02 06:03:21,922  INFO  Rare_Fallback epoch=018 train_loss=0.5860 train_acc=0.6896 val_loss=0.6043 val_acc=0.6460 lr=0.088020 time=0.2s
2026-07-02 06:03:22,126  INFO  Rare_Fallback epoch=019 train_loss=0.5303 train_acc=0.7216 val_loss=0.5987 val_acc=0.7000 lr=0.086716 time=0.2s
2026-07-02 06:03:22,331  INFO  Rare_Fallback epoch=020 train_loss=0.4903 train_acc=0.7507 val_loss=0.4979 val_acc=0.7640 lr=0.085355 time=0.2s
2026-07-02 06:03:22,535  INFO  Rare_Fallback epoch=021 train_loss=0.4834 train_acc=0.7789 val_loss=0.7272 val_acc=0.7380 lr=0.083940 time=0.2s
2026-07-02 06:03:22,740  INFO  Rare_Fallback epoch=022 train_loss=0.5765 train_acc=0.6867 val_loss=0.8326 val_acc=0.6410 lr=0.082472 time=0.2s
2026-07-02 06:03:22,740  INFO  Rare_Fallback early stopping at epoch=22; best_epoch=14
2026-07-02 06:03:22,743  INFO  Rare_Fallback best validation accuracy=0.7650 at epoch=14
2026-07-02 06:03:22,808  INFO  Rare_Fallback energy threshold=0.6886, scale=0.4626, val_accept=0.9570
2026-07-02 06:03:22,811  INFO  Evaluating v2 router on CIFAR10 known test
2026-07-02 06:04:24,951  INFO  v2 route: exp0_in=0.9753, all_reject=0.0018, known_accept=0.9735
2026-07-02 06:04:24,951  INFO  Evaluating v2 router on SVHN OOD test
2026-07-02 06:04:53,978  INFO  v2 route: exp0_in=0.9720, all_reject=0.0002, known_accept=0.9717
2026-07-02 06:04:53,980  INFO  Known accuracy=0.5539, macro-F1=0.5388; SVHN OOD detect=0.0283 (exp0=0.0280, all_reject=0.0002)
2026-07-02 06:04:55,968  INFO  Results: results/20260702_055744_411286_pid3427_cifar10_svhn_resnet18_v2
