2026-04-24 07:29:46,692 INFO     Results dir : results/dce_20260424_072946
2026-04-24 07:29:46,692 INFO     Arguments   : {'datasets': ['cifar100tasks'], 'cic_pkl': 'data/cic2017_proc.pkl', 'unsw_pkl': 'data/unswnb15_proc.pkl', 'n_estimators': 200, 'max_depth': 6, 'learning_rate': 0.1, 'xgb_subsample': 0.8, 'colsample_bytree': 0.8, 'tail_power': 2.0, 'n_pseudo_per_class': 300, 'router_C': 1.0, 'imbalance_factor': 100, 'subsample_train': None, 'c100_n_tasks': 10, 'c100_n_balanced': 5, 'c100_ir_medium': 50, 'c100_ir_hard': 100, 'c100_pca': 256, 'tree_method': 'hist', 'device': 'cuda', 'seed': 42}
2026-04-24 07:29:46,692 INFO     XGBoost ver : 3.2.0
2026-04-24 07:29:46,692 INFO     
############################################################
2026-04-24 07:29:46,692 INFO     # Dataset: cifar100tasks
2026-04-24 07:29:46,692 INFO     ############################################################
2026-04-24 07:30:07,214 INFO     CIFAR-100 task structure:
2026-04-24 07:30:07,214 INFO       Task  0 [balanced    ] classes   0-  9  counts: 500–500  total=5000
2026-04-24 07:30:07,214 INFO       Task  1 [balanced    ] classes  10- 19  counts: 500–500  total=5000
2026-04-24 07:30:07,215 INFO       Task  2 [balanced    ] classes  20- 29  counts: 500–500  total=5000
2026-04-24 07:30:07,215 INFO       Task  3 [balanced    ] classes  30- 39  counts: 500–500  total=5000
2026-04-24 07:30:07,215 INFO       Task  4 [balanced    ] classes  40- 49  counts: 500–500  total=5000
2026-04-24 07:30:07,215 INFO       Task  5 [IR=50       ] classes  50- 59  counts: 10–500  total=1394
2026-04-24 07:30:07,215 INFO       Task  6 [IR=50       ] classes  60- 69  counts: 10–500  total=1394
2026-04-24 07:30:07,215 INFO       Task  7 [IR=100      ] classes  70- 79  counts: 5–500  total=1236
2026-04-24 07:30:07,215 INFO       Task  8 [IR=100      ] classes  80- 89  counts: 5–500  total=1236
2026-04-24 07:30:07,215 INFO       Task  9 [IR=100      ] classes  90- 99  counts: 5–500  total=1236
2026-04-24 07:30:07,215 INFO       Total train: 31496
2026-04-24 07:30:07,293 INFO     Applying PCA(256)...
2026-04-24 07:30:13,922 INFO     Task regimes (train split counts):
2026-04-24 07:30:13,922 INFO       Task  0 [balanced    ] classes   0-  9  min=400 max=400 total=4000
2026-04-24 07:30:13,922 INFO       Task  1 [balanced    ] classes  10- 19  min=400 max=400 total=4000
2026-04-24 07:30:13,923 INFO       Task  2 [balanced    ] classes  20- 29  min=400 max=400 total=4000
2026-04-24 07:30:13,923 INFO       Task  3 [balanced    ] classes  30- 39  min=400 max=400 total=4000
2026-04-24 07:30:13,923 INFO       Task  4 [balanced    ] classes  40- 49  min=400 max=400 total=4000
2026-04-24 07:30:13,923 INFO       Task  5 [IR=50       ] classes  50- 59  min=8 max=400 total=1115
2026-04-24 07:30:13,923 INFO       Task  6 [IR=50       ] classes  60- 69  min=8 max=400 total=1115
2026-04-24 07:30:13,923 INFO       Task  7 [IR=100      ] classes  70- 79  min=4 max=400 total=989
2026-04-24 07:30:13,924 INFO       Task  8 [IR=100      ] classes  80- 89  min=4 max=400 total=988
2026-04-24 07:30:13,924 INFO       Task  9 [IR=100      ] classes  90- 99  min=4 max=400 total=989
2026-04-24 07:30:13,924 INFO     
============================================================
2026-04-24 07:30:13,924 INFO     Dataset : cifar100tasks
2026-04-24 07:30:13,924 INFO     Train   : (25196, 256)  Val: (6300, 256)  Test: (10000, 256)
2026-04-24 07:30:13,924 INFO     Classes : 100
2026-04-24 07:30:13,925 INFO       apple: train=400
2026-04-24 07:30:13,925 INFO       aquarium_fish: train=400
2026-04-24 07:30:13,925 INFO       baby: train=400
2026-04-24 07:30:13,925 INFO       bear: train=400
2026-04-24 07:30:13,925 INFO       beaver: train=400
2026-04-24 07:30:13,925 INFO       bed: train=400
2026-04-24 07:30:13,925 INFO       bee: train=400
2026-04-24 07:30:13,925 INFO       beetle: train=400
2026-04-24 07:30:13,925 INFO       bicycle: train=400
2026-04-24 07:30:13,925 INFO       bottle: train=400
2026-04-24 07:30:13,926 INFO       bowl: train=400
2026-04-24 07:30:13,926 INFO       boy: train=400
2026-04-24 07:30:13,926 INFO       bridge: train=400
2026-04-24 07:30:13,926 INFO       bus: train=400
2026-04-24 07:30:13,926 INFO       butterfly: train=400
2026-04-24 07:30:13,926 INFO       camel: train=400
2026-04-24 07:30:13,926 INFO       can: train=400
2026-04-24 07:30:13,926 INFO       castle: train=400
2026-04-24 07:30:13,926 INFO       caterpillar: train=400
2026-04-24 07:30:13,926 INFO       cattle: train=400
2026-04-24 07:30:13,926 INFO       chair: train=400
2026-04-24 07:30:13,926 INFO       chimpanzee: train=400
2026-04-24 07:30:13,927 INFO       clock: train=400
2026-04-24 07:30:13,927 INFO       cloud: train=400
2026-04-24 07:30:13,927 INFO       cockroach: train=400
2026-04-24 07:30:13,927 INFO       couch: train=400
2026-04-24 07:30:13,927 INFO       crab: train=400
2026-04-24 07:30:13,927 INFO       crocodile: train=400
2026-04-24 07:30:13,927 INFO       cup: train=400
2026-04-24 07:30:13,927 INFO       dinosaur: train=400
2026-04-24 07:30:13,927 INFO       dolphin: train=400
2026-04-24 07:30:13,927 INFO       elephant: train=400
2026-04-24 07:30:13,927 INFO       flatfish: train=400
2026-04-24 07:30:13,927 INFO       forest: train=400
2026-04-24 07:30:13,928 INFO       fox: train=400
2026-04-24 07:30:13,928 INFO       girl: train=400
2026-04-24 07:30:13,928 INFO       hamster: train=400
2026-04-24 07:30:13,928 INFO       house: train=400
2026-04-24 07:30:13,928 INFO       kangaroo: train=400
2026-04-24 07:30:13,928 INFO       keyboard: train=400
2026-04-24 07:30:13,928 INFO       lamp: train=400
2026-04-24 07:30:13,928 INFO       lawn_mower: train=400
2026-04-24 07:30:13,928 INFO       leopard: train=400
2026-04-24 07:30:13,928 INFO       lion: train=400
2026-04-24 07:30:13,928 INFO       lizard: train=400
2026-04-24 07:30:13,928 INFO       lobster: train=400
2026-04-24 07:30:13,929 INFO       man: train=400
2026-04-24 07:30:13,929 INFO       maple_tree: train=400
2026-04-24 07:30:13,929 INFO       motorcycle: train=400
2026-04-24 07:30:13,929 INFO       mountain: train=400
2026-04-24 07:30:13,929 INFO       mouse: train=400
2026-04-24 07:30:13,929 INFO       mushroom: train=258
2026-04-24 07:30:13,929 INFO       oak_tree: train=167
2026-04-24 07:30:13,929 INFO       orange: train=108
2026-04-24 07:30:13,929 INFO       orchid: train=70
2026-04-24 07:30:13,929 INFO       otter: train=45
2026-04-24 07:30:13,929 INFO       palm_tree: train=29
2026-04-24 07:30:13,929 INFO       pear: train=18
2026-04-24 07:30:13,930 INFO       pickup_truck: train=12
2026-04-24 07:30:13,930 INFO       pine_tree: train=8
2026-04-24 07:30:13,930 INFO       plain: train=400
2026-04-24 07:30:13,930 INFO       plate: train=258
2026-04-24 07:30:13,930 INFO       poppy: train=167
2026-04-24 07:30:13,930 INFO       porcupine: train=108
2026-04-24 07:30:13,930 INFO       possum: train=70
2026-04-24 07:30:13,930 INFO       rabbit: train=45
2026-04-24 07:30:13,930 INFO       raccoon: train=29
2026-04-24 07:30:13,930 INFO       ray: train=18
2026-04-24 07:30:13,930 INFO       road: train=12
2026-04-24 07:30:13,930 INFO       rocket: train=8
2026-04-24 07:30:13,931 INFO       rose: train=400
2026-04-24 07:30:13,931 INFO       sea: train=239
2026-04-24 07:30:13,931 INFO       seal: train=143
2026-04-24 07:30:13,931 INFO       shark: train=86
2026-04-24 07:30:13,931 INFO       shrew: train=51
2026-04-24 07:30:13,931 INFO       skunk: train=30
2026-04-24 07:30:13,931 INFO       skyscraper: train=18
2026-04-24 07:30:13,931 INFO       snail: train=11
2026-04-24 07:30:13,931 INFO       snake: train=7
2026-04-24 07:30:13,931 INFO       spider: train=4
2026-04-24 07:30:13,931 INFO       squirrel: train=400
2026-04-24 07:30:13,932 INFO       streetcar: train=239
2026-04-24 07:30:13,932 INFO       sunflower: train=143
2026-04-24 07:30:13,932 INFO       sweet_pepper: train=86
2026-04-24 07:30:13,932 INFO       table: train=51
2026-04-24 07:30:13,932 INFO       tank: train=30
2026-04-24 07:30:13,932 INFO       telephone: train=18
2026-04-24 07:30:13,932 INFO       television: train=10
2026-04-24 07:30:13,932 INFO       tiger: train=7
2026-04-24 07:30:13,932 INFO       tractor: train=4
2026-04-24 07:30:13,932 INFO       train: train=400
2026-04-24 07:30:13,932 INFO       trout: train=239
2026-04-24 07:30:13,932 INFO       tulip: train=143
2026-04-24 07:30:13,933 INFO       turtle: train=86
2026-04-24 07:30:13,933 INFO       wardrobe: train=51
2026-04-24 07:30:13,933 INFO       whale: train=30
2026-04-24 07:30:13,933 INFO       willow_tree: train=18
2026-04-24 07:30:13,933 INFO       wolf: train=11
2026-04-24 07:30:13,933 INFO       woman: train=7
2026-04-24 07:30:13,933 INFO       worm: train=4
2026-04-24 07:30:13,933 INFO     
[Baseline] Training XGBoost...
2026-04-24 07:30:40,593 INFO     [Baseline] Trained in 26.7s
2026-04-24 07:30:40,862 INFO     [Baseline] macro-F1  = 0.1514
2026-04-24 07:30:40,862 INFO     [Baseline] wt-avg-F1 = 0.1514
2026-04-24 07:30:40,862 INFO     
[DCE-XGB] Training...
2026-04-24 07:30:40,863 INFO       [DCE] Training three XGBoost experts...
2026-04-24 07:31:07,908 INFO         Expert 'head' done.
2026-04-24 07:31:34,357 INFO         Expert 'balanced' done.
2026-04-24 07:32:00,250 INFO         Expert 'tail' done.
2026-04-24 07:32:00,251 INFO       [DCE] Computing affinity matrix on val set...
2026-04-24 07:32:01,090 INFO         class 0: best=head aff=[0.600, 0.580, 0.580]
2026-04-24 07:32:01,090 INFO         class 1: best=head aff=[0.430, 0.430, 0.400]
2026-04-24 07:32:01,090 INFO         class 2: best=head aff=[0.220, 0.180, 0.190]
2026-04-24 07:32:01,090 INFO         class 3: best=head aff=[0.140, 0.090, 0.100]
2026-04-24 07:32:01,090 INFO         class 4: best=head aff=[0.230, 0.190, 0.150]
2026-04-24 07:32:01,090 INFO         class 5: best=balanced aff=[0.280, 0.290, 0.230]
2026-04-24 07:32:01,090 INFO         class 6: best=balanced aff=[0.210, 0.220, 0.210]
2026-04-24 07:32:01,090 INFO         class 7: best=balanced aff=[0.260, 0.310, 0.240]
2026-04-24 07:32:01,090 INFO         class 8: best=balanced aff=[0.230, 0.320, 0.300]
2026-04-24 07:32:01,090 INFO         class 9: best=balanced aff=[0.230, 0.260, 0.250]
2026-04-24 07:32:01,090 INFO         class 10: best=balanced aff=[0.160, 0.200, 0.120]
2026-04-24 07:32:01,090 INFO         class 11: best=balanced aff=[0.090, 0.130, 0.080]
2026-04-24 07:32:01,090 INFO         class 12: best=tail aff=[0.310, 0.260, 0.320]
2026-04-24 07:32:01,090 INFO         class 13: best=tail aff=[0.160, 0.170, 0.210]
2026-04-24 07:32:01,090 INFO         class 14: best=balanced aff=[0.160, 0.180, 0.080]
2026-04-24 07:32:01,090 INFO         class 15: best=head aff=[0.090, 0.060, 0.080]
2026-04-24 07:32:01,090 INFO         class 16: best=head aff=[0.270, 0.220, 0.210]
2026-04-24 07:32:01,090 INFO         class 17: best=balanced aff=[0.440, 0.470, 0.440]
2026-04-24 07:32:01,090 INFO         class 18: best=head aff=[0.290, 0.280, 0.240]
2026-04-24 07:32:01,090 INFO         class 19: best=balanced aff=[0.090, 0.130, 0.110]
2026-04-24 07:32:01,090 INFO         class 20: best=balanced aff=[0.670, 0.710, 0.630]
2026-04-24 07:32:01,090 INFO         class 21: best=head aff=[0.510, 0.500, 0.400]
2026-04-24 07:32:01,090 INFO         class 22: best=tail aff=[0.270, 0.270, 0.290]
2026-04-24 07:32:01,090 INFO         class 23: best=head aff=[0.620, 0.590, 0.560]
2026-04-24 07:32:01,090 INFO         class 24: best=tail aff=[0.550, 0.560, 0.570]
2026-04-24 07:32:01,090 INFO         class 25: best=tail aff=[0.070, 0.060, 0.080]
2026-04-24 07:32:01,090 INFO         class 26: best=balanced aff=[0.170, 0.220, 0.180]
2026-04-24 07:32:01,090 INFO         class 27: best=head aff=[0.230, 0.200, 0.230]
2026-04-24 07:32:01,090 INFO         class 28: best=head aff=[0.390, 0.380, 0.360]
2026-04-24 07:32:01,090 INFO         class 29: best=head aff=[0.210, 0.200, 0.180]
2026-04-24 07:32:01,090 INFO         class 30: best=balanced aff=[0.670, 0.680, 0.580]
2026-04-24 07:32:01,090 INFO         class 31: best=balanced aff=[0.170, 0.200, 0.140]
2026-04-24 07:32:01,090 INFO         class 32: best=head aff=[0.110, 0.110, 0.110]
2026-04-24 07:32:01,090 INFO         class 33: best=head aff=[0.420, 0.400, 0.340]
2026-04-24 07:32:01,090 INFO         class 34: best=head aff=[0.190, 0.130, 0.140]
2026-04-24 07:32:01,091 INFO         class 35: best=balanced aff=[0.130, 0.220, 0.140]
2026-04-24 07:32:01,091 INFO         class 36: best=head aff=[0.340, 0.320, 0.270]
2026-04-24 07:32:01,091 INFO         class 37: best=balanced aff=[0.170, 0.190, 0.180]
2026-04-24 07:32:01,091 INFO         class 38: best=head aff=[0.240, 0.170, 0.200]
2026-04-24 07:32:01,091 INFO         class 39: best=head aff=[0.280, 0.240, 0.190]
2026-04-24 07:32:01,091 INFO         class 40: best=head aff=[0.260, 0.250, 0.210]
2026-04-24 07:32:01,091 INFO         class 41: best=tail aff=[0.620, 0.650, 0.660]
2026-04-24 07:32:01,091 INFO         class 42: best=balanced aff=[0.230, 0.250, 0.160]
2026-04-24 07:32:01,091 INFO         class 43: best=head aff=[0.310, 0.250, 0.200]
2026-04-24 07:32:01,091 INFO         class 44: best=tail aff=[0.160, 0.090, 0.180]
2026-04-24 07:32:01,091 INFO         class 45: best=balanced aff=[0.100, 0.140, 0.140]
2026-04-24 07:32:01,091 INFO         class 46: best=head aff=[0.090, 0.070, 0.060]
2026-04-24 07:32:01,091 INFO         class 47: best=head aff=[0.500, 0.490, 0.450]
2026-04-24 07:32:01,091 INFO         class 48: best=head aff=[0.350, 0.340, 0.330]
2026-04-24 07:32:01,091 INFO         class 49: best=head aff=[0.440, 0.420, 0.440]
2026-04-24 07:32:01,091 INFO         class 50: best=head aff=[0.100, 0.080, 0.080]
2026-04-24 07:32:01,091 INFO         class 51: best=head aff=[0.154, 0.092, 0.108]
2026-04-24 07:32:01,091 INFO         class 52: best=balanced aff=[0.476, 0.500, 0.429]
2026-04-24 07:32:01,091 INFO         class 53: best=balanced aff=[0.333, 0.407, 0.296]
2026-04-24 07:32:01,091 INFO         class 54: best=head aff=[0.059, 0.059, 0.059]
2026-04-24 07:32:01,091 INFO         class 55: best=head aff=[0.000, 0.000, 0.000]
2026-04-24 07:32:01,091 INFO         class 56: best=head aff=[0.000, 0.000, 0.000]
2026-04-24 07:32:01,091 INFO         class 57: best=head aff=[0.000, 0.000, 0.000]
2026-04-24 07:32:01,091 INFO         class 58: best=head aff=[0.000, 0.000, 0.000]
2026-04-24 07:32:01,091 INFO         class 59: best=head aff=[0.000, 0.000, 0.000]
2026-04-24 07:32:01,091 INFO         class 60: best=balanced aff=[0.630, 0.690, 0.640]
2026-04-24 07:32:01,091 INFO         class 61: best=head aff=[0.354, 0.338, 0.277]
2026-04-24 07:32:01,091 INFO         class 62: best=head aff=[0.167, 0.143, 0.095]
2026-04-24 07:32:01,091 INFO         class 63: best=balanced aff=[0.000, 0.074, 0.074]
2026-04-24 07:32:01,091 INFO         class 64: best=head aff=[0.000, 0.000, 0.000]
2026-04-24 07:32:01,091 INFO         class 65: best=head aff=[0.000, 0.000, 0.000]
2026-04-24 07:32:01,091 INFO         class 66: best=head aff=[0.000, 0.000, 0.000]
2026-04-24 07:32:01,091 INFO         class 67: best=head aff=[0.000, 0.000, 0.000]
2026-04-24 07:32:01,091 INFO         class 68: best=head aff=[0.000, 0.000, 0.000]
2026-04-24 07:32:01,091 INFO         class 69: best=head aff=[0.000, 0.000, 0.000]
2026-04-24 07:32:01,091 INFO         class 70: best=balanced aff=[0.370, 0.410, 0.390]
2026-04-24 07:32:01,091 INFO         class 71: best=head aff=[0.250, 0.233, 0.250]
2026-04-24 07:32:01,091 INFO         class 72: best=tail aff=[0.000, 0.000, 0.028]
2026-04-24 07:32:01,091 INFO         class 73: best=head aff=[0.190, 0.095, 0.095]
2026-04-24 07:32:01,091 INFO         class 74: best=head aff=[0.000, 0.000, 0.000]
2026-04-24 07:32:01,091 INFO         class 75: best=head aff=[0.000, 0.000, 0.000]
2026-04-24 07:32:01,091 INFO         class 76: best=head aff=[0.000, 0.000, 0.000]
2026-04-24 07:32:01,091 INFO         class 77: best=head aff=[0.000, 0.000, 0.000]
2026-04-24 07:32:01,091 INFO         class 78: best=head aff=[0.000, 0.000, 0.000]
2026-04-24 07:32:01,091 INFO         class 79: best=head aff=[0.000, 0.000, 0.000]
2026-04-24 07:32:01,091 INFO         class 80: best=tail aff=[0.150, 0.170, 0.180]
2026-04-24 07:32:01,091 INFO         class 81: best=head aff=[0.067, 0.067, 0.067]
2026-04-24 07:32:01,091 INFO         class 82: best=balanced aff=[0.333, 0.417, 0.306]
2026-04-24 07:32:01,091 INFO         class 83: best=head aff=[0.000, 0.000, 0.000]
2026-04-24 07:32:01,091 INFO         class 84: best=head aff=[0.000, 0.000, 0.000]
2026-04-24 07:32:01,091 INFO         class 85: best=head aff=[0.000, 0.000, 0.000]
2026-04-24 07:32:01,091 INFO         class 86: best=head aff=[0.000, 0.000, 0.000]
2026-04-24 07:32:01,091 INFO         class 87: best=head aff=[0.000, 0.000, 0.000]
2026-04-24 07:32:01,091 INFO         class 88: best=head aff=[0.000, 0.000, 0.000]
2026-04-24 07:32:01,091 INFO         class 89: best=head aff=[0.000, 0.000, 0.000]
2026-04-24 07:32:01,091 INFO         class 90: best=balanced aff=[0.110, 0.130, 0.110]
2026-04-24 07:32:01,091 INFO         class 91: best=balanced aff=[0.317, 0.350, 0.300]
2026-04-24 07:32:01,091 INFO         class 92: best=balanced aff=[0.056, 0.083, 0.028]
2026-04-24 07:32:01,091 INFO         class 93: best=tail aff=[0.000, 0.000, 0.048]
2026-04-24 07:32:01,091 INFO         class 94: best=balanced aff=[0.000, 0.308, 0.231]
2026-04-24 07:32:01,091 INFO         class 95: best=head aff=[0.000, 0.000, 0.000]
2026-04-24 07:32:01,091 INFO         class 96: best=head aff=[0.000, 0.000, 0.000]
2026-04-24 07:32:01,091 INFO         class 97: best=head aff=[0.000, 0.000, 0.000]
2026-04-24 07:32:01,091 INFO         class 98: best=head aff=[0.000, 0.000, 0.000]
2026-04-24 07:32:01,091 INFO         class 99: best=head aff=[0.000, 0.000, 0.000]
2026-04-24 07:32:01,091 INFO       [DCE] Building Gaussian pseudo-dataset for router...
2026-04-24 07:32:23,958 INFO       [DCE] Training Dynamic Expert Selector (LogisticRegression)...
2026-04-24 07:32:24,219 INFO       [DCE] Router trained.
2026-04-24 07:32:24,219 INFO     [DCE-XGB] Trained in 103.4s
2026-04-24 07:32:24,599 INFO     [DCE-XGB] macro-F1  = 0.1614
2026-04-24 07:32:24,599 INFO     [DCE-XGB] wt-avg-F1 = 0.1614
2026-04-24 07:32:24,599 INFO     [Delta]   macro-F1 DCE - Base = +0.0099
2026-04-24 07:32:24,599 INFO     
Per-class F1 comparison (Baseline vs DCE-XGB):
2026-04-24 07:32:24,599 INFO       apple                 support=    100  f1(B)=0.3906  f1(M)=0.3721  delta=-0.0185
2026-04-24 07:32:24,599 INFO       aquarium_fish         support=    100  f1(B)=0.3130  f1(M)=0.3129  delta=-0.0002
2026-04-24 07:32:24,599 INFO       baby                  support=    100  f1(B)=0.1575  f1(M)=0.1912  delta=+0.0337
2026-04-24 07:32:24,599 INFO       bear                  support=    100  f1(B)=0.0726  f1(M)=0.0677  delta=-0.0049
2026-04-24 07:32:24,599 INFO       beaver                support=    100  f1(B)=0.1250  f1(M)=0.1238  delta=-0.0012
2026-04-24 07:32:24,599 INFO       bed                   support=    100  f1(B)=0.2074  f1(M)=0.1649  delta=-0.0425
2026-04-24 07:32:24,599 INFO       bee                   support=    100  f1(B)=0.2066  f1(M)=0.2553  delta=+0.0487
2026-04-24 07:32:24,599 INFO       beetle                support=    100  f1(B)=0.2249  f1(M)=0.2447  delta=+0.0198
2026-04-24 07:32:24,599 INFO       bicycle               support=    100  f1(B)=0.1923  f1(M)=0.2314  delta=+0.0391
2026-04-24 07:32:24,599 INFO       bottle                support=    100  f1(B)=0.3158  f1(M)=0.3000  delta=-0.0158
2026-04-24 07:32:24,599 INFO       bowl                  support=    100  f1(B)=0.1393  f1(M)=0.1300  delta=-0.0093
2026-04-24 07:32:24,599 INFO       boy                   support=    100  f1(B)=0.0978  f1(M)=0.1358  delta=+0.0380
2026-04-24 07:32:24,599 INFO       bridge                support=    100  f1(B)=0.2086  f1(M)=0.2198  delta=+0.0111
2026-04-24 07:32:24,599 INFO       bus                   support=    100  f1(B)=0.1909  f1(M)=0.1923  delta=+0.0014
2026-04-24 07:32:24,599 INFO       butterfly             support=    100  f1(B)=0.1860  f1(M)=0.1990  delta=+0.0130
2026-04-24 07:32:24,599 INFO       camel                 support=    100  f1(B)=0.0800  f1(M)=0.1089  delta=+0.0289
2026-04-24 07:32:24,599 INFO       can                   support=    100  f1(B)=0.2723  f1(M)=0.2447  delta=-0.0276
2026-04-24 07:32:24,599 INFO       castle                support=    100  f1(B)=0.2653  f1(M)=0.2637  delta=-0.0016
2026-04-24 07:32:24,599 INFO       caterpillar           support=    100  f1(B)=0.2222  f1(M)=0.2444  delta=+0.0222
2026-04-24 07:32:24,599 INFO       cattle                support=    100  f1(B)=0.1000  f1(M)=0.1294  delta=+0.0294
2026-04-24 07:32:24,599 INFO       chair                 support=    100  f1(B)=0.4286  f1(M)=0.4203  delta=-0.0082
2026-04-24 07:32:24,599 INFO       chimpanzee            support=    100  f1(B)=0.2552  f1(M)=0.2586  delta=+0.0034
2026-04-24 07:32:24,599 INFO       clock                 support=    100  f1(B)=0.1991  f1(M)=0.2490  delta=+0.0498
2026-04-24 07:32:24,600 INFO       cloud                 support=    100  f1(B)=0.3750  f1(M)=0.3766  delta=+0.0016
2026-04-24 07:32:24,600 INFO       cockroach             support=    100  f1(B)=0.4082  f1(M)=0.4300  delta=+0.0219
2026-04-24 07:32:24,600 INFO       couch                 support=    100  f1(B)=0.1592  f1(M)=0.1326  delta=-0.0266
2026-04-24 07:32:24,600 INFO       crab                  support=    100  f1(B)=0.1154  f1(M)=0.1221  delta=+0.0067
2026-04-24 07:32:24,600 INFO       crocodile             support=    100  f1(B)=0.1304  f1(M)=0.1299  delta=-0.0005
2026-04-24 07:32:24,600 INFO       cup                   support=    100  f1(B)=0.4253  f1(M)=0.4055  delta=-0.0198
2026-04-24 07:32:24,600 INFO       dinosaur              support=    100  f1(B)=0.2234  f1(M)=0.2258  delta=+0.0025
2026-04-24 07:32:24,600 INFO       dolphin               support=    100  f1(B)=0.2645  f1(M)=0.2846  delta=+0.0200
2026-04-24 07:32:24,600 INFO       elephant              support=    100  f1(B)=0.1205  f1(M)=0.1235  delta=+0.0030
2026-04-24 07:32:24,600 INFO       flatfish              support=    100  f1(B)=0.1530  f1(M)=0.1647  delta=+0.0117
2026-04-24 07:32:24,600 INFO       forest                support=    100  f1(B)=0.1994  f1(M)=0.2197  delta=+0.0203
2026-04-24 07:32:24,600 INFO       fox                   support=    100  f1(B)=0.1345  f1(M)=0.1376  delta=+0.0032
2026-04-24 07:32:24,600 INFO       girl                  support=    100  f1(B)=0.1148  f1(M)=0.1015  delta=-0.0133
2026-04-24 07:32:24,600 INFO       hamster               support=    100  f1(B)=0.2074  f1(M)=0.2172  delta=+0.0098
2026-04-24 07:32:24,600 INFO       house                 support=    100  f1(B)=0.1362  f1(M)=0.1128  delta=-0.0234
2026-04-24 07:32:24,600 INFO       kangaroo              support=    100  f1(B)=0.1077  f1(M)=0.1046  delta=-0.0031
2026-04-24 07:32:24,600 INFO       keyboard              support=    100  f1(B)=0.2754  f1(M)=0.2622  delta=-0.0132
2026-04-24 07:32:24,600 INFO       lamp                  support=    100  f1(B)=0.2708  f1(M)=0.2455  delta=-0.0254
2026-04-24 07:32:24,600 INFO       lawn_mower            support=    100  f1(B)=0.5192  f1(M)=0.5429  delta=+0.0236
2026-04-24 07:32:24,600 INFO       leopard               support=    100  f1(B)=0.1143  f1(M)=0.1151  delta=+0.0008
2026-04-24 07:32:24,600 INFO       lion                  support=    100  f1(B)=0.1667  f1(M)=0.2033  delta=+0.0366
2026-04-24 07:32:24,600 INFO       lizard                support=    100  f1(B)=0.0803  f1(M)=0.1087  delta=+0.0284
2026-04-24 07:32:24,600 INFO       lobster               support=    100  f1(B)=0.1333  f1(M)=0.1619  delta=+0.0286
2026-04-24 07:32:24,600 INFO       man                   support=    100  f1(B)=0.0973  f1(M)=0.1579  delta=+0.0606
2026-04-24 07:32:24,600 INFO       maple_tree            support=    100  f1(B)=0.3052  f1(M)=0.2943  delta=-0.0109
2026-04-24 07:32:24,600 INFO       motorcycle            support=    100  f1(B)=0.3028  f1(M)=0.3133  delta=+0.0105
2026-04-24 07:32:24,600 INFO       mountain              support=    100  f1(B)=0.2509  f1(M)=0.3034  delta=+0.0526
2026-04-24 07:32:24,600 INFO       mouse                 support=    100  f1(B)=0.0759  f1(M)=0.1030  delta=+0.0271
2026-04-24 07:32:24,600 INFO       mushroom              support=    100  f1(B)=0.1538  f1(M)=0.1685  delta=+0.0147
2026-04-24 07:32:24,600 INFO       oak_tree              support=    100  f1(B)=0.4000  f1(M)=0.4444  delta=+0.0444
2026-04-24 07:32:24,600 INFO       orange                support=    100  f1(B)=0.3185  f1(M)=0.4302  delta=+0.1118
2026-04-24 07:32:24,600 INFO       orchid                support=    100  f1(B)=0.0192  f1(M)=0.0000  delta=-0.0192
2026-04-24 07:32:24,600 INFO       otter                 support=    100  f1(B)=0.0000  f1(M)=0.0000  delta=+0.0000
2026-04-24 07:32:24,600 INFO       palm_tree             support=    100  f1(B)=0.0000  f1(M)=0.0196  delta=+0.0196
2026-04-24 07:32:24,600 INFO       pear                  support=    100  f1(B)=0.0000  f1(M)=0.0000  delta=+0.0000
2026-04-24 07:32:24,600 INFO       pickup_truck          support=    100  f1(B)=0.0000  f1(M)=0.0000  delta=+0.0000
2026-04-24 07:32:24,600 INFO       pine_tree             support=    100  f1(B)=0.0000  f1(M)=0.0000  delta=+0.0000
2026-04-24 07:32:24,600 INFO       plain                 support=    100  f1(B)=0.6172  f1(M)=0.6204  delta=+0.0032
2026-04-24 07:32:24,600 INFO       plate                 support=    100  f1(B)=0.3563  f1(M)=0.4277  delta=+0.0714
2026-04-24 07:32:24,600 INFO       poppy                 support=    100  f1(B)=0.3312  f1(M)=0.2803  delta=-0.0510
2026-04-24 07:32:24,600 INFO       porcupine             support=    100  f1(B)=0.0561  f1(M)=0.0755  delta=+0.0194
2026-04-24 07:32:24,600 INFO       possum                support=    100  f1(B)=0.0000  f1(M)=0.0000  delta=+0.0000
2026-04-24 07:32:24,600 INFO       rabbit                support=    100  f1(B)=0.0000  f1(M)=0.0000  delta=+0.0000
2026-04-24 07:32:24,600 INFO       raccoon               support=    100  f1(B)=0.0000  f1(M)=0.0000  delta=+0.0000
2026-04-24 07:32:24,600 INFO       ray                   support=    100  f1(B)=0.0000  f1(M)=0.0000  delta=+0.0000
2026-04-24 07:32:24,600 INFO       road                  support=    100  f1(B)=0.0000  f1(M)=0.0000  delta=+0.0000
2026-04-24 07:32:24,600 INFO       rocket                support=    100  f1(B)=0.0000  f1(M)=0.0000  delta=+0.0000
2026-04-24 07:32:24,600 INFO       rose                  support=    100  f1(B)=0.3221  f1(M)=0.3510  delta=+0.0288
2026-04-24 07:32:24,600 INFO       sea                   support=    100  f1(B)=0.3953  f1(M)=0.4278  delta=+0.0325
2026-04-24 07:32:24,600 INFO       seal                  support=    100  f1(B)=0.0000  f1(M)=0.0000  delta=+0.0000
2026-04-24 07:32:24,600 INFO       shark                 support=    100  f1(B)=0.1026  f1(M)=0.1846  delta=+0.0821
2026-04-24 07:32:24,600 INFO       shrew                 support=    100  f1(B)=0.0000  f1(M)=0.0000  delta=+0.0000
2026-04-24 07:32:24,600 INFO       skunk                 support=    100  f1(B)=0.0000  f1(M)=0.0198  delta=+0.0198
2026-04-24 07:32:24,600 INFO       skyscraper            support=    100  f1(B)=0.0000  f1(M)=0.0000  delta=+0.0000
2026-04-24 07:32:24,600 INFO       snail                 support=    100  f1(B)=0.0000  f1(M)=0.0000  delta=+0.0000
2026-04-24 07:32:24,600 INFO       snake                 support=    100  f1(B)=0.0000  f1(M)=0.0000  delta=+0.0000
2026-04-24 07:32:24,600 INFO       spider                support=    100  f1(B)=0.0000  f1(M)=0.0000  delta=+0.0000
2026-04-24 07:32:24,600 INFO       squirrel              support=    100  f1(B)=0.0700  f1(M)=0.0767  delta=+0.0067
2026-04-24 07:32:24,600 INFO       streetcar             support=    100  f1(B)=0.0348  f1(M)=0.0690  delta=+0.0342
2026-04-24 07:32:24,600 INFO       sunflower             support=    100  f1(B)=0.4678  f1(M)=0.5325  delta=+0.0647
2026-04-24 07:32:24,600 INFO       sweet_pepper          support=    100  f1(B)=0.0192  f1(M)=0.0187  delta=-0.0005
2026-04-24 07:32:24,600 INFO       table                 support=    100  f1(B)=0.0000  f1(M)=0.0000  delta=+0.0000
2026-04-24 07:32:24,600 INFO       tank                  support=    100  f1(B)=0.0000  f1(M)=0.0000  delta=+0.0000
2026-04-24 07:32:24,600 INFO       telephone             support=    100  f1(B)=0.0196  f1(M)=0.0198  delta=+0.0002
2026-04-24 07:32:24,600 INFO       television            support=    100  f1(B)=0.0000  f1(M)=0.0000  delta=+0.0000
2026-04-24 07:32:24,600 INFO       tiger                 support=    100  f1(B)=0.0000  f1(M)=0.0000  delta=+0.0000
2026-04-24 07:32:24,600 INFO       tractor               support=    100  f1(B)=0.0000  f1(M)=0.0000  delta=+0.0000
2026-04-24 07:32:24,600 INFO       train                 support=    100  f1(B)=0.1390  f1(M)=0.1660  delta=+0.0270
2026-04-24 07:32:24,600 INFO       trout                 support=    100  f1(B)=0.3810  f1(M)=0.3750  delta=-0.0060
2026-04-24 07:32:24,600 INFO       tulip                 support=    100  f1(B)=0.0893  f1(M)=0.0342  delta=-0.0551
2026-04-24 07:32:24,600 INFO       turtle                support=    100  f1(B)=0.0000  f1(M)=0.0000  delta=+0.0000
2026-04-24 07:32:24,600 INFO       wardrobe              support=    100  f1(B)=0.0935  f1(M)=0.1964  delta=+0.1030
2026-04-24 07:32:24,600 INFO       whale                 support=    100  f1(B)=0.0196  f1(M)=0.0198  delta=+0.0002
2026-04-24 07:32:24,600 INFO       willow_tree           support=    100  f1(B)=0.0000  f1(M)=0.0000  delta=+0.0000
2026-04-24 07:32:24,600 INFO       wolf                  support=    100  f1(B)=0.0196  f1(M)=0.0198  delta=+0.0002
2026-04-24 07:32:24,600 INFO       woman                 support=    100  f1(B)=0.0000  f1(M)=0.0000  delta=+0.0000
2026-04-24 07:32:24,600 INFO       worm                  support=    100  f1(B)=0.0000  f1(M)=0.0000  delta=+0.0000
2026-04-24 07:32:24,600 INFO       [macro avg      ] support=  10000  f1(B)=0.1514  f1(M)=0.1614  delta=+0.0099
2026-04-24 07:32:24,600 INFO       [weighted avg   ] support=  10000  f1(B)=0.1514  f1(M)=0.1614  delta=+0.0099
2026-04-24 07:32:24,602 INFO     
CSV saved: results/dce_20260424_072946/cifar100tasks_baseline_vs_dce.csv
2026-04-24 07:32:26,061 INFO     PNG saved: results/dce_20260424_072946/cifar100tasks_baseline_vs_dce.png
2026-04-24 07:32:26,063 INFO     Affinity CSV saved: results/dce_20260424_072946/cifar100tasks_expert_affinity.csv
2026-04-24 07:32:26,638 INFO     
============================================================
2026-04-24 07:32:26,640 INFO     SUMMARY
2026-04-24 07:32:26,643 INFO     ============================================================
2026-04-24 07:32:26,645 INFO       cifar100tasks  baseline=0.1514  dce=0.1614  delta=+0.0099
2026-04-24 07:32:26,652 INFO     
Summary CSV: results/dce_20260424_072946/summary.csv
2026-04-24 07:32:26,652 INFO     
Done.
