2026-04-10 00:41:27,337 [INFO] XGBoost device: cpu
2026-04-10 00:41:27,338 [INFO] random_split=True
2026-04-10 00:41:27,339 [INFO] CSV split config: attack=episode 6:2:2, normal=chronological 6:2:2
2026-04-10 00:41:27,339 [INFO] Loading [1/8]: Friday-WorkingHours-Afternoon-DDos.pcap_ISCX.csv
2026-04-10 00:41:29,701 [INFO] Loading [2/8]: Friday-WorkingHours-Afternoon-PortScan.pcap_ISCX.csv
2026-04-10 00:41:32,473 [INFO] Loading [3/8]: Friday-WorkingHours-Morning.pcap_ISCX.csv
2026-04-10 00:41:34,418 [INFO] Loading [4/8]: Monday-WorkingHours.pcap_ISCX.csv
2026-04-10 00:41:39,133 [INFO] Loading [5/8]: Thursday-WorkingHours-Afternoon-Infilteration.pcap_ISCX.csv
2026-04-10 00:41:41,348 [INFO] Loading [6/8]: Thursday-WorkingHours-Morning-WebAttacks.pcap_ISCX.csv
2026-04-10 00:41:42,722 [INFO] Loading [7/8]: Tuesday-WorkingHours.pcap_ISCX.csv
2026-04-10 00:41:46,422 [INFO] Loading [8/8]: Wednesday-workingHours.pcap_ISCX.csv
2026-04-10 00:41:52,389 [INFO] Per-file split rows | Friday-WorkingHours-Afternoon-DDos.pcap_ISCX.csv: train=135445, val=45150, test=45146
2026-04-10 00:41:52,390 [INFO] Per-file split rows | Friday-WorkingHours-Afternoon-PortScan.pcap_ISCX.csv: train=171891, val=57301, test=57260
2026-04-10 00:41:52,390 [INFO] Per-file split rows | Friday-WorkingHours-Morning.pcap_ISCX.csv: train=114605, val=38202, test=38198
2026-04-10 00:41:52,390 [INFO] Per-file split rows | Monday-WorkingHours.pcap_ISCX.csv: train=317912, val=105971, test=105971
2026-04-10 00:41:52,391 [INFO] Per-file split rows | Thursday-WorkingHours-Afternoon-Infilteration.pcap_ISCX.csv: train=173151, val=57717, test=57716
2026-04-10 00:41:52,391 [INFO] Per-file split rows | Thursday-WorkingHours-Morning-WebAttacks.pcap_ISCX.csv: train=102208, val=34068, test=34070
2026-04-10 00:41:52,391 [INFO] Per-file split rows | Tuesday-WorkingHours.pcap_ISCX.csv: train=267529, val=89135, test=89044
2026-04-10 00:41:52,391 [INFO] Per-file split rows | Wednesday-workingHours.pcap_ISCX.csv: train=415098, val=138336, test=138261
2026-04-10 00:42:01,307 [INFO] Removed 8 zero-variance feature columns.
2026-04-10 00:42:02,730 [INFO] --random_split: 'split_tags' Á¦°Ĺ ˇć stratified random split »çżë
2026-04-10 00:42:02,743 [INFO] --random_split: 'timestamps' Á¦°Ĺ ˇć stratified random split »çżë
2026-04-10 00:42:04,150 [INFO] Dataset type: cic2017
2026-04-10 00:42:04,151 [INFO] X shape: (2829385, 70), num_classes: 15
2026-04-10 00:42:04,165 [INFO] Normal class IDs: [9] (['normal'])
2026-04-10 00:42:04,166 [INFO] Using stratified random split (6:2:2).
2026-04-10 00:42:07,362 [INFO] Split class coverage | missing_in_train=[] | missing_in_val=[] | missing_in_test=[]
2026-04-10 00:42:07,474 [INFO] Split sizes | train=1,697,631, val=565,877, test=565,877
2026-04-10 00:42:07,474 [INFO] 
=== Baseline Probe: val confusion matrix °č»ę ===
