2026-04-24 09:42:07,089 INFO Output dir : results/code3_20260424_094207
2026-04-24 09:42:07,089 INFO Args       : {'datasets': ['cifar10', 'cifar100'], 'n_pca': 128, 'n_estimators': 200, 'max_depth': 6, 'learning_rate': 0.1, 'subsample': 0.8, 'colsample_bytree': 0.8, 'conf_threshold': 0.05, 'w_focus': 5.0, 'router_C': 1.0, 'tree_method': 'hist', 'device': 'cpu', 'seed': 42}
2026-04-24 09:42:07,089 INFO 
============================================================
Loading CIFAR10 (PCA=128) ...
2026-04-24 09:42:42,645 INFO   cifar10: train=36000 val=12000 test=12000 PCA=128 explained=0.916
2026-04-24 09:42:42,686 INFO 
============================================================
2026-04-24 09:42:42,686 INFO Dataset : CIFAR10
2026-04-24 09:42:42,686 INFO Train=(36000, 128)  Val=(12000, 128)  Test=(12000, 128)
2026-04-24 09:42:42,686 INFO Classes : 10
2026-04-24 09:42:42,686 INFO 
[Baseline] Training ...
2026-04-24 09:43:16,531 INFO [Baseline] Done in 33.8s
2026-04-24 09:43:16,551 INFO [Baseline] macro-F1=0.4992  wt-F1=0.4992
2026-04-24 09:43:16,552 INFO 
[ConfMat-MoE] Training ...
2026-04-24 09:43:16,552 INFO   [Phase 1] Probe training ...
2026-04-24 09:43:55,263 INFO   [Phase 1] Found 1 confusion cluster(s): [10] classes each
2026-04-24 09:43:55,263 INFO     Cluster 0: classes [0, 1, 2, 3, 4, 5, 6, 7, 8, 9]
2026-04-24 09:43:55,263 INFO   [Phase 2] Training anchor expert ...
2026-04-24 09:44:28,370 INFO   [Phase 2] Training confusion expert 0 (classes [0, 1, 2, 3, 4, 5, 6, 7, 8, 9], w_focus=5.0) ...
2026-04-24 09:45:04,038 INFO   [Phase 2] 2 expert(s) trained.
2026-04-24 09:45:04,038 INFO   [Phase 3] Fitting competence routers on val ...
2026-04-24 09:45:04,722 INFO     Expert anchor      : val acc=0.5109
2026-04-24 09:45:05,674 INFO     Expert conf_0      : val acc=0.5084
2026-04-24 09:45:05,675 INFO [ConfMat-MoE] Done in 109.1s
2026-04-24 09:45:05,818 INFO [ConfMat-MoE] macro-F1=0.5066  wt-F1=0.5066
2026-04-24 09:45:05,818 INFO [Delta] macro-F1 MoE - Base = +0.0074
2026-04-24 09:45:05,818 INFO        airplane                       sup=  1200  f1(B)=0.5681  f1(M)=0.5812  Δ=+0.0131
2026-04-24 09:45:05,818 INFO        automobile                     sup=  1200  f1(B)=0.6108  f1(M)=0.6117  Δ=+0.0008
2026-04-24 09:45:05,818 INFO        bird                           sup=  1200  f1(B)=0.3587  f1(M)=0.3636  Δ=+0.0049
2026-04-24 09:45:05,818 INFO        cat                            sup=  1200  f1(B)=0.3476  f1(M)=0.3714  Δ=+0.0237
2026-04-24 09:45:05,818 INFO        deer                           sup=  1200  f1(B)=0.4273  f1(M)=0.4317  Δ=+0.0044
2026-04-24 09:45:05,818 INFO        dog                            sup=  1200  f1(B)=0.4022  f1(M)=0.4152  Δ=+0.0130
2026-04-24 09:45:05,818 INFO        frog                           sup=  1200  f1(B)=0.5508  f1(M)=0.5538  Δ=+0.0029
2026-04-24 09:45:05,818 INFO        horse                          sup=  1200  f1(B)=0.5284  f1(M)=0.5345  Δ=+0.0061
2026-04-24 09:45:05,818 INFO        ship                           sup=  1200  f1(B)=0.6376  f1(M)=0.6418  Δ=+0.0042
2026-04-24 09:45:05,818 INFO        truck                          sup=  1200  f1(B)=0.5604  f1(M)=0.5616  Δ=+0.0011
2026-04-24 09:45:05,818 INFO   [avg] macro avg                      sup= 12000  f1(B)=0.4992  f1(M)=0.5066  Δ=+0.0074
2026-04-24 09:45:05,818 INFO   [avg] weighted avg                   sup= 12000  f1(B)=0.4992  f1(M)=0.5066  Δ=+0.0074
2026-04-24 09:45:06,043 INFO Saved: results/code3_20260424_094207/CIFAR10_comparison.png
2026-04-24 09:45:06,043 INFO Saved: results/code3_20260424_094207/CIFAR10_comparison.csv
2026-04-24 09:45:06,046 INFO 
============================================================
Loading CIFAR100 (PCA=256) ...
2026-04-24 09:45:44,111 INFO   cifar100: train=36000 val=12000 test=12000 PCA=256 explained=0.960
2026-04-24 09:45:44,149 INFO 
============================================================
2026-04-24 09:45:44,149 INFO Dataset : CIFAR100
2026-04-24 09:45:44,149 INFO Train=(36000, 256)  Val=(12000, 256)  Test=(12000, 256)
2026-04-24 09:45:44,149 INFO Classes : 100
2026-04-24 09:45:44,149 INFO 
[Baseline] Training ...
2026-04-24 09:55:38,039 INFO [Baseline] Done in 593.9s
2026-04-24 09:55:38,230 INFO [Baseline] macro-F1=0.2319  wt-F1=0.2319
2026-04-24 09:55:38,230 INFO 
[ConfMat-MoE] Training ...
2026-04-24 09:55:38,230 INFO   [Phase 1] Probe training ...
2026-04-24 10:06:17,908 INFO   [Phase 1] Found 5 confusion cluster(s): [11, 62, 3, 2, 2] classes each
2026-04-24 10:06:17,908 INFO     Cluster 0: classes [0, 6, 14, 53, 54, 57, 62, 70, 82, 83, 92]
2026-04-24 10:06:17,908 INFO     Cluster 1: classes [1, 2, 3, 4, 7, 8, 11, 12, 13, 15, 17, 21, 23, 24, 27, 28, 30, 33, 34, 35, 36, 37, 38, 39, 40, 42, 43, 46, 47, 49, 51, 52, 55, 56, 58, 59, 60, 63, 64, 65, 66, 67, 68, 69, 71, 73, 74, 76, 77, 79, 80, 84, 85, 87, 88, 90, 93, 95, 96, 97, 98, 99]
2026-04-24 10:06:17,908 INFO     Cluster 2: classes [10, 22, 61]
2026-04-24 10:06:17,908 INFO     Cluster 3: classes [18, 29]
2026-04-24 10:06:17,908 INFO     Cluster 4: classes [19, 31]
2026-04-24 10:06:17,908 INFO   [Phase 2] Training anchor expert ...
2026-04-24 10:16:37,960 INFO   [Phase 2] Training confusion expert 0 (classes [0, 6, 14, 53, 54, 57, 62, 70, 82, 83, 92], w_focus=5.0) ...
